2025-03-18 20:11:40.287 - INFO - root - Logging initialized with level: DEBUG
2025-03-18 20:11:40.287 - INFO - root - Logging to file: logs\correction_tool_20250318_201140.log
2025-03-18 20:11:40.287 - INFO - root - ================================================================================
2025-03-18 20:11:40.287 - INFO - root - APPLICATION STARTING
2025-03-18 20:11:40.287 - INFO - root - Python version: 3.12.9 (main, Feb 12 2025, 14:52:31) [MSC v.1942 64 bit (AMD64)]
2025-03-18 20:11:40.287 - INFO - root - Working directory: D:\Projekte\CorrectionTool
2025-03-18 20:11:40.287 - INFO - root - Command line: main.py
2025-03-18 20:11:40.287 - INFO - root - ================================================================================
2025-03-18 20:11:40.288 - INFO - root - Ensured directory exists: data
2025-03-18 20:11:40.288 - INFO - root - Ensured directory exists: data/input
2025-03-18 20:11:40.288 - INFO - root - Ensured directory exists: data/output
2025-03-18 20:11:40.288 - INFO - root - Ensured directory exists: data/corrections
2025-03-18 20:11:40.288 - INFO - root - Ensured directory exists: data/validation
2025-03-18 20:11:40.288 - INFO - src.services.config_manager - Initializing ConfigManager
2025-03-18 20:11:40.289 - INFO - src.services.config_manager - Using config path: C:\Users\schrd\.correction_tool\config.ini
2025-03-18 20:11:40.289 - INFO - src.services.config_manager - Loading configuration from C:\Users\schrd\.correction_tool\config.ini
2025-03-18 20:11:40.293 - INFO - src.services.config_manager - Configuration loaded successfully
2025-03-18 20:11:40.295 - INFO - src.services.config_manager - Migrating configuration to consolidated structure
2025-03-18 20:11:40.295 - INFO - src.services.config_manager - Migrating Correction.default_correction_rules to Paths.correction_rules_file: D:\Projekte\CorrectionTool\data\corrections\standard_corrections.csv
2025-03-18 20:11:40.295 - INFO - src.services.config_manager - Migrating General.last_correction_file to Paths.last_correction_file: D:\Projekte\CorrectionTool\data\corrections\standard_corrections.csv
2025-03-18 20:11:40.295 - INFO - src.services.config_manager - Migrating Files.default_correction_list to Paths.correction_rules_file: D:\Projekte\CorrectionTool\data\corrections\standard_corrections.csv
2025-03-18 20:11:40.295 - INFO - src.services.config_manager - Migrating Paths.default_correction_rules to Paths.correction_rules_file: D:\Projekte\CorrectionTool\data\corrections\standard_corrections.csv
2025-03-18 20:11:40.296 - INFO - src.services.config_manager - Migrating Validation.player_list to Paths.player_list_file: D:/Projekte/CorrectionTool/data/validation/players.txt
2025-03-18 20:11:40.296 - INFO - src.services.config_manager - Migrating General.player_list_path to Paths.player_list_file: D:/Projekte/CorrectionTool/data/validation/players.txt
2025-03-18 20:11:40.296 - INFO - src.services.config_manager - Migrating Validation.chest_type_list to Paths.chest_type_list_file: D:\Projekte\CorrectionTool\data\validation\chest_types.txt
2025-03-18 20:11:40.296 - INFO - src.services.config_manager - Migrating General.chest_type_list_path to Paths.chest_type_list_file: D:\Projekte\CorrectionTool\data\validation\chest_types.txt
2025-03-18 20:11:40.296 - INFO - src.services.config_manager - Migrating Validation.source_list to Paths.source_list_file: D:\Projekte\CorrectionTool\data\validation\sources.txt
2025-03-18 20:11:40.296 - INFO - src.services.config_manager - Migrating General.source_list_path to Paths.source_list_file: D:\Projekte\CorrectionTool\data\validation\sources.txt
2025-03-18 20:11:40.297 - INFO - src.services.config_manager - Configuration migration completed
2025-03-18 20:11:40.297 - INFO - src.services.config_manager - ConfigManager initialized successfully
2025-03-18 20:11:40.297 - INFO - root - Configuration initialized
2025-03-18 20:11:40.313 - INFO - root - Setting up MainWindow
2025-03-18 20:11:40.314 - INFO - src.services.data_manager - DataManager initialized
2025-03-18 20:11:40.535 - INFO - src.ui.dashboard - Initializing Dashboard
2025-03-18 20:11:40.558 - INFO - src.ui.dashboard - Connecting Dashboard signals
2025-03-18 20:11:40.558 - WARNING - src.ui.dashboard - Correction manager not available for signal connection
2025-03-18 20:11:40.558 - INFO - src.ui.dashboard - Dashboard signals connected successfully
2025-03-18 20:11:40.558 - INFO - src.ui.dashboard - Status bar initialized from parent
2025-03-18 20:11:40.559 - INFO - src.ui.dashboard - Dashboard: Loading saved correction rules
2025-03-18 20:11:40.559 - INFO - src.ui.dashboard - Found correction file in config: D:\Projekte\CorrectionTool\data\corrections\standard_corrections.csv
2025-03-18 20:11:40.559 - INFO - src.ui.dashboard - Loading correction rules from D:\Projekte\CorrectionTool\data\corrections\standard_corrections.csv
2025-03-18 20:11:40.559 - INFO - src.services.file_parser - Parsing correction file: D:\Projekte\CorrectionTool\data\corrections\standard_corrections.csv
2025-03-18 20:11:40.559 - INFO - src.services.file_parser - Parsing CSV file: D:\Projekte\CorrectionTool\data\corrections\standard_corrections.csv
2025-03-18 20:11:40.559 - INFO - src.services.file_parser - Attempting to parse CSV with encoding: utf-8
2025-03-18 20:11:40.560 - DEBUG - src.services.file_parser - Delimiter ';' gives 1 columns
2025-03-18 20:11:40.560 - DEBUG - src.services.file_parser - Delimiter ',' gives 3 columns
2025-03-18 20:11:40.560 - DEBUG - src.services.file_parser - Delimiter '	' gives 1 columns
2025-03-18 20:11:40.560 - INFO - src.services.file_parser - Using delimiter: ',' with 3 columns
2025-03-18 20:11:40.560 - INFO - src.services.file_parser - CSV headers: ['From', 'To', 'Category']
2025-03-18 20:11:40.560 - INFO - src.services.file_parser - Found required headers (case-insensitive)
2025-03-18 20:11:40.560 - DEBUG - src.services.file_parser - Processing row 2: {'From': 'Маһоп12', 'To': 'D4rkBlizZ4rD', 'Category': 'player'}
2025-03-18 20:11:40.561 - DEBUG - src.services.file_parser - Created rule: Маһоп12 -> D4rkBlizZ4rD (category: player)
2025-03-18 20:11:40.561 - DEBUG - src.services.file_parser - Processing row 3: {'From': 'АЙ', 'To': 'D4rkBlizZ4rD', 'Category': 'player'}
2025-03-18 20:11:40.561 - DEBUG - src.services.file_parser - Created rule: АЙ -> D4rkBlizZ4rD (category: player)
2025-03-18 20:11:40.561 - DEBUG - src.services.file_parser - Processing row 4: {'From': 'Fenrir"s Chest', 'To': "Fenrir's Chest", 'Category': 'chest'}
2025-03-18 20:11:40.561 - DEBUG - src.services.file_parser - Created rule: Fenrir"s Chest -> Fenrir's Chest (category: chest)
2025-03-18 20:11:40.561 - DEBUG - src.services.file_parser - Processing row 5: {'From': 'Hermes" Store', 'To': "Hermes' Store", 'Category': 'source'}
2025-03-18 20:11:40.561 - DEBUG - src.services.file_parser - Created rule: Hermes" Store -> Hermes' Store (category: source)
2025-03-18 20:11:40.562 - DEBUG - src.services.file_parser - Processing row 6: {'From': 'VVarrior"s Chest"', 'To': "Warrior's Chest", 'Category': 'chest'}
2025-03-18 20:11:40.562 - DEBUG - src.services.file_parser - Created rule: VVarrior"s Chest" -> Warrior's Chest (category: chest)
2025-03-18 20:11:40.562 - DEBUG - src.services.file_parser - Processing row 7: {'From': 'Clan vvealth', 'To': 'Clan wealth', 'Category': 'source'}
2025-03-18 20:11:40.562 - DEBUG - src.services.file_parser - Created rule: Clan vvealth -> Clan wealth (category: source)
2025-03-18 20:11:40.562 - DEBUG - src.services.file_parser - Processing row 8: {'From': 'OsmanliTorunu', 'To': 'OsmanlıTorunu', 'Category': 'player'}
2025-03-18 20:11:40.562 - DEBUG - src.services.file_parser - Created rule: OsmanliTorunu -> OsmanlıTorunu (category: player)
2025-03-18 20:11:40.562 - DEBUG - src.services.file_parser - Processing row 9: {'From': 'Epic Ancient sguad', 'To': 'Epic Ancient squad', 'Category': 'source'}
2025-03-18 20:11:40.563 - DEBUG - src.services.file_parser - Created rule: Epic Ancient sguad -> Epic Ancient squad (category: source)
2025-03-18 20:11:40.563 - DEBUG - src.services.file_parser - Processing row 10: {'From': 'Snovvvveaver', 'To': 'Snowweaver', 'Category': 'player'}
2025-03-18 20:11:40.563 - DEBUG - src.services.file_parser - Created rule: Snovvvveaver -> Snowweaver (category: player)
2025-03-18 20:11:40.563 - DEBUG - src.services.file_parser - Processing row 11: {'From': 'Krimelmonster', 'To': 'Krümelmonster', 'Category': 'player'}
2025-03-18 20:11:40.563 - DEBUG - src.services.file_parser - Created rule: Krimelmonster -> Krümelmonster (category: player)
2025-03-18 20:11:40.563 - DEBUG - src.services.file_parser - Processing row 12: {'From': 'GUARDIENOfTHUNDER', 'To': 'GUARDIENofTHUNDER', 'Category': 'player'}
2025-03-18 20:11:40.563 - DEBUG - src.services.file_parser - Created rule: GUARDIENOfTHUNDER -> GUARDIENofTHUNDER (category: player)
2025-03-18 20:11:40.563 - DEBUG - src.services.file_parser - Processing row 13: {'From': 'Rare Chest of VVealth', 'To': 'Rare Chest of Wealth', 'Category': 'chest'}
2025-03-18 20:11:40.563 - DEBUG - src.services.file_parser - Created rule: Rare Chest of VVealth -> Rare Chest of Wealth (category: chest)
2025-03-18 20:11:40.563 - DEBUG - src.services.file_parser - Processing row 14: {'From': 'Epic Chest of Vvealth', 'To': 'Epic Chest of Wealth', 'Category': 'chest'}
2025-03-18 20:11:40.563 - DEBUG - src.services.file_parser - Created rule: Epic Chest of Vvealth -> Epic Chest of Wealth (category: chest)
2025-03-18 20:11:40.565 - DEBUG - src.services.file_parser - Processing row 15: {'From': 'Sir Nightvvoolf', 'To': 'Sir Nightwoolf', 'Category': 'player'}
2025-03-18 20:11:40.565 - DEBUG - src.services.file_parser - Created rule: Sir Nightvvoolf -> Sir Nightwoolf (category: player)
2025-03-18 20:11:40.565 - DEBUG - src.services.file_parser - Processing row 16: {'From': 'Hammerschlagi', 'To': 'Hammerschlag1', 'Category': 'player'}
2025-03-18 20:11:40.565 - DEBUG - src.services.file_parser - Created rule: Hammerschlagi -> Hammerschlag1 (category: player)
2025-03-18 20:11:40.565 - DEBUG - src.services.file_parser - Processing row 17: {'From': 'Feldjager', 'To': 'Feldjäger', 'Category': 'player'}
2025-03-18 20:11:40.566 - DEBUG - src.services.file_parser - Created rule: Feldjager -> Feldjäger (category: player)
2025-03-18 20:11:40.566 - DEBUG - src.services.file_parser - Processing row 18: {'From': 'Feldj䧥r', 'To': 'Feldjäger', 'Category': 'player'}
2025-03-18 20:11:40.566 - DEBUG - src.services.file_parser - Created rule: Feldj䧥r -> Feldjäger (category: player)
2025-03-18 20:11:40.566 - DEBUG - src.services.file_parser - Processing row 19: {'From': 'Lord Ore', 'To': 'Lord Öre', 'Category': 'player'}
2025-03-18 20:11:40.566 - DEBUG - src.services.file_parser - Created rule: Lord Ore -> Lord Öre (category: player)
2025-03-18 20:11:40.566 - DEBUG - src.services.file_parser - Processing row 20: {'From': 'Lord ֲe', 'To': 'Lord Öre', 'Category': 'player'}
2025-03-18 20:11:40.566 - DEBUG - src.services.file_parser - Created rule: Lord ֲe -> Lord Öre (category: player)
2025-03-18 20:11:40.566 - DEBUG - src.services.file_parser - Processing row 21: {'From': 'Epic Fenrir sguad', 'To': 'Epic Fenrir squad', 'Category': 'source'}
2025-03-18 20:11:40.567 - DEBUG - src.services.file_parser - Created rule: Epic Fenrir sguad -> Epic Fenrir squad (category: source)
2025-03-18 20:11:40.567 - DEBUG - src.services.file_parser - Processing row 22: {'From': 'Ouick March Chest', 'To': 'Quick March Chest', 'Category': 'chest'}
2025-03-18 20:11:40.567 - DEBUG - src.services.file_parser - Created rule: Ouick March Chest -> Quick March Chest (category: chest)
2025-03-18 20:11:40.567 - DEBUG - src.services.file_parser - Processing row 23: {'From': 'Epic Fenrir sguad', 'To': 'Epic Fenrir squad', 'Category': 'source'}
2025-03-18 20:11:40.567 - DEBUG - src.services.file_parser - Created rule: Epic Fenrir sguad -> Epic Fenrir squad (category: source)
2025-03-18 20:11:40.567 - DEBUG - src.services.file_parser - Processing row 24: {'From': 'Union of Triumph personal revvard', 'To': 'Union of Triumph personal reward', 'Category': 'source'}
2025-03-18 20:11:40.567 - DEBUG - src.services.file_parser - Created rule: Union of Triumph personal revvard -> Union of Triumph personal reward (category: source)
2025-03-18 20:11:40.568 - DEBUG - src.services.file_parser - Processing row 25: {'From': 'revvard', 'To': 'reward', 'Category': 'general'}
2025-03-18 20:11:40.568 - DEBUG - src.services.file_parser - Created rule: revvard -> reward (category: general)
2025-03-18 20:11:40.568 - DEBUG - src.services.file_parser - Processing row 26: {'From': 'sguad', 'To': 'squad', 'Category': 'general'}
2025-03-18 20:11:40.568 - DEBUG - src.services.file_parser - Created rule: sguad -> squad (category: general)
2025-03-18 20:11:40.568 - DEBUG - src.services.file_parser - Processing row 27: {'From': 'Vvealth', 'To': 'Wealth', 'Category': 'general'}
2025-03-18 20:11:40.568 - DEBUG - src.services.file_parser - Created rule: Vvealth -> Wealth (category: general)
2025-03-18 20:11:40.568 - DEBUG - src.services.file_parser - Processing row 28: {'From': 'VVealth', 'To': 'Wealth', 'Category': 'general'}
2025-03-18 20:11:40.568 - DEBUG - src.services.file_parser - Created rule: VVealth -> Wealth (category: general)
2025-03-18 20:11:40.569 - DEBUG - src.services.file_parser - Processing row 29: {'From': 'Julius Casar', 'To': 'Julius Cäsar', 'Category': 'player'}
2025-03-18 20:11:40.569 - DEBUG - src.services.file_parser - Created rule: Julius Casar -> Julius Cäsar (category: player)
2025-03-18 20:11:40.569 - DEBUG - src.services.file_parser - Processing row 30: {'From': 'Juslius C䳡r', 'To': 'Julius Cäsar', 'Category': 'player'}
2025-03-18 20:11:40.569 - DEBUG - src.services.file_parser - Created rule: Juslius C䳡r -> Julius Cäsar (category: player)
2025-03-18 20:11:40.569 - DEBUG - src.services.file_parser - Processing row 31: {'From': 'Juslius Cäsar', 'To': 'Julius Cäsar', 'Category': 'player'}
2025-03-18 20:11:40.569 - DEBUG - src.services.file_parser - Created rule: Juslius Cäsar -> Julius Cäsar (category: player)
2025-03-18 20:11:40.569 - DEBUG - src.services.file_parser - Processing row 32: {'From': 'Ancients"', 'To': "Ancients'", 'Category': 'general'}
2025-03-18 20:11:40.569 - DEBUG - src.services.file_parser - Created rule: Ancients" -> Ancients' (category: general)
2025-03-18 20:11:40.570 - DEBUG - src.services.file_parser - Processing row 33: {'From': 'Quick March Chest Chest', 'To': 'Quick March Chest', 'Category': 'chest'}
2025-03-18 20:11:40.570 - DEBUG - src.services.file_parser - Created rule: Quick March Chest Chest -> Quick March Chest (category: chest)
2025-03-18 20:11:40.570 - DEBUG - src.services.file_parser - Processing row 34: {'From': 'Union of Triumf personal reward', 'To': 'Union of Triumph personal reward', 'Category': 'general'}
2025-03-18 20:11:40.570 - DEBUG - src.services.file_parser - Created rule: Union of Triumf personal reward -> Union of Triumph personal reward (category: general)
2025-03-18 20:11:40.570 - DEBUG - src.services.file_parser - Processing row 35: {'From': 'Triumf', 'To': 'Triumph', 'Category': 'general'}
2025-03-18 20:11:40.570 - DEBUG - src.services.file_parser - Created rule: Triumf -> Triumph (category: general)
2025-03-18 20:11:40.570 - DEBUG - src.services.file_parser - Processing row 36: {'From': 'Triumfp', 'To': 'Triumph', 'Category': 'general'}
2025-03-18 20:11:40.570 - DEBUG - src.services.file_parser - Created rule: Triumfp -> Triumph (category: general)
2025-03-18 20:11:40.571 - DEBUG - src.services.file_parser - Processing row 37: {'From': 'JÃªrmungandr', 'To': 'Jormungandr', 'Category': 'general'}
2025-03-18 20:11:40.571 - DEBUG - src.services.file_parser - Created rule: JÃªrmungandr -> Jormungandr (category: general)
2025-03-18 20:11:40.571 - DEBUG - src.services.file_parser - Processing row 38: {'From': 'Jêrmungandr', 'To': 'Jormungandr', 'Category': 'general'}
2025-03-18 20:11:40.571 - DEBUG - src.services.file_parser - Created rule: Jêrmungandr -> Jormungandr (category: general)
2025-03-18 20:11:40.571 - DEBUG - src.services.file_parser - Processing row 39: {'From': 'J㪲mungandr', 'To': 'Jormungandr', 'Category': 'general'}
2025-03-18 20:11:40.571 - DEBUG - src.services.file_parser - Created rule: J㪲mungandr -> Jormungandr (category: general)
2025-03-18 20:11:40.572 - DEBUG - src.services.file_parser - Processing row 40: {'From': 'JÃ²rmungandr', 'To': 'Jormungandr', 'Category': 'general'}
2025-03-18 20:11:40.572 - DEBUG - src.services.file_parser - Created rule: JÃ²rmungandr -> Jormungandr (category: general)
2025-03-18 20:11:40.572 - DEBUG - src.services.file_parser - Processing row 41: {'From': "Jòrmungandr's", 'To': "Jormungandr's", 'Category': 'general'}
2025-03-18 20:11:40.572 - DEBUG - src.services.file_parser - Created rule: Jòrmungandr's -> Jormungandr's (category: general)
2025-03-18 20:11:40.572 - DEBUG - src.services.file_parser - Processing row 42: {'From': "JÃ²rmungandr's", 'To': "Jormungandr's", 'Category': 'general'}
2025-03-18 20:11:40.573 - DEBUG - src.services.file_parser - Created rule: JÃ²rmungandr's -> Jormungandr's (category: general)
2025-03-18 20:11:40.573 - DEBUG - src.services.file_parser - Processing row 43: {'From': 'JÃ²rmungandr Shop', 'To': 'Jormungandr Shop', 'Category': 'source'}
2025-03-18 20:11:40.573 - DEBUG - src.services.file_parser - Created rule: JÃ²rmungandr Shop -> Jormungandr Shop (category: source)
2025-03-18 20:11:40.573 - DEBUG - src.services.file_parser - Processing row 44: {'From': 'Jòrmungandr Shop', 'To': 'Jormungandr Shop', 'Category': 'source'}
2025-03-18 20:11:40.573 - DEBUG - src.services.file_parser - Created rule: Jòrmungandr Shop -> Jormungandr Shop (category: source)
2025-03-18 20:11:40.573 - DEBUG - src.services.file_parser - Processing row 45: {'From': "Jòrmungandr's Chest", 'To': "Jormungandr's Chest", 'Category': 'chest'}
2025-03-18 20:11:40.573 - DEBUG - src.services.file_parser - Created rule: Jòrmungandr's Chest -> Jormungandr's Chest (category: chest)
2025-03-18 20:11:40.574 - DEBUG - src.services.file_parser - Processing row 46: {'From': 'Epic Jêrmungandr sguad', 'To': 'Epic Jormungandr squad', 'Category': 'source'}
2025-03-18 20:11:40.574 - DEBUG - src.services.file_parser - Created rule: Epic Jêrmungandr sguad -> Epic Jormungandr squad (category: source)
2025-03-18 20:11:40.574 - INFO - src.services.file_parser - Successfully parsed 45 rules from CSV
2025-03-18 20:11:40.574 - INFO - src.services.file_parser - Successfully parsed 45 rules from D:\Projekte\CorrectionTool\data\corrections\standard_corrections.csv
2025-03-18 20:11:40.574 - INFO - src.ui.dashboard - Successfully loaded 45 correction rules
2025-03-18 20:11:40.574 - INFO - src.ui.dashboard - Setting rules in file import widget
2025-03-18 20:11:40.575 - INFO - src.ui.dashboard - Loading correction file: directly provided list of 45 rules
2025-03-18 20:11:40.575 - INFO - src.ui.dashboard - Loaded 45 correction rules
2025-03-18 20:11:40.575 - INFO - src.services.data_manager - Setting 45 correction rules in DataManager
2025-03-18 20:11:40.575 - INFO - src.services.data_manager - Emitting correction_rules_changed signal with 45 rules
2025-03-18 20:11:40.575 - INFO - src.ui.dashboard - Emitting corrections_loaded signal with 45 rules
2025-03-18 20:11:40.575 - INFO - src.ui.dashboard - Emitting correction_rules_updated signal with 45 rules
2025-03-18 20:11:40.575 - INFO - src.ui.dashboard - Dashboard: Loading saved validation lists
2025-03-18 20:11:40.575 - INFO - src.ui.dashboard - Loading validation lists from config: player=D:/Projekte/CorrectionTool/data/validation/players.txt, chest=D:\Projekte\CorrectionTool\data\validation\chest_types.txt, source=D:\Projekte\CorrectionTool\data\validation\sources.txt
2025-03-18 20:11:40.576 - INFO - src.ui.dashboard - Loading player list from: D:\Projekte\CorrectionTool\data\validation\players.txt
2025-03-18 20:11:40.576 - INFO - src.models.validation_list - Loading validation list from: D:\Projekte\CorrectionTool\data\validation\players.txt
2025-03-18 20:11:40.576 - INFO - src.models.validation_list - Loaded 94 entries from text file. First few entries: ['Alarich', 'Alexa Elly', 'Alf', 'Alisea', 'Anararad']
2025-03-18 20:11:40.576 - INFO - src.ui.dashboard - Loaded player list with 94 items
2025-03-18 20:11:40.576 - INFO - src.ui.dashboard - Loading chest type list from: D:\Projekte\CorrectionTool\data\validation\chest_types.txt
2025-03-18 20:11:40.577 - INFO - src.models.validation_list - Loading validation list from: D:\Projekte\CorrectionTool\data\validation\chest_types.txt
2025-03-18 20:11:40.577 - INFO - src.models.validation_list - Loaded 72 entries from text file. First few entries: ['Abandoned Chest', "Ancient Warrior's Chest", 'Ancient Bastion Chest', "Ancients' Chest", 'Arachne Chest']
2025-03-18 20:11:40.577 - INFO - src.ui.dashboard - Loaded chest type list with 72 items
2025-03-18 20:11:40.577 - INFO - src.ui.dashboard - Loading source list from: D:\Projekte\CorrectionTool\data\validation\sources.txt
2025-03-18 20:11:40.577 - INFO - src.models.validation_list - Loading validation list from: D:\Projekte\CorrectionTool\data\validation\sources.txt
2025-03-18 20:11:40.578 - INFO - src.models.validation_list - Loaded 82 entries from text file. First few entries: ['Level 5 Crypt', 'Level 10 Crypt', 'Level 15 Crypt', 'Level 20 Crypt', 'Level 25 Crypt']
2025-03-18 20:11:40.578 - INFO - src.ui.dashboard - Loaded source list with 82 items
2025-03-18 20:11:40.578 - INFO - src.services.data_manager - Setting 3 validation lists in DataManager
2025-03-18 20:11:40.578 - INFO - src.services.data_manager - Emitting validation_lists_changed signal with 3 lists
2025-03-18 20:11:40.578 - INFO - src.ui.dashboard - Re-emitting 3 validation lists
2025-03-18 20:11:40.579 - INFO - src.ui.dashboard - Dashboard widget is visible: False
2025-03-18 20:11:40.579 - WARNING - src.ui.dashboard - Correction manager not available for delayed emit
2025-03-18 20:11:40.579 - INFO - src.ui.dashboard - Loaded 3 validation lists from config
2025-03-18 20:11:40.579 - INFO - src.ui.dashboard - Dashboard initialized
2025-03-18 20:11:40.585 - INFO - src.ui.correction_rules_table - Initializing CorrectionRulesModel
2025-03-18 20:11:40.586 - INFO - src.ui.correction_manager_panel - Connecting rules_updated signal from table to correction_rules_updated signal
2025-03-18 20:11:40.632 - INFO - src.ui.settings_panel - Loading settings from config
2025-03-18 20:11:40.632 - INFO - src.ui.settings_panel - Loaded settings - Input Dir: data/input, Output Dir: data/output
2025-03-18 20:11:40.633 - INFO - src.ui.settings_panel - Loaded settings - Corrections Dir: D:\Projekte\CorrectionTool\data\corrections, Validation Dir: data/validation
2025-03-18 20:11:40.633 - INFO - src.ui.settings_panel - Loaded settings - Input Ext: csv, Correction Ext: csv
2025-03-18 20:11:40.633 - INFO - src.ui.settings_panel - Loaded settings - Fuzzy Match Threshold: 0.85, Strictness: normal
2025-03-18 20:11:40.638 - INFO - src.ui.main_window - Connecting MainWindow signals
2025-03-18 20:11:40.638 - INFO - src.ui.main_window - Connecting dashboard signals
2025-03-18 20:11:40.638 - INFO - src.ui.main_window - Dashboard signals connected successfully
2025-03-18 20:11:40.639 - INFO - src.ui.main_window - All signals connected successfully
2025-03-18 20:11:40.639 - INFO - src.ui.main_window - Restoring application state
2025-03-18 20:11:40.639 - INFO - src.ui.main_window - Loading initial data
2025-03-18 20:11:40.639 - INFO - src.services.data_manager - DataManager: Loading saved correction rules
2025-03-18 20:11:40.639 - INFO - src.services.data_manager - Attempting to load correction rules from: D:\Projekte\CorrectionTool\data\corrections\standard_corrections.csv
2025-03-18 20:11:40.640 - INFO - src.services.file_parser - Parsing correction file: D:\Projekte\CorrectionTool\data\corrections\standard_corrections.csv
2025-03-18 20:11:40.640 - INFO - src.services.file_parser - Parsing CSV file: D:\Projekte\CorrectionTool\data\corrections\standard_corrections.csv
2025-03-18 20:11:40.640 - INFO - src.services.file_parser - Attempting to parse CSV with encoding: utf-8
2025-03-18 20:11:40.640 - DEBUG - src.services.file_parser - Delimiter ';' gives 1 columns
2025-03-18 20:11:40.640 - DEBUG - src.services.file_parser - Delimiter ',' gives 3 columns
2025-03-18 20:11:40.641 - DEBUG - src.services.file_parser - Delimiter '	' gives 1 columns
2025-03-18 20:11:40.641 - INFO - src.services.file_parser - Using delimiter: ',' with 3 columns
2025-03-18 20:11:40.641 - INFO - src.services.file_parser - CSV headers: ['From', 'To', 'Category']
2025-03-18 20:11:40.641 - INFO - src.services.file_parser - Found required headers (case-insensitive)
2025-03-18 20:11:40.641 - DEBUG - src.services.file_parser - Processing row 2: {'From': 'Маһоп12', 'To': 'D4rkBlizZ4rD', 'Category': 'player'}
2025-03-18 20:11:40.641 - DEBUG - src.services.file_parser - Created rule: Маһоп12 -> D4rkBlizZ4rD (category: player)
2025-03-18 20:11:40.641 - DEBUG - src.services.file_parser - Processing row 3: {'From': 'АЙ', 'To': 'D4rkBlizZ4rD', 'Category': 'player'}
2025-03-18 20:11:40.641 - DEBUG - src.services.file_parser - Created rule: АЙ -> D4rkBlizZ4rD (category: player)
2025-03-18 20:11:40.642 - DEBUG - src.services.file_parser - Processing row 4: {'From': 'Fenrir"s Chest', 'To': "Fenrir's Chest", 'Category': 'chest'}
2025-03-18 20:11:40.642 - DEBUG - src.services.file_parser - Created rule: Fenrir"s Chest -> Fenrir's Chest (category: chest)
2025-03-18 20:11:40.642 - DEBUG - src.services.file_parser - Processing row 5: {'From': 'Hermes" Store', 'To': "Hermes' Store", 'Category': 'source'}
2025-03-18 20:11:40.642 - DEBUG - src.services.file_parser - Created rule: Hermes" Store -> Hermes' Store (category: source)
2025-03-18 20:11:40.642 - DEBUG - src.services.file_parser - Processing row 6: {'From': 'VVarrior"s Chest"', 'To': "Warrior's Chest", 'Category': 'chest'}
2025-03-18 20:11:40.642 - DEBUG - src.services.file_parser - Created rule: VVarrior"s Chest" -> Warrior's Chest (category: chest)
2025-03-18 20:11:40.642 - DEBUG - src.services.file_parser - Processing row 7: {'From': 'Clan vvealth', 'To': 'Clan wealth', 'Category': 'source'}
2025-03-18 20:11:40.643 - DEBUG - src.services.file_parser - Created rule: Clan vvealth -> Clan wealth (category: source)
2025-03-18 20:11:40.643 - DEBUG - src.services.file_parser - Processing row 8: {'From': 'OsmanliTorunu', 'To': 'OsmanlıTorunu', 'Category': 'player'}
2025-03-18 20:11:40.643 - DEBUG - src.services.file_parser - Created rule: OsmanliTorunu -> OsmanlıTorunu (category: player)
2025-03-18 20:11:40.643 - DEBUG - src.services.file_parser - Processing row 9: {'From': 'Epic Ancient sguad', 'To': 'Epic Ancient squad', 'Category': 'source'}
2025-03-18 20:11:40.643 - DEBUG - src.services.file_parser - Created rule: Epic Ancient sguad -> Epic Ancient squad (category: source)
2025-03-18 20:11:40.643 - DEBUG - src.services.file_parser - Processing row 10: {'From': 'Snovvvveaver', 'To': 'Snowweaver', 'Category': 'player'}
2025-03-18 20:11:40.643 - DEBUG - src.services.file_parser - Created rule: Snovvvveaver -> Snowweaver (category: player)
2025-03-18 20:11:40.643 - DEBUG - src.services.file_parser - Processing row 11: {'From': 'Krimelmonster', 'To': 'Krümelmonster', 'Category': 'player'}
2025-03-18 20:11:40.644 - DEBUG - src.services.file_parser - Created rule: Krimelmonster -> Krümelmonster (category: player)
2025-03-18 20:11:40.644 - DEBUG - src.services.file_parser - Processing row 12: {'From': 'GUARDIENOfTHUNDER', 'To': 'GUARDIENofTHUNDER', 'Category': 'player'}
2025-03-18 20:11:40.644 - DEBUG - src.services.file_parser - Created rule: GUARDIENOfTHUNDER -> GUARDIENofTHUNDER (category: player)
2025-03-18 20:11:40.644 - DEBUG - src.services.file_parser - Processing row 13: {'From': 'Rare Chest of VVealth', 'To': 'Rare Chest of Wealth', 'Category': 'chest'}
2025-03-18 20:11:40.644 - DEBUG - src.services.file_parser - Created rule: Rare Chest of VVealth -> Rare Chest of Wealth (category: chest)
2025-03-18 20:11:40.644 - DEBUG - src.services.file_parser - Processing row 14: {'From': 'Epic Chest of Vvealth', 'To': 'Epic Chest of Wealth', 'Category': 'chest'}
2025-03-18 20:11:40.645 - DEBUG - src.services.file_parser - Created rule: Epic Chest of Vvealth -> Epic Chest of Wealth (category: chest)
2025-03-18 20:11:40.645 - DEBUG - src.services.file_parser - Processing row 15: {'From': 'Sir Nightvvoolf', 'To': 'Sir Nightwoolf', 'Category': 'player'}
2025-03-18 20:11:40.645 - DEBUG - src.services.file_parser - Created rule: Sir Nightvvoolf -> Sir Nightwoolf (category: player)
2025-03-18 20:11:40.645 - DEBUG - src.services.file_parser - Processing row 16: {'From': 'Hammerschlagi', 'To': 'Hammerschlag1', 'Category': 'player'}
2025-03-18 20:11:40.645 - DEBUG - src.services.file_parser - Created rule: Hammerschlagi -> Hammerschlag1 (category: player)
2025-03-18 20:11:40.645 - DEBUG - src.services.file_parser - Processing row 17: {'From': 'Feldjager', 'To': 'Feldjäger', 'Category': 'player'}
2025-03-18 20:11:40.645 - DEBUG - src.services.file_parser - Created rule: Feldjager -> Feldjäger (category: player)
2025-03-18 20:11:40.645 - DEBUG - src.services.file_parser - Processing row 18: {'From': 'Feldj䧥r', 'To': 'Feldjäger', 'Category': 'player'}
2025-03-18 20:11:40.646 - DEBUG - src.services.file_parser - Created rule: Feldj䧥r -> Feldjäger (category: player)
2025-03-18 20:11:40.646 - DEBUG - src.services.file_parser - Processing row 19: {'From': 'Lord Ore', 'To': 'Lord Öre', 'Category': 'player'}
2025-03-18 20:11:40.646 - DEBUG - src.services.file_parser - Created rule: Lord Ore -> Lord Öre (category: player)
2025-03-18 20:11:40.646 - DEBUG - src.services.file_parser - Processing row 20: {'From': 'Lord ֲe', 'To': 'Lord Öre', 'Category': 'player'}
2025-03-18 20:11:40.646 - DEBUG - src.services.file_parser - Created rule: Lord ֲe -> Lord Öre (category: player)
2025-03-18 20:11:40.646 - DEBUG - src.services.file_parser - Processing row 21: {'From': 'Epic Fenrir sguad', 'To': 'Epic Fenrir squad', 'Category': 'source'}
2025-03-18 20:11:40.646 - DEBUG - src.services.file_parser - Created rule: Epic Fenrir sguad -> Epic Fenrir squad (category: source)
2025-03-18 20:11:40.647 - DEBUG - src.services.file_parser - Processing row 22: {'From': 'Ouick March Chest', 'To': 'Quick March Chest', 'Category': 'chest'}
2025-03-18 20:11:40.647 - DEBUG - src.services.file_parser - Created rule: Ouick March Chest -> Quick March Chest (category: chest)
2025-03-18 20:11:40.647 - DEBUG - src.services.file_parser - Processing row 23: {'From': 'Epic Fenrir sguad', 'To': 'Epic Fenrir squad', 'Category': 'source'}
2025-03-18 20:11:40.647 - DEBUG - src.services.file_parser - Created rule: Epic Fenrir sguad -> Epic Fenrir squad (category: source)
2025-03-18 20:11:40.647 - DEBUG - src.services.file_parser - Processing row 24: {'From': 'Union of Triumph personal revvard', 'To': 'Union of Triumph personal reward', 'Category': 'source'}
2025-03-18 20:11:40.647 - DEBUG - src.services.file_parser - Created rule: Union of Triumph personal revvard -> Union of Triumph personal reward (category: source)
2025-03-18 20:11:40.647 - DEBUG - src.services.file_parser - Processing row 25: {'From': 'revvard', 'To': 'reward', 'Category': 'general'}
2025-03-18 20:11:40.647 - DEBUG - src.services.file_parser - Created rule: revvard -> reward (category: general)
2025-03-18 20:11:40.647 - DEBUG - src.services.file_parser - Processing row 26: {'From': 'sguad', 'To': 'squad', 'Category': 'general'}
2025-03-18 20:11:40.648 - DEBUG - src.services.file_parser - Created rule: sguad -> squad (category: general)
2025-03-18 20:11:40.648 - DEBUG - src.services.file_parser - Processing row 27: {'From': 'Vvealth', 'To': 'Wealth', 'Category': 'general'}
2025-03-18 20:11:40.648 - DEBUG - src.services.file_parser - Created rule: Vvealth -> Wealth (category: general)
2025-03-18 20:11:40.648 - DEBUG - src.services.file_parser - Processing row 28: {'From': 'VVealth', 'To': 'Wealth', 'Category': 'general'}
2025-03-18 20:11:40.648 - DEBUG - src.services.file_parser - Created rule: VVealth -> Wealth (category: general)
2025-03-18 20:11:40.648 - DEBUG - src.services.file_parser - Processing row 29: {'From': 'Julius Casar', 'To': 'Julius Cäsar', 'Category': 'player'}
2025-03-18 20:11:40.648 - DEBUG - src.services.file_parser - Created rule: Julius Casar -> Julius Cäsar (category: player)
2025-03-18 20:11:40.648 - DEBUG - src.services.file_parser - Processing row 30: {'From': 'Juslius C䳡r', 'To': 'Julius Cäsar', 'Category': 'player'}
2025-03-18 20:11:40.649 - DEBUG - src.services.file_parser - Created rule: Juslius C䳡r -> Julius Cäsar (category: player)
2025-03-18 20:11:40.649 - DEBUG - src.services.file_parser - Processing row 31: {'From': 'Juslius Cäsar', 'To': 'Julius Cäsar', 'Category': 'player'}
2025-03-18 20:11:40.649 - DEBUG - src.services.file_parser - Created rule: Juslius Cäsar -> Julius Cäsar (category: player)
2025-03-18 20:11:40.649 - DEBUG - src.services.file_parser - Processing row 32: {'From': 'Ancients"', 'To': "Ancients'", 'Category': 'general'}
2025-03-18 20:11:40.649 - DEBUG - src.services.file_parser - Created rule: Ancients" -> Ancients' (category: general)
2025-03-18 20:11:40.649 - DEBUG - src.services.file_parser - Processing row 33: {'From': 'Quick March Chest Chest', 'To': 'Quick March Chest', 'Category': 'chest'}
2025-03-18 20:11:40.649 - DEBUG - src.services.file_parser - Created rule: Quick March Chest Chest -> Quick March Chest (category: chest)
2025-03-18 20:11:40.649 - DEBUG - src.services.file_parser - Processing row 34: {'From': 'Union of Triumf personal reward', 'To': 'Union of Triumph personal reward', 'Category': 'general'}
2025-03-18 20:11:40.650 - DEBUG - src.services.file_parser - Created rule: Union of Triumf personal reward -> Union of Triumph personal reward (category: general)
2025-03-18 20:11:40.650 - DEBUG - src.services.file_parser - Processing row 35: {'From': 'Triumf', 'To': 'Triumph', 'Category': 'general'}
2025-03-18 20:11:40.650 - DEBUG - src.services.file_parser - Created rule: Triumf -> Triumph (category: general)
2025-03-18 20:11:40.650 - DEBUG - src.services.file_parser - Processing row 36: {'From': 'Triumfp', 'To': 'Triumph', 'Category': 'general'}
2025-03-18 20:11:40.650 - DEBUG - src.services.file_parser - Created rule: Triumfp -> Triumph (category: general)
2025-03-18 20:11:40.650 - DEBUG - src.services.file_parser - Processing row 37: {'From': 'JÃªrmungandr', 'To': 'Jormungandr', 'Category': 'general'}
2025-03-18 20:11:40.650 - DEBUG - src.services.file_parser - Created rule: JÃªrmungandr -> Jormungandr (category: general)
2025-03-18 20:11:40.650 - DEBUG - src.services.file_parser - Processing row 38: {'From': 'Jêrmungandr', 'To': 'Jormungandr', 'Category': 'general'}
2025-03-18 20:11:40.651 - DEBUG - src.services.file_parser - Created rule: Jêrmungandr -> Jormungandr (category: general)
2025-03-18 20:11:40.651 - DEBUG - src.services.file_parser - Processing row 39: {'From': 'J㪲mungandr', 'To': 'Jormungandr', 'Category': 'general'}
2025-03-18 20:11:40.651 - DEBUG - src.services.file_parser - Created rule: J㪲mungandr -> Jormungandr (category: general)
2025-03-18 20:11:40.651 - DEBUG - src.services.file_parser - Processing row 40: {'From': 'JÃ²rmungandr', 'To': 'Jormungandr', 'Category': 'general'}
2025-03-18 20:11:40.651 - DEBUG - src.services.file_parser - Created rule: JÃ²rmungandr -> Jormungandr (category: general)
2025-03-18 20:11:40.651 - DEBUG - src.services.file_parser - Processing row 41: {'From': "Jòrmungandr's", 'To': "Jormungandr's", 'Category': 'general'}
2025-03-18 20:11:40.652 - DEBUG - src.services.file_parser - Created rule: Jòrmungandr's -> Jormungandr's (category: general)
2025-03-18 20:11:40.652 - DEBUG - src.services.file_parser - Processing row 42: {'From': "JÃ²rmungandr's", 'To': "Jormungandr's", 'Category': 'general'}
2025-03-18 20:11:40.652 - DEBUG - src.services.file_parser - Created rule: JÃ²rmungandr's -> Jormungandr's (category: general)
2025-03-18 20:11:40.652 - DEBUG - src.services.file_parser - Processing row 43: {'From': 'JÃ²rmungandr Shop', 'To': 'Jormungandr Shop', 'Category': 'source'}
2025-03-18 20:11:40.652 - DEBUG - src.services.file_parser - Created rule: JÃ²rmungandr Shop -> Jormungandr Shop (category: source)
2025-03-18 20:11:40.652 - DEBUG - src.services.file_parser - Processing row 44: {'From': 'Jòrmungandr Shop', 'To': 'Jormungandr Shop', 'Category': 'source'}
2025-03-18 20:11:40.652 - DEBUG - src.services.file_parser - Created rule: Jòrmungandr Shop -> Jormungandr Shop (category: source)
2025-03-18 20:11:40.652 - DEBUG - src.services.file_parser - Processing row 45: {'From': "Jòrmungandr's Chest", 'To': "Jormungandr's Chest", 'Category': 'chest'}
2025-03-18 20:11:40.653 - DEBUG - src.services.file_parser - Created rule: Jòrmungandr's Chest -> Jormungandr's Chest (category: chest)
2025-03-18 20:11:40.653 - DEBUG - src.services.file_parser - Processing row 46: {'From': 'Epic Jêrmungandr sguad', 'To': 'Epic Jormungandr squad', 'Category': 'source'}
2025-03-18 20:11:40.653 - DEBUG - src.services.file_parser - Created rule: Epic Jêrmungandr sguad -> Epic Jormungandr squad (category: source)
2025-03-18 20:11:40.653 - INFO - src.services.file_parser - Successfully parsed 45 rules from CSV
2025-03-18 20:11:40.653 - INFO - src.services.file_parser - Successfully parsed 45 rules from D:\Projekte\CorrectionTool\data\corrections\standard_corrections.csv
2025-03-18 20:11:40.653 - INFO - src.services.data_manager - Successfully loaded 45 correction rules from D:\Projekte\CorrectionTool\data\corrections\standard_corrections.csv
2025-03-18 20:11:40.653 - INFO - src.services.config_manager - Set path correction_rules_file to D:\Projekte\CorrectionTool\data\corrections\standard_corrections.csv
2025-03-18 20:11:40.653 - INFO - src.services.config_manager - Syncing correction_rules_file to legacy location Correction.default_correction_rules for backward compatibility
2025-03-18 20:11:40.654 - INFO - src.services.config_manager - Syncing correction_rules_file to legacy location General.last_correction_file for backward compatibility
2025-03-18 20:11:40.654 - INFO - src.services.config_manager - Syncing correction_rules_file to legacy location Files.default_correction_list for backward compatibility
2025-03-18 20:11:40.654 - INFO - src.services.config_manager - Syncing correction_rules_file to legacy location Paths.default_correction_rules for backward compatibility
2025-03-18 20:11:40.654 - INFO - src.ui.main_window - Loaded 45 correction rules
2025-03-18 20:11:40.655 - DEBUG - src.services.data_manager - Rules are unchanged, skipping
2025-03-18 20:11:40.655 - INFO - src.ui.correction_manager_panel - CorrectionManagerPanel.set_correction_rules called with 45 rules
2025-03-18 20:11:40.655 - INFO - src.ui.correction_manager_panel - Setting rules in correction rules table
2025-03-18 20:11:40.655 - INFO - src.ui.correction_rules_table - Setting 45 rules in CorrectionRulesTable
2025-03-18 20:11:40.655 - INFO - src.ui.correction_rules_table - CorrectionRulesModel.set_rules called with 45 rules
2025-03-18 20:11:40.656 - DEBUG - src.ui.correction_rules_table - rowCount first call, returning 45
2025-03-18 20:11:40.672 - INFO - src.ui.correction_rules_table - Rule 0 after set: Маһоп12 -> D4rkBlizZ4rD (category: player)
2025-03-18 20:11:40.673 - INFO - src.ui.correction_rules_table - Rule 1 after set: АЙ -> D4rkBlizZ4rD (category: player)
2025-03-18 20:11:40.673 - INFO - src.ui.correction_rules_table - Rule 2 after set: Fenrir"s Chest -> Fenrir's Chest (category: chest)
2025-03-18 20:11:40.673 - INFO - src.ui.correction_rules_table - Rule 3 after set: Hermes" Store -> Hermes' Store (category: source)
2025-03-18 20:11:40.673 - INFO - src.ui.correction_rules_table - Rule 4 after set: VVarrior"s Chest" -> Warrior's Chest (category: chest)
2025-03-18 20:11:40.673 - DEBUG - src.ui.correction_rules_table - Performing delayed refresh of CorrectionRulesTable
2025-03-18 20:11:40.676 - INFO - src.ui.correction_rules_table - After delayed refresh, table shows 45 rules
2025-03-18 20:11:40.677 - DEBUG - src.services.data_manager - Rules are unchanged, skipping
2025-03-18 20:11:40.677 - INFO - src.ui.dashboard - Dashboard: set_correction_rules called with 45 rules
2025-03-18 20:11:40.677 - INFO - src.ui.dashboard - Updating file import widget with correction rules
2025-03-18 20:11:40.677 - INFO - src.ui.dashboard - Loading correction file: directly provided list of 45 rules
2025-03-18 20:11:40.678 - INFO - src.ui.dashboard - Loaded 45 correction rules
2025-03-18 20:11:40.678 - DEBUG - src.services.data_manager - Rules are unchanged, skipping
2025-03-18 20:11:40.678 - INFO - src.ui.dashboard - Emitting corrections_loaded signal with 45 rules
2025-03-18 20:11:40.678 - DEBUG - src.services.data_manager - Rules are unchanged, skipping
2025-03-18 20:11:40.678 - INFO - src.ui.correction_manager_panel - CorrectionManagerPanel.set_correction_rules called with 45 rules
2025-03-18 20:11:40.679 - WARNING - src.ui.correction_manager_panel - Already processing signal, skipping duplicate call
2025-03-18 20:11:40.679 - INFO - src.ui.dashboard - Emitting correction_rules_updated signal with 45 rules
2025-03-18 20:11:40.679 - INFO - src.ui.correction_manager_panel - CorrectionManagerPanel.set_correction_rules called with 45 rules
2025-03-18 20:11:40.679 - WARNING - src.ui.correction_manager_panel - Already processing signal, skipping duplicate call
2025-03-18 20:11:40.679 - INFO - src.ui.main_window - MainWindow: Received 45 updated correction rules
2025-03-18 20:11:40.679 - DEBUG - src.services.data_manager - Rules are unchanged, skipping
2025-03-18 20:11:40.680 - INFO - src.ui.correction_rules_table - Set 45 rules in CorrectionRulesTable and emitted rules_updated signal
2025-03-18 20:11:40.680 - INFO - src.ui.correction_rules_table - Resetting CorrectionRulesTable
2025-03-18 20:11:40.680 - DEBUG - src.ui.correction_rules_table - Reset throttled (too frequent), skipping
2025-03-18 20:11:40.680 - INFO - src.ui.correction_manager_panel - Emitting correction_rules_updated signal with 45 rules
2025-03-18 20:11:40.680 - DEBUG - src.services.data_manager - Rules are unchanged, skipping
2025-03-18 20:11:40.680 - INFO - src.ui.dashboard - Dashboard: set_correction_rules called with 45 rules
2025-03-18 20:11:40.680 - INFO - src.ui.dashboard - Updating file import widget with correction rules
2025-03-18 20:11:40.680 - INFO - src.ui.dashboard - Loading correction file: directly provided list of 45 rules
2025-03-18 20:11:40.680 - INFO - src.ui.dashboard - Loaded 45 correction rules
2025-03-18 20:11:40.681 - DEBUG - src.services.data_manager - Rules are unchanged, skipping
2025-03-18 20:11:40.681 - INFO - src.ui.dashboard - Emitting corrections_loaded signal with 45 rules
2025-03-18 20:11:40.681 - DEBUG - src.services.data_manager - Rules are unchanged, skipping
2025-03-18 20:11:40.681 - INFO - src.ui.correction_manager_panel - CorrectionManagerPanel.set_correction_rules called with 45 rules
2025-03-18 20:11:40.681 - WARNING - src.ui.correction_manager_panel - Already processing signal, skipping duplicate call
2025-03-18 20:11:40.681 - INFO - src.ui.dashboard - Emitting correction_rules_updated signal with 45 rules
2025-03-18 20:11:40.681 - INFO - src.ui.correction_manager_panel - CorrectionManagerPanel.set_correction_rules called with 45 rules
2025-03-18 20:11:40.681 - WARNING - src.ui.correction_manager_panel - Already processing signal, skipping duplicate call
2025-03-18 20:11:40.681 - INFO - src.ui.main_window - MainWindow: Received 45 updated correction rules
2025-03-18 20:11:40.682 - DEBUG - src.services.data_manager - Rules are unchanged, skipping
2025-03-18 20:11:40.682 - INFO - src.ui.correction_manager_panel - CorrectionManagerPanel.set_correction_rules called with 45 rules
2025-03-18 20:11:40.682 - INFO - src.ui.correction_manager_panel - Setting rules in correction rules table
2025-03-18 20:11:40.682 - INFO - src.ui.correction_rules_table - Setting 45 rules in CorrectionRulesTable
2025-03-18 20:11:40.682 - INFO - src.ui.correction_rules_table - CorrectionRulesModel.set_rules called with 45 rules
2025-03-18 20:11:40.699 - INFO - src.ui.correction_rules_table - Rule 0 after set: Маһоп12 -> D4rkBlizZ4rD (category: player)
2025-03-18 20:11:40.700 - INFO - src.ui.correction_rules_table - Rule 1 after set: АЙ -> D4rkBlizZ4rD (category: player)
2025-03-18 20:11:40.700 - INFO - src.ui.correction_rules_table - Rule 2 after set: Fenrir"s Chest -> Fenrir's Chest (category: chest)
2025-03-18 20:11:40.700 - INFO - src.ui.correction_rules_table - Rule 3 after set: Hermes" Store -> Hermes' Store (category: source)
2025-03-18 20:11:40.700 - INFO - src.ui.correction_rules_table - Rule 4 after set: VVarrior"s Chest" -> Warrior's Chest (category: chest)
2025-03-18 20:11:40.700 - DEBUG - src.ui.correction_rules_table - Performing delayed refresh of CorrectionRulesTable
2025-03-18 20:11:40.700 - INFO - src.ui.correction_rules_table - After delayed refresh, table shows 45 rules
2025-03-18 20:11:40.700 - DEBUG - src.services.data_manager - Rules are unchanged, skipping
2025-03-18 20:11:40.701 - INFO - src.ui.dashboard - Dashboard: set_correction_rules called with 45 rules
2025-03-18 20:11:40.701 - INFO - src.ui.dashboard - Updating file import widget with correction rules
2025-03-18 20:11:40.701 - INFO - src.ui.dashboard - Loading correction file: directly provided list of 45 rules
2025-03-18 20:11:40.701 - INFO - src.ui.dashboard - Loaded 45 correction rules
2025-03-18 20:11:40.701 - DEBUG - src.services.data_manager - Rules are unchanged, skipping
2025-03-18 20:11:40.701 - INFO - src.ui.dashboard - Emitting corrections_loaded signal with 45 rules
2025-03-18 20:11:40.701 - DEBUG - src.services.data_manager - Rules are unchanged, skipping
2025-03-18 20:11:40.701 - INFO - src.ui.correction_manager_panel - CorrectionManagerPanel.set_correction_rules called with 45 rules
2025-03-18 20:11:40.702 - WARNING - src.ui.correction_manager_panel - Already processing signal, skipping duplicate call
2025-03-18 20:11:40.702 - INFO - src.ui.dashboard - Emitting correction_rules_updated signal with 45 rules
2025-03-18 20:11:40.702 - INFO - src.ui.correction_manager_panel - CorrectionManagerPanel.set_correction_rules called with 45 rules
2025-03-18 20:11:40.702 - WARNING - src.ui.correction_manager_panel - Already processing signal, skipping duplicate call
2025-03-18 20:11:40.702 - INFO - src.ui.main_window - MainWindow: Received 45 updated correction rules
2025-03-18 20:11:40.702 - DEBUG - src.services.data_manager - Rules are unchanged, skipping
2025-03-18 20:11:40.702 - INFO - src.ui.correction_rules_table - Set 45 rules in CorrectionRulesTable and emitted rules_updated signal
2025-03-18 20:11:40.703 - INFO - src.ui.correction_rules_table - Resetting CorrectionRulesTable
2025-03-18 20:11:40.703 - DEBUG - src.ui.correction_rules_table - Reset throttled (too frequent), skipping
2025-03-18 20:11:40.703 - INFO - src.ui.correction_manager_panel - Emitting correction_rules_updated signal with 45 rules
2025-03-18 20:11:40.703 - DEBUG - src.services.data_manager - Rules are unchanged, skipping
2025-03-18 20:11:40.703 - INFO - src.ui.dashboard - Dashboard: set_correction_rules called with 45 rules
2025-03-18 20:11:40.703 - INFO - src.ui.dashboard - Updating file import widget with correction rules
2025-03-18 20:11:40.703 - INFO - src.ui.dashboard - Loading correction file: directly provided list of 45 rules
2025-03-18 20:11:40.704 - INFO - src.ui.dashboard - Loaded 45 correction rules
2025-03-18 20:11:40.704 - DEBUG - src.services.data_manager - Rules are unchanged, skipping
2025-03-18 20:11:40.704 - INFO - src.ui.dashboard - Emitting corrections_loaded signal with 45 rules
2025-03-18 20:11:40.704 - DEBUG - src.services.data_manager - Rules are unchanged, skipping
2025-03-18 20:11:40.704 - INFO - src.ui.correction_manager_panel - CorrectionManagerPanel.set_correction_rules called with 45 rules
2025-03-18 20:11:40.704 - WARNING - src.ui.correction_manager_panel - Already processing signal, skipping duplicate call
2025-03-18 20:11:40.704 - INFO - src.ui.dashboard - Emitting correction_rules_updated signal with 45 rules
2025-03-18 20:11:40.705 - INFO - src.ui.correction_manager_panel - CorrectionManagerPanel.set_correction_rules called with 45 rules
2025-03-18 20:11:40.705 - WARNING - src.ui.correction_manager_panel - Already processing signal, skipping duplicate call
2025-03-18 20:11:40.705 - INFO - src.ui.main_window - MainWindow: Received 45 updated correction rules
2025-03-18 20:11:40.706 - DEBUG - src.services.data_manager - Rules are unchanged, skipping
2025-03-18 20:11:40.706 - ERROR - src.ui.main_window - Error restoring state: 'DataManager' object has no attribute 'load_saved_validation_lists'
2025-03-18 20:11:40.707 - ERROR - src.ui.main_window - Traceback (most recent call last):
  File "D:\Projekte\CorrectionTool\src\ui\main_window.py", line 430, in _restore_state
    lists = self._data_manager.load_saved_validation_lists()
            ^^^^^^^^^^^^^^^^^^^^^^^^^^^^^^^^^^^^^^^^^^^^^^
AttributeError: 'DataManager' object has no attribute 'load_saved_validation_lists'. Did you mean: '_load_saved_validation_lists'?

2025-03-18 20:11:40.707 - INFO - root - MainWindow created successfully
2025-03-18 20:11:40.766 - INFO - root - MainWindow shown successfully
2025-03-18 20:11:40.766 - INFO - root - Application started successfully
2025-03-18 20:11:47.226 - INFO - src.ui.file_import_widget - FileImportWidget: Importing entries from file: D:/Projekte/CorrectionTool/data/input/chests_2025-03-17.txt
2025-03-18 20:11:47.227 - INFO - src.ui.file_import_widget - Starting parse_entry_file_debug...
2025-03-18 20:11:47.227 - INFO - src.services.file_parser - DEBUG: Starting entry file parsing with detailed logging: D:/Projekte/CorrectionTool/data/input/chests_2025-03-17.txt
2025-03-18 20:11:47.227 - INFO - src.services.file_parser - DEBUG: File size: 113778 bytes
2025-03-18 20:11:47.227 - INFO - src.services.file_parser - Parsing entry file: D:\Projekte\CorrectionTool\data\input\chests_2025-03-17.txt
2025-03-18 20:11:47.227 - INFO - src.services.file_parser - Attempting to parse text file with encoding: utf-8
2025-03-18 20:11:47.228 - INFO - src.services.file_parser - Parsing text content with 5832 lines
2025-03-18 20:11:47.228 - DEBUG - src.services.file_parser - Creating entry #1 from text: House of Horrors Chest
From: Koriander
Source: Level 20 epic Crypt
2025-03-18 20:11:47.229 - DEBUG - src.services.file_parser - Created entry #1: House of Horrors Chest, Koriander, Level 20 epic Crypt
2025-03-18 20:11:47.229 - DEBUG - src.services.file_parser - Creating entry #100 from text: Bone Chest
From: Sir Met
Source: Level 25 Crypt
2025-03-18 20:11:47.229 - DEBUG - src.services.file_parser - Created entry #100: Bone Chest, Sir Met, Level 25 Crypt
2025-03-18 20:11:47.230 - DEBUG - src.services.file_parser - Creating entry #200 from text: Stone Chest
From: GOT
Source: Level 25 Crypt
2025-03-18 20:11:47.230 - DEBUG - src.services.file_parser - Created entry #200: Stone Chest, GOT, Level 25 Crypt
2025-03-18 20:11:47.230 - DEBUG - src.services.file_parser - Creating entry #300 from text: Mayan Chest
From: Dagdarim
Source: Level 25 Crypt
2025-03-18 20:11:47.230 - DEBUG - src.services.file_parser - Created entry #300: Mayan Chest, Dagdarim, Level 25 Crypt
2025-03-18 20:11:47.231 - DEBUG - src.services.file_parser - Creating entry #400 from text: Bone Chest
From: Simply Mani
Source: Level 25 Crypt
2025-03-18 20:11:47.231 - DEBUG - src.services.file_parser - Created entry #400: Bone Chest, Simply Mani, Level 25 Crypt
2025-03-18 20:11:47.232 - DEBUG - src.services.file_parser - Creating entry #500 from text: Elven Citadel Chest
From: Cordaginn
Source: Level 30 Citadel
2025-03-18 20:11:47.232 - DEBUG - src.services.file_parser - Created entry #500: Elven Citadel Chest, Cordaginn, Level 30 Citadel
2025-03-18 20:11:47.232 - DEBUG - src.services.file_parser - Creating entry #600 from text: Fenrir's Chest
From: KAC29
Source: Epic Fenrir squad
2025-03-18 20:11:47.233 - DEBUG - src.services.file_parser - Created entry #600: Fenrir's Chest, KAC29, Epic Fenrir squad
2025-03-18 20:11:47.233 - DEBUG - src.services.file_parser - Creating entry #700 from text: Orc Chest
From: Moraron
Source: Level 25 Crypt
2025-03-18 20:11:47.233 - DEBUG - src.services.file_parser - Created entry #700: Orc Chest, Moraron, Level 25 Crypt
2025-03-18 20:11:47.233 - DEBUG - src.services.file_parser - Creating entry #800 from text: Infernal Chest
From: Kajurus
Source: Level 25 Crypt
2025-03-18 20:11:47.234 - DEBUG - src.services.file_parser - Created entry #800: Infernal Chest, Kajurus, Level 25 Crypt
2025-03-18 20:11:47.234 - DEBUG - src.services.file_parser - Creating entry #900 from text: Cobalt Chest
From: Triple X
Source: Level 30 epic Crypt
2025-03-18 20:11:47.234 - DEBUG - src.services.file_parser - Created entry #900: Cobalt Chest, Triple X, Level 30 epic Crypt
2025-03-18 20:11:47.234 - DEBUG - src.services.file_parser - Creating entry #1000 from text: Barbarian Chest
From: Bruno
Source: Level 25 Crypt
2025-03-18 20:11:47.234 - DEBUG - src.services.file_parser - Created entry #1000: Barbarian Chest, Bruno, Level 25 Crypt
2025-03-18 20:11:47.235 - DEBUG - src.services.file_parser - Creating entry #1100 from text: Bone Chest
From: GOT
Source: Level 25 Crypt
2025-03-18 20:11:47.235 - DEBUG - src.services.file_parser - Created entry #1100: Bone Chest, GOT, Level 25 Crypt
2025-03-18 20:11:47.235 - DEBUG - src.services.file_parser - Creating entry #1200 from text: Orc Chest
From: Drachen 2
Source: Level 25 Crypt
2025-03-18 20:11:47.235 - DEBUG - src.services.file_parser - Created entry #1200: Orc Chest, Drachen 2, Level 25 Crypt
2025-03-18 20:11:47.236 - DEBUG - src.services.file_parser - Creating entry #1300 from text: JÃ²rmungandr's Chest
From: Aragorn
Source: Epic Jormungandr squad
2025-03-18 20:11:47.236 - DEBUG - src.services.file_parser - Created entry #1300: JÃ²rmungandr's Chest, Aragorn, Epic Jormungandr squad
2025-03-18 20:11:47.237 - DEBUG - src.services.file_parser - Creating entry #1400 from text: Infernal Chest
From: Herzog Ropp
Source: Level 25 Crypt
2025-03-18 20:11:47.237 - DEBUG - src.services.file_parser - Created entry #1400: Infernal Chest, Herzog Ropp, Level 25 Crypt
2025-03-18 20:11:47.237 - DEBUG - src.services.file_parser - Creating entry #1500 from text: Mayan Chest
From: Tugo
Source: Level 20 Crypt
2025-03-18 20:11:47.237 - DEBUG - src.services.file_parser - Created entry #1500: Mayan Chest, Tugo, Level 20 Crypt
2025-03-18 20:11:47.238 - DEBUG - src.services.file_parser - Creating entry #1600 from text: Orc Chest
From: Angus
Source: Level 25 Crypt
2025-03-18 20:11:47.238 - DEBUG - src.services.file_parser - Created entry #1600: Orc Chest, Angus, Level 25 Crypt
2025-03-18 20:11:47.239 - DEBUG - src.services.file_parser - Creating entry #1700 from text: Infernal Chest
From: Alisea
Source: Level 20 Crypt
2025-03-18 20:11:47.239 - DEBUG - src.services.file_parser - Created entry #1700: Infernal Chest, Alisea, Level 20 Crypt
2025-03-18 20:11:47.239 - DEBUG - src.services.file_parser - Creating entry #1800 from text: Orc Chest
From: Kajurus
Source: Level 25 Crypt
2025-03-18 20:11:47.240 - DEBUG - src.services.file_parser - Created entry #1800: Orc Chest, Kajurus, Level 25 Crypt
2025-03-18 20:11:47.240 - DEBUG - src.services.file_parser - Creating entry #1900 from text: Barbarian Chest
From: nobby
Source: Level 20 Crypt
2025-03-18 20:11:47.240 - DEBUG - src.services.file_parser - Created entry #1900: Barbarian Chest, nobby, Level 20 Crypt
2025-03-18 20:11:47.241 - INFO - src.services.file_parser - Parsed 1944 entries from text content
2025-03-18 20:11:47.241 - INFO - src.services.file_parser - Successfully parsed text file with encoding: utf-8
2025-03-18 20:11:47.241 - INFO - src.services.file_parser - Successfully parsed 1944 entries from D:\Projekte\CorrectionTool\data\input\chests_2025-03-17.txt
2025-03-18 20:11:47.241 - INFO - src.services.file_parser - DEBUG: Successfully parsed 1944 entries
2025-03-18 20:11:47.241 - INFO - src.services.file_parser - DEBUG: First entry: House of Horrors Chest | Koriander | Level 20 epic Crypt
2025-03-18 20:11:47.241 - INFO - src.services.file_parser - DEBUG: Last entry: Sand Chest | Bumblebee | Level 25 Crypt
2025-03-18 20:11:47.241 - INFO - src.services.file_parser - DEBUG: All entries have IDs: True
2025-03-18 20:11:47.241 - INFO - src.ui.file_import_widget - Parsed 1944 entries
2025-03-18 20:11:47.242 - INFO - src.ui.file_import_widget - First entry: House of Horrors Chest, Koriander, Level 20 epic Crypt
2025-03-18 20:11:47.242 - INFO - src.ui.file_import_widget - Setting entries and emitting signal...
2025-03-18 20:11:47.243 - INFO - src.ui.dashboard - Dashboard: _on_entries_loaded called with 1944 entries
2025-03-18 20:11:47.243 - INFO - src.ui.dashboard - First entry: House of Horrors Chest | Koriander | Level 20 epic Crypt
2025-03-18 20:11:47.243 - INFO - src.ui.dashboard - Dashboard: Processing 1944 loaded entries
2025-03-18 20:11:47.243 - INFO - src.ui.dashboard - Dashboard: Stored 1944 entries in self._entries
2025-03-18 20:11:47.243 - INFO - src.ui.dashboard - Auto-apply is enabled, applying corrections
2025-03-18 20:11:47.244 - INFO - src.ui.dashboard - Applying corrections to entries
2025-03-18 20:11:47.244 - INFO - src.services.corrector - Using 45 rules from DataManager
2025-03-18 20:11:47.244 - INFO - src.services.corrector - Setting 45 correction rules in Corrector
2025-03-18 20:11:47.244 - INFO - src.services.corrector - Applying corrections to 1944 entries
2025-03-18 20:11:47.244 - INFO - src.services.corrector - Applying 45 rules to 1944 entries
2025-03-18 20:11:47.247 - DEBUG - src.services.corrector - Applied correction: CorrectionResult(entry=74, field=source, original='JÃ²rmungandr Shop', corrected='Jormungandr Shop', rule=exact, score=1.00)
2025-03-18 20:11:47.247 - DEBUG - src.services.corrector - Applied correction: CorrectionResult(entry=75, field=source, original='JÃ²rmungandr Shop', corrected='Jormungandr Shop', rule=exact, score=1.00)
2025-03-18 20:11:47.248 - DEBUG - src.services.corrector - Applied correction: CorrectionResult(entry=82, field=source, original='JÃ²rmungandr Shop', corrected='Jormungandr Shop', rule=exact, score=1.00)
2025-03-18 20:11:47.248 - DEBUG - src.services.corrector - Applied correction: CorrectionResult(entry=83, field=source, original='JÃ²rmungandr Shop', corrected='Jormungandr Shop', rule=exact, score=1.00)
2025-03-18 20:11:47.257 - DEBUG - src.services.corrector - Applied correction: CorrectionResult(entry=410, field=source, original='JÃ²rmungandr Shop', corrected='Jormungandr Shop', rule=exact, score=1.00)
2025-03-18 20:11:47.257 - DEBUG - src.services.corrector - Applied correction: CorrectionResult(entry=411, field=source, original='JÃ²rmungandr Shop', corrected='Jormungandr Shop', rule=exact, score=1.00)
2025-03-18 20:11:47.257 - DEBUG - src.services.corrector - Applied correction: CorrectionResult(entry=414, field=source, original='JÃ²rmungandr Shop', corrected='Jormungandr Shop', rule=exact, score=1.00)
2025-03-18 20:11:47.281 - DEBUG - src.services.corrector - Applied correction: CorrectionResult(entry=1227, field=source, original='JÃ²rmungandr Shop', corrected='Jormungandr Shop', rule=exact, score=1.00)
2025-03-18 20:11:47.281 - DEBUG - src.services.corrector - Applied correction: CorrectionResult(entry=1228, field=source, original='JÃ²rmungandr Shop', corrected='Jormungandr Shop', rule=exact, score=1.00)
2025-03-18 20:11:47.292 - DEBUG - src.services.corrector - Applied correction: CorrectionResult(entry=1604, field=player, original='Lord Ore', corrected='Lord Öre', rule=exact, score=1.00)
2025-03-18 20:11:47.302 - INFO - src.services.corrector - Applied 10 corrections to 1944 entries
2025-03-18 20:11:47.302 - INFO - src.services.corrector - Applied 10 corrections:
2025-03-18 20:11:47.303 - DEBUG - src.services.corrector -    74: source     'JÃ²rmungandr Shop' -> 'Jormungandr Shop' (exact, score=1.00)
2025-03-18 20:11:47.303 - DEBUG - src.services.corrector -    75: source     'JÃ²rmungandr Shop' -> 'Jormungandr Shop' (exact, score=1.00)
2025-03-18 20:11:47.303 - DEBUG - src.services.corrector -    82: source     'JÃ²rmungandr Shop' -> 'Jormungandr Shop' (exact, score=1.00)
2025-03-18 20:11:47.303 - DEBUG - src.services.corrector -    83: source     'JÃ²rmungandr Shop' -> 'Jormungandr Shop' (exact, score=1.00)
2025-03-18 20:11:47.303 - DEBUG - src.services.corrector -   410: source     'JÃ²rmungandr Shop' -> 'Jormungandr Shop' (exact, score=1.00)
2025-03-18 20:11:47.303 - DEBUG - src.services.corrector -   411: source     'JÃ²rmungandr Shop' -> 'Jormungandr Shop' (exact, score=1.00)
2025-03-18 20:11:47.304 - DEBUG - src.services.corrector -   414: source     'JÃ²rmungandr Shop' -> 'Jormungandr Shop' (exact, score=1.00)
2025-03-18 20:11:47.304 - DEBUG - src.services.corrector -   1227: source     'JÃ²rmungandr Shop' -> 'Jormungandr Shop' (exact, score=1.00)
2025-03-18 20:11:47.304 - DEBUG - src.services.corrector -   1228: source     'JÃ²rmungandr Shop' -> 'Jormungandr Shop' (exact, score=1.00)
2025-03-18 20:11:47.304 - DEBUG - src.services.corrector -   1604: player     'Lord Ore' -> 'Lord Öre' (exact, score=1.00)
2025-03-18 20:11:47.304 - INFO - src.services.corrector -   exact: 10
2025-03-18 20:11:47.304 - INFO - src.services.corrector -   source: 9
2025-03-18 20:11:47.304 - INFO - src.services.corrector -   player: 1
2025-03-18 20:11:48.182 - INFO - src.services.data_manager - Setting 1944 entries in DataManager
2025-03-18 20:11:48.183 - INFO - src.services.data_manager - Emitting entries_changed signal with 1944 entries
2025-03-18 20:11:48.183 - INFO - src.ui.dashboard - Dashboard: _on_entries_loaded called with 1944 entries
2025-03-18 20:11:48.184 - INFO - src.ui.dashboard - First entry: House of Horrors Chest | Koriander | Level 20 epic Crypt
2025-03-18 20:11:48.184 - WARNING - src.ui.dashboard - Skipping _on_entries_loaded due to signal loop prevention
2025-03-18 20:11:48.184 - DEBUG - src.ui.enhanced_table_view - Setting 1944 entries in EnhancedTableView
2025-03-18 20:11:49.645 - DEBUG - src.ui.enhanced_table_view - Successfully set 1944 entries in EnhancedTableView
2025-03-18 20:11:49.648 - DEBUG - src.ui.enhanced_table_view - Setting 1944 entries in EnhancedTableView
2025-03-18 20:11:51.087 - DEBUG - src.ui.enhanced_table_view - Successfully set 1944 entries in EnhancedTableView
2025-03-18 20:11:51.088 - INFO - src.ui.dashboard - Validating entries in Dashboard
2025-03-18 20:11:51.088 - INFO - src.ui.dashboard - Validation lists: Players=94, Chest Types=72, Sources=82
2025-03-18 20:11:51.126 - ERROR - src.ui.dashboard - Error validating entries: 'StatisticsWidget' object has no attribute 'update_statistics'
2025-03-18 20:11:51.126 - ERROR - src.ui.dashboard - Error applying corrections: name 'traceback' is not defined
Traceback (most recent call last):
  File "D:\Projekte\CorrectionTool\src\ui\dashboard.py", line 1347, in _validate_entries
    self._statistics_widget.update_statistics(self._entries)
    ^^^^^^^^^^^^^^^^^^^^^^^^^^^^^^^^^^^^^^^^^
AttributeError: 'StatisticsWidget' object has no attribute 'update_statistics'. Did you mean: '_update_statistics'?

During handling of the above exception, another exception occurred:

Traceback (most recent call last):
  File "D:\Projekte\CorrectionTool\src\ui\dashboard.py", line 1021, in _apply_corrections
    self._validate_entries()
  File "D:\Projekte\CorrectionTool\src\ui\dashboard.py", line 1365, in _validate_entries
    self.logger.error(traceback.format_exc())
                      ^^^^^^^^^
NameError: name 'traceback' is not defined. Did you forget to import 'traceback'
2025-03-18 20:11:54.033 - INFO - src.ui.dashboard - _on_entries_loaded processing completed
2025-03-18 20:11:54.035 - DEBUG - src.ui.dashboard - Handling corrections applied signal
2025-03-18 20:11:54.035 - INFO - src.ui.dashboard - Dashboard: Received 1944 applied corrections from DataManager
2025-03-18 20:11:54.035 - INFO - src.ui.dashboard - Updating entries with 1944 corrections
2025-03-18 20:11:54.035 - ERROR - src.ui.dashboard - Error updating entries with corrections: 'ChestEntry' object has no attribute 'entry'
2025-03-18 20:11:54.035 - ERROR - src.ui.dashboard - Error in _on_corrections_applied: name 'traceback' is not defined
2025-03-18 20:11:54.035 - CRITICAL - root - Unhandled exception
Traceback (most recent call last):
  File "D:\Projekte\CorrectionTool\src\ui\dashboard.py", line 883, in _update_entries_with_corrections
    entry_id = result.entry
               ^^^^^^^^^^^^
AttributeError: 'ChestEntry' object has no attribute 'entry'

During handling of the above exception, another exception occurred:

Traceback (most recent call last):
  File "D:\Projekte\CorrectionTool\src\ui\dashboard.py", line 842, in _on_corrections_applied
    self._update_entries_with_corrections(results)
  File "D:\Projekte\CorrectionTool\src\ui\dashboard.py", line 916, in _update_entries_with_corrections
    self.logger.error(traceback.format_exc())
                      ^^^^^^^^^
NameError: name 'traceback' is not defined. Did you forget to import 'traceback'

During handling of the above exception, another exception occurred:

Traceback (most recent call last):
  File "D:\Projekte\CorrectionTool\src\ui\dashboard.py", line 862, in _on_corrections_applied
    self.logger.error(traceback.format_exc())
                      ^^^^^^^^^
NameError: name 'traceback' is not defined. Did you forget to import 'traceback'
2025-03-18 20:11:54.042 - INFO - src.ui.file_import_widget - Checking if _entries was updated...
2025-03-18 20:11:54.042 - INFO - src.ui.file_import_widget - _entries has 1944 items
2025-03-18 20:12:08.601 - INFO - src.ui.validation_list_widget - Importing chest_type list from D:/Projekte/CorrectionTool/data/validation/chest_types.txt
2025-03-18 20:12:08.601 - INFO - src.models.validation_list - Loading validation list from: D:/Projekte/CorrectionTool/data/validation/chest_types.txt
2025-03-18 20:12:08.601 - INFO - src.models.validation_list - Loaded 72 entries from text file. First few entries: ['Abandoned Chest', "Ancient Warrior's Chest", 'Ancient Bastion Chest', "Ancients' Chest", 'Arachne Chest']
2025-03-18 20:12:09.341 - INFO - src.ui.validation_list_widget - Saving file path to config: D:/Projekte/CorrectionTool/data/validation/chest_types.txt
2025-03-18 20:12:09.342 - INFO - src.ui.validation_list_widget - Saved paths in config - General: D:\Projekte\CorrectionTool\data\validation, Validation: D:/Projekte/CorrectionTool/data/validation/chest_types.txt
2025-03-18 20:12:09.342 - INFO - src.ui.validation_list_widget - Emitting list_updated for Chest Types with 72 items
2025-03-18 20:12:09.342 - INFO - src.services.data_manager - Setting 1 validation lists in DataManager
2025-03-18 20:12:09.343 - INFO - src.services.data_manager - Emitting validation_lists_changed signal with 1 lists
2025-03-18 20:12:09.343 - INFO - src.ui.correction_manager_panel - CorrectionManagerPanel.set_validation_lists called with 0 lists
2025-03-18 20:12:09.343 - WARNING - src.ui.correction_manager_panel - Empty validation lists passed
2025-03-18 20:12:09.343 - INFO - src.ui.correction_manager_panel - CorrectionManagerPanel.set_validation_lists called with 1 lists
2025-03-18 20:12:09.343 - INFO - src.ui.correction_manager_panel - Setting chest_type validation list with 72 items
2025-03-18 20:12:09.343 - INFO - src.ui.correction_manager_panel - Switching to validation lists tab
2025-03-18 20:12:09.344 - INFO - src.ui.correction_manager_panel - Setting chest type list in widget
2025-03-18 20:12:09.344 - INFO - src.ui.validation_list_widget - ValidationListWidget.set_list called for Chest Types with 72 items
2025-03-18 20:12:09.344 - INFO - src.ui.validation_list_widget - Widget is visible: True
2025-03-18 20:12:09.344 - WARNING - src.ui.validation_list_widget - Skipping set_list for Chest Types due to signal loop prevention
2025-03-18 20:12:09.344 - INFO - src.ui.correction_manager_panel - Updating validation lists tab text: Validation Lists (Chests: 72)
2025-03-18 20:12:09.344 - INFO - src.ui.correction_manager_panel - Emitting validation_lists_updated signal with 1 lists
2025-03-18 20:12:09.345 - WARNING - src.services.data_manager - Signal loop detected in set_validation_lists, skipping
2025-03-18 20:12:09.345 - INFO - src.ui.correction_manager_panel - CorrectionManagerPanel.set_validation_lists called with 0 lists
2025-03-18 20:12:09.345 - WARNING - src.ui.correction_manager_panel - Skipping due to signal loop prevention
2025-03-18 20:12:09.345 - INFO - root - ReportsPanel: Received 1 validation lists
2025-03-18 20:12:09.345 - INFO - root - ReportsPanel: Validation lists updated
2025-03-18 20:12:09.346 - INFO - src.ui.correction_manager_panel - CorrectionManagerPanel.set_validation_lists called with 0 lists
2025-03-18 20:12:09.346 - WARNING - src.ui.correction_manager_panel - Empty validation lists passed
2025-03-18 20:12:09.859 - INFO - src.ui.correction_manager_panel - Performing delayed refresh with 1 lists
2025-03-18 20:12:09.859 - INFO - src.ui.correction_manager_panel - Widget is now visible: True
2025-03-18 20:12:09.859 - INFO - src.ui.correction_manager_panel - Current widget stack index: -1
2025-03-18 20:12:09.859 - ERROR - src.ui.correction_manager_panel - Error in delayed refresh: 'player'
2025-03-18 20:12:09.860 - ERROR - src.ui.correction_manager_panel - Traceback (most recent call last):
  File "D:\Projekte\CorrectionTool\src\ui\correction_manager_panel.py", line 830, in _delayed_refresh_validation_lists
    self._player_list_widget.set_list(lists["player"])
                                      ~~~~~^^^^^^^^^^
KeyError: 'player'

2025-03-18 20:12:19.539 - INFO - src.ui.validation_list_widget - Importing source list from D:/Projekte/CorrectionTool/data/validation/sources.txt
2025-03-18 20:12:19.539 - INFO - src.models.validation_list - Loading validation list from: D:/Projekte/CorrectionTool/data/validation/sources.txt
2025-03-18 20:12:19.539 - INFO - src.models.validation_list - Loaded 82 entries from text file. First few entries: ['Level 5 Crypt', 'Level 10 Crypt', 'Level 15 Crypt', 'Level 20 Crypt', 'Level 25 Crypt']
2025-03-18 20:12:20.223 - INFO - src.ui.validation_list_widget - Saving file path to config: D:/Projekte/CorrectionTool/data/validation/sources.txt
2025-03-18 20:12:20.224 - INFO - src.ui.validation_list_widget - Saved paths in config - General: D:\Projekte\CorrectionTool\data\validation, Validation: D:/Projekte/CorrectionTool/data/validation/sources.txt
2025-03-18 20:12:20.224 - INFO - src.ui.validation_list_widget - Emitting list_updated for Sources with 82 items
2025-03-18 20:12:20.224 - INFO - src.services.data_manager - Setting 2 validation lists in DataManager
2025-03-18 20:12:20.225 - INFO - src.services.data_manager - Emitting validation_lists_changed signal with 2 lists
2025-03-18 20:12:20.225 - INFO - src.ui.correction_manager_panel - CorrectionManagerPanel.set_validation_lists called with 0 lists
2025-03-18 20:12:20.225 - WARNING - src.ui.correction_manager_panel - Empty validation lists passed
2025-03-18 20:12:20.225 - INFO - src.ui.correction_manager_panel - CorrectionManagerPanel.set_validation_lists called with 2 lists
2025-03-18 20:12:20.227 - INFO - src.ui.correction_manager_panel - Setting chest_type validation list with 72 items
2025-03-18 20:12:20.227 - INFO - src.ui.correction_manager_panel - Setting source validation list with 82 items
2025-03-18 20:12:20.227 - INFO - src.ui.correction_manager_panel - Switching to validation lists tab
2025-03-18 20:12:20.227 - INFO - src.ui.correction_manager_panel - Setting chest type list in widget
2025-03-18 20:12:20.228 - INFO - src.ui.validation_list_widget - ValidationListWidget.set_list called for Chest Types with 72 items
2025-03-18 20:12:20.228 - INFO - src.ui.validation_list_widget - Widget is visible: False
2025-03-18 20:12:20.228 - INFO - src.ui.validation_list_widget - Validation list has file path: D:/Projekte/CorrectionTool/data/validation/chest_types.txt
2025-03-18 20:12:20.229 - INFO - src.ui.validation_list_widget - Setting validation list in model for Chest Types
2025-03-18 20:12:20.229 - INFO - src.ui.validation_list_widget - Model now has 72 rows
2025-03-18 20:12:20.229 - INFO - src.ui.validation_list_widget - Saving file path to config: D:/Projekte/CorrectionTool/data/validation/chest_types.txt
2025-03-18 20:12:20.230 - INFO - src.ui.validation_list_widget - Saved paths in config - General: D:/Projekte/CorrectionTool/data/validation/chest_types.txt, Validation: D:/Projekte/CorrectionTool/data/validation/chest_types.txt
2025-03-18 20:12:20.231 - INFO - src.ui.correction_manager_panel - Setting source list in widget
2025-03-18 20:12:20.231 - INFO - src.ui.validation_list_widget - ValidationListWidget.set_list called for Sources with 82 items
2025-03-18 20:12:20.231 - INFO - src.ui.validation_list_widget - Widget is visible: True
2025-03-18 20:12:20.231 - WARNING - src.ui.validation_list_widget - Skipping set_list for Sources due to signal loop prevention
2025-03-18 20:12:20.231 - INFO - src.ui.correction_manager_panel - Updating validation lists tab text: Validation Lists (Chests: 72, Sources: 82)
2025-03-18 20:12:20.231 - INFO - src.ui.correction_manager_panel - Emitting validation_lists_updated signal with 2 lists
2025-03-18 20:12:20.232 - WARNING - src.services.data_manager - Signal loop detected in set_validation_lists, skipping
2025-03-18 20:12:20.232 - INFO - src.ui.correction_manager_panel - CorrectionManagerPanel.set_validation_lists called with 0 lists
2025-03-18 20:12:20.232 - WARNING - src.ui.correction_manager_panel - Skipping due to signal loop prevention
2025-03-18 20:12:20.232 - INFO - root - ReportsPanel: Received 2 validation lists
2025-03-18 20:12:20.232 - INFO - root - ReportsPanel: Validation lists updated
2025-03-18 20:12:20.232 - INFO - src.ui.correction_manager_panel - CorrectionManagerPanel.set_validation_lists called with 0 lists
2025-03-18 20:12:20.232 - WARNING - src.ui.correction_manager_panel - Empty validation lists passed
2025-03-18 20:12:20.720 - INFO - src.ui.correction_manager_panel - Performing delayed refresh with 2 lists
2025-03-18 20:12:20.721 - INFO - src.ui.correction_manager_panel - Widget is now visible: True
2025-03-18 20:12:20.721 - INFO - src.ui.correction_manager_panel - Current widget stack index: -1
2025-03-18 20:12:20.721 - ERROR - src.ui.correction_manager_panel - Error in delayed refresh: 'player'
2025-03-18 20:12:20.721 - ERROR - src.ui.correction_manager_panel - Traceback (most recent call last):
  File "D:\Projekte\CorrectionTool\src\ui\correction_manager_panel.py", line 830, in _delayed_refresh_validation_lists
    self._player_list_widget.set_list(lists["player"])
                                      ~~~~~^^^^^^^^^^
KeyError: 'player'

2025-03-18 20:12:20.722 - INFO - src.ui.validation_list_widget - Performing delayed refresh for Chest Types
2025-03-18 20:12:20.723 - INFO - src.ui.validation_list_widget - Widget is visible: False
2025-03-18 20:12:20.723 - WARNING - src.ui.validation_list_widget - Chest Types widget not visible during refresh
2025-03-18 20:12:33.638 - INFO - src.services.file_parser - Parsing correction file: D:\Projekte\CorrectionTool\data\input\chests_2025-03-17.txt
2025-03-18 20:12:33.639 - ERROR - src.services.file_parser - Unsupported file format: .txt
2025-03-18 20:12:40.096 - INFO - src.services.file_parser - Parsing correction file: D:\Projekte\CorrectionTool\data\corrections\standard_corrections.csv
2025-03-18 20:12:40.096 - INFO - src.services.file_parser - Parsing CSV file: D:\Projekte\CorrectionTool\data\corrections\standard_corrections.csv
2025-03-18 20:12:40.096 - INFO - src.services.file_parser - Attempting to parse CSV with encoding: utf-8
2025-03-18 20:12:40.097 - DEBUG - src.services.file_parser - Delimiter ';' gives 1 columns
2025-03-18 20:12:40.097 - DEBUG - src.services.file_parser - Delimiter ',' gives 3 columns
2025-03-18 20:12:40.097 - DEBUG - src.services.file_parser - Delimiter '	' gives 1 columns
2025-03-18 20:12:40.097 - INFO - src.services.file_parser - Using delimiter: ',' with 3 columns
2025-03-18 20:12:40.097 - INFO - src.services.file_parser - CSV headers: ['From', 'To', 'Category']
2025-03-18 20:12:40.097 - INFO - src.services.file_parser - Found required headers (case-insensitive)
2025-03-18 20:12:40.098 - DEBUG - src.services.file_parser - Processing row 2: {'From': 'Маһоп12', 'To': 'D4rkBlizZ4rD', 'Category': 'player'}
2025-03-18 20:12:40.098 - DEBUG - src.services.file_parser - Created rule: Маһоп12 -> D4rkBlizZ4rD (category: player)
2025-03-18 20:12:40.098 - DEBUG - src.services.file_parser - Processing row 3: {'From': 'АЙ', 'To': 'D4rkBlizZ4rD', 'Category': 'player'}
2025-03-18 20:12:40.098 - DEBUG - src.services.file_parser - Created rule: АЙ -> D4rkBlizZ4rD (category: player)
2025-03-18 20:12:40.098 - DEBUG - src.services.file_parser - Processing row 4: {'From': 'Fenrir"s Chest', 'To': "Fenrir's Chest", 'Category': 'chest'}
2025-03-18 20:12:40.098 - DEBUG - src.services.file_parser - Created rule: Fenrir"s Chest -> Fenrir's Chest (category: chest)
2025-03-18 20:12:40.098 - DEBUG - src.services.file_parser - Processing row 5: {'From': 'Hermes" Store', 'To': "Hermes' Store", 'Category': 'source'}
2025-03-18 20:12:40.099 - DEBUG - src.services.file_parser - Created rule: Hermes" Store -> Hermes' Store (category: source)
2025-03-18 20:12:40.099 - DEBUG - src.services.file_parser - Processing row 6: {'From': 'VVarrior"s Chest"', 'To': "Warrior's Chest", 'Category': 'chest'}
2025-03-18 20:12:40.099 - DEBUG - src.services.file_parser - Created rule: VVarrior"s Chest" -> Warrior's Chest (category: chest)
2025-03-18 20:12:40.099 - DEBUG - src.services.file_parser - Processing row 7: {'From': 'Clan vvealth', 'To': 'Clan wealth', 'Category': 'source'}
2025-03-18 20:12:40.099 - DEBUG - src.services.file_parser - Created rule: Clan vvealth -> Clan wealth (category: source)
2025-03-18 20:12:40.099 - DEBUG - src.services.file_parser - Processing row 8: {'From': 'OsmanliTorunu', 'To': 'OsmanlıTorunu', 'Category': 'player'}
2025-03-18 20:12:40.099 - DEBUG - src.services.file_parser - Created rule: OsmanliTorunu -> OsmanlıTorunu (category: player)
2025-03-18 20:12:40.099 - DEBUG - src.services.file_parser - Processing row 9: {'From': 'Epic Ancient sguad', 'To': 'Epic Ancient squad', 'Category': 'source'}
2025-03-18 20:12:40.099 - DEBUG - src.services.file_parser - Created rule: Epic Ancient sguad -> Epic Ancient squad (category: source)
2025-03-18 20:12:40.100 - DEBUG - src.services.file_parser - Processing row 10: {'From': 'Snovvvveaver', 'To': 'Snowweaver', 'Category': 'player'}
2025-03-18 20:12:40.100 - DEBUG - src.services.file_parser - Created rule: Snovvvveaver -> Snowweaver (category: player)
2025-03-18 20:12:40.100 - DEBUG - src.services.file_parser - Processing row 11: {'From': 'Krimelmonster', 'To': 'Krümelmonster', 'Category': 'player'}
2025-03-18 20:12:40.100 - DEBUG - src.services.file_parser - Created rule: Krimelmonster -> Krümelmonster (category: player)
2025-03-18 20:12:40.100 - DEBUG - src.services.file_parser - Processing row 12: {'From': 'GUARDIENOfTHUNDER', 'To': 'GUARDIENofTHUNDER', 'Category': 'player'}
2025-03-18 20:12:40.100 - DEBUG - src.services.file_parser - Created rule: GUARDIENOfTHUNDER -> GUARDIENofTHUNDER (category: player)
2025-03-18 20:12:40.100 - DEBUG - src.services.file_parser - Processing row 13: {'From': 'Rare Chest of VVealth', 'To': 'Rare Chest of Wealth', 'Category': 'chest'}
2025-03-18 20:12:40.100 - DEBUG - src.services.file_parser - Created rule: Rare Chest of VVealth -> Rare Chest of Wealth (category: chest)
2025-03-18 20:12:40.100 - DEBUG - src.services.file_parser - Processing row 14: {'From': 'Epic Chest of Vvealth', 'To': 'Epic Chest of Wealth', 'Category': 'chest'}
2025-03-18 20:12:40.101 - DEBUG - src.services.file_parser - Created rule: Epic Chest of Vvealth -> Epic Chest of Wealth (category: chest)
2025-03-18 20:12:40.101 - DEBUG - src.services.file_parser - Processing row 15: {'From': 'Sir Nightvvoolf', 'To': 'Sir Nightwoolf', 'Category': 'player'}
2025-03-18 20:12:40.101 - DEBUG - src.services.file_parser - Created rule: Sir Nightvvoolf -> Sir Nightwoolf (category: player)
2025-03-18 20:12:40.101 - DEBUG - src.services.file_parser - Processing row 16: {'From': 'Hammerschlagi', 'To': 'Hammerschlag1', 'Category': 'player'}
2025-03-18 20:12:40.101 - DEBUG - src.services.file_parser - Created rule: Hammerschlagi -> Hammerschlag1 (category: player)
2025-03-18 20:12:40.101 - DEBUG - src.services.file_parser - Processing row 17: {'From': 'Feldjager', 'To': 'Feldjäger', 'Category': 'player'}
2025-03-18 20:12:40.101 - DEBUG - src.services.file_parser - Created rule: Feldjager -> Feldjäger (category: player)
2025-03-18 20:12:40.101 - DEBUG - src.services.file_parser - Processing row 18: {'From': 'Feldj䧥r', 'To': 'Feldjäger', 'Category': 'player'}
2025-03-18 20:12:40.102 - DEBUG - src.services.file_parser - Created rule: Feldj䧥r -> Feldjäger (category: player)
2025-03-18 20:12:40.102 - DEBUG - src.services.file_parser - Processing row 19: {'From': 'Lord Ore', 'To': 'Lord Öre', 'Category': 'player'}
2025-03-18 20:12:40.102 - DEBUG - src.services.file_parser - Created rule: Lord Ore -> Lord Öre (category: player)
2025-03-18 20:12:40.102 - DEBUG - src.services.file_parser - Processing row 20: {'From': 'Lord ֲe', 'To': 'Lord Öre', 'Category': 'player'}
2025-03-18 20:12:40.102 - DEBUG - src.services.file_parser - Created rule: Lord ֲe -> Lord Öre (category: player)
2025-03-18 20:12:40.102 - DEBUG - src.services.file_parser - Processing row 21: {'From': 'Epic Fenrir sguad', 'To': 'Epic Fenrir squad', 'Category': 'source'}
2025-03-18 20:12:40.102 - DEBUG - src.services.file_parser - Created rule: Epic Fenrir sguad -> Epic Fenrir squad (category: source)
2025-03-18 20:12:40.103 - DEBUG - src.services.file_parser - Processing row 22: {'From': 'Ouick March Chest', 'To': 'Quick March Chest', 'Category': 'chest'}
2025-03-18 20:12:40.103 - DEBUG - src.services.file_parser - Created rule: Ouick March Chest -> Quick March Chest (category: chest)
2025-03-18 20:12:40.103 - DEBUG - src.services.file_parser - Processing row 23: {'From': 'Epic Fenrir sguad', 'To': 'Epic Fenrir squad', 'Category': 'source'}
2025-03-18 20:12:40.103 - DEBUG - src.services.file_parser - Created rule: Epic Fenrir sguad -> Epic Fenrir squad (category: source)
2025-03-18 20:12:40.103 - DEBUG - src.services.file_parser - Processing row 24: {'From': 'Union of Triumph personal revvard', 'To': 'Union of Triumph personal reward', 'Category': 'source'}
2025-03-18 20:12:40.103 - DEBUG - src.services.file_parser - Created rule: Union of Triumph personal revvard -> Union of Triumph personal reward (category: source)
2025-03-18 20:12:40.103 - DEBUG - src.services.file_parser - Processing row 25: {'From': 'revvard', 'To': 'reward', 'Category': 'general'}
2025-03-18 20:12:40.103 - DEBUG - src.services.file_parser - Created rule: revvard -> reward (category: general)
2025-03-18 20:12:40.104 - DEBUG - src.services.file_parser - Processing row 26: {'From': 'sguad', 'To': 'squad', 'Category': 'general'}
2025-03-18 20:12:40.104 - DEBUG - src.services.file_parser - Created rule: sguad -> squad (category: general)
2025-03-18 20:12:40.104 - DEBUG - src.services.file_parser - Processing row 27: {'From': 'Vvealth', 'To': 'Wealth', 'Category': 'general'}
2025-03-18 20:12:40.104 - DEBUG - src.services.file_parser - Created rule: Vvealth -> Wealth (category: general)
2025-03-18 20:12:40.104 - DEBUG - src.services.file_parser - Processing row 28: {'From': 'VVealth', 'To': 'Wealth', 'Category': 'general'}
2025-03-18 20:12:40.104 - DEBUG - src.services.file_parser - Created rule: VVealth -> Wealth (category: general)
2025-03-18 20:12:40.104 - DEBUG - src.services.file_parser - Processing row 29: {'From': 'Julius Casar', 'To': 'Julius Cäsar', 'Category': 'player'}
2025-03-18 20:12:40.104 - DEBUG - src.services.file_parser - Created rule: Julius Casar -> Julius Cäsar (category: player)
2025-03-18 20:12:40.104 - DEBUG - src.services.file_parser - Processing row 30: {'From': 'Juslius C䳡r', 'To': 'Julius Cäsar', 'Category': 'player'}
2025-03-18 20:12:40.104 - DEBUG - src.services.file_parser - Created rule: Juslius C䳡r -> Julius Cäsar (category: player)
2025-03-18 20:12:40.104 - DEBUG - src.services.file_parser - Processing row 31: {'From': 'Juslius Cäsar', 'To': 'Julius Cäsar', 'Category': 'player'}
2025-03-18 20:12:40.104 - DEBUG - src.services.file_parser - Created rule: Juslius Cäsar -> Julius Cäsar (category: player)
2025-03-18 20:12:40.104 - DEBUG - src.services.file_parser - Processing row 32: {'From': 'Ancients"', 'To': "Ancients'", 'Category': 'general'}
2025-03-18 20:12:40.106 - DEBUG - src.services.file_parser - Created rule: Ancients" -> Ancients' (category: general)
2025-03-18 20:12:40.106 - DEBUG - src.services.file_parser - Processing row 33: {'From': 'Quick March Chest Chest', 'To': 'Quick March Chest', 'Category': 'chest'}
2025-03-18 20:12:40.106 - DEBUG - src.services.file_parser - Created rule: Quick March Chest Chest -> Quick March Chest (category: chest)
2025-03-18 20:12:40.106 - DEBUG - src.services.file_parser - Processing row 34: {'From': 'Union of Triumf personal reward', 'To': 'Union of Triumph personal reward', 'Category': 'general'}
2025-03-18 20:12:40.106 - DEBUG - src.services.file_parser - Created rule: Union of Triumf personal reward -> Union of Triumph personal reward (category: general)
2025-03-18 20:12:40.106 - DEBUG - src.services.file_parser - Processing row 35: {'From': 'Triumf', 'To': 'Triumph', 'Category': 'general'}
2025-03-18 20:12:40.106 - DEBUG - src.services.file_parser - Created rule: Triumf -> Triumph (category: general)
2025-03-18 20:12:40.107 - DEBUG - src.services.file_parser - Processing row 36: {'From': 'Triumfp', 'To': 'Triumph', 'Category': 'general'}
2025-03-18 20:12:40.107 - DEBUG - src.services.file_parser - Created rule: Triumfp -> Triumph (category: general)
2025-03-18 20:12:40.107 - DEBUG - src.services.file_parser - Processing row 37: {'From': 'JÃªrmungandr', 'To': 'Jormungandr', 'Category': 'general'}
2025-03-18 20:12:40.107 - DEBUG - src.services.file_parser - Created rule: JÃªrmungandr -> Jormungandr (category: general)
2025-03-18 20:12:40.107 - DEBUG - src.services.file_parser - Processing row 38: {'From': 'Jêrmungandr', 'To': 'Jormungandr', 'Category': 'general'}
2025-03-18 20:12:40.107 - DEBUG - src.services.file_parser - Created rule: Jêrmungandr -> Jormungandr (category: general)
2025-03-18 20:12:40.107 - DEBUG - src.services.file_parser - Processing row 39: {'From': 'J㪲mungandr', 'To': 'Jormungandr', 'Category': 'general'}
2025-03-18 20:12:40.107 - DEBUG - src.services.file_parser - Created rule: J㪲mungandr -> Jormungandr (category: general)
2025-03-18 20:12:40.107 - DEBUG - src.services.file_parser - Processing row 40: {'From': 'JÃ²rmungandr', 'To': 'Jormungandr', 'Category': 'general'}
2025-03-18 20:12:40.108 - DEBUG - src.services.file_parser - Created rule: JÃ²rmungandr -> Jormungandr (category: general)
2025-03-18 20:12:40.108 - DEBUG - src.services.file_parser - Processing row 41: {'From': "Jòrmungandr's", 'To': "Jormungandr's", 'Category': 'general'}
2025-03-18 20:12:40.108 - DEBUG - src.services.file_parser - Created rule: Jòrmungandr's -> Jormungandr's (category: general)
2025-03-18 20:12:40.108 - DEBUG - src.services.file_parser - Processing row 42: {'From': "JÃ²rmungandr's", 'To': "Jormungandr's", 'Category': 'general'}
2025-03-18 20:12:40.108 - DEBUG - src.services.file_parser - Created rule: JÃ²rmungandr's -> Jormungandr's (category: general)
2025-03-18 20:12:40.108 - DEBUG - src.services.file_parser - Processing row 43: {'From': 'JÃ²rmungandr Shop', 'To': 'Jormungandr Shop', 'Category': 'source'}
2025-03-18 20:12:40.109 - DEBUG - src.services.file_parser - Created rule: JÃ²rmungandr Shop -> Jormungandr Shop (category: source)
2025-03-18 20:12:40.109 - DEBUG - src.services.file_parser - Processing row 44: {'From': 'Jòrmungandr Shop', 'To': 'Jormungandr Shop', 'Category': 'source'}
2025-03-18 20:12:40.109 - DEBUG - src.services.file_parser - Created rule: Jòrmungandr Shop -> Jormungandr Shop (category: source)
2025-03-18 20:12:40.109 - DEBUG - src.services.file_parser - Processing row 45: {'From': "Jòrmungandr's Chest", 'To': "Jormungandr's Chest", 'Category': 'chest'}
2025-03-18 20:12:40.109 - DEBUG - src.services.file_parser - Created rule: Jòrmungandr's Chest -> Jormungandr's Chest (category: chest)
2025-03-18 20:12:40.110 - DEBUG - src.services.file_parser - Processing row 46: {'From': 'Epic Jêrmungandr sguad', 'To': 'Epic Jormungandr squad', 'Category': 'source'}
2025-03-18 20:12:40.110 - DEBUG - src.services.file_parser - Created rule: Epic Jêrmungandr sguad -> Epic Jormungandr squad (category: source)
2025-03-18 20:12:40.110 - INFO - src.services.file_parser - Successfully parsed 45 rules from CSV
2025-03-18 20:12:40.110 - INFO - src.services.file_parser - Successfully parsed 45 rules from D:\Projekte\CorrectionTool\data\corrections\standard_corrections.csv
2025-03-18 20:12:40.110 - INFO - src.ui.dashboard - Loading correction file: directly provided list of 45 rules
2025-03-18 20:12:40.111 - INFO - src.ui.dashboard - Loaded 45 correction rules
2025-03-18 20:12:40.111 - DEBUG - src.services.data_manager - Rules are unchanged, skipping
2025-03-18 20:12:40.111 - INFO - src.ui.dashboard - Emitting corrections_loaded signal with 45 rules
2025-03-18 20:12:40.111 - DEBUG - src.services.data_manager - Rules are unchanged, skipping
2025-03-18 20:12:40.111 - INFO - src.ui.correction_manager_panel - CorrectionManagerPanel.set_correction_rules called with 45 rules
2025-03-18 20:12:40.111 - INFO - src.ui.correction_manager_panel - Setting rules in correction rules table
2025-03-18 20:12:40.112 - INFO - src.ui.correction_rules_table - Setting 45 rules in CorrectionRulesTable
2025-03-18 20:12:40.112 - INFO - src.ui.correction_rules_table - CorrectionRulesModel.set_rules called with 45 rules
2025-03-18 20:12:40.128 - INFO - src.ui.correction_rules_table - Rule 0 after set: Маһоп12 -> D4rkBlizZ4rD (category: player)
2025-03-18 20:12:40.128 - INFO - src.ui.correction_rules_table - Rule 1 after set: АЙ -> D4rkBlizZ4rD (category: player)
2025-03-18 20:12:40.129 - INFO - src.ui.correction_rules_table - Rule 2 after set: Fenrir"s Chest -> Fenrir's Chest (category: chest)
2025-03-18 20:12:40.129 - INFO - src.ui.correction_rules_table - Rule 3 after set: Hermes" Store -> Hermes' Store (category: source)
2025-03-18 20:12:40.129 - INFO - src.ui.correction_rules_table - Rule 4 after set: VVarrior"s Chest" -> Warrior's Chest (category: chest)
2025-03-18 20:12:40.129 - DEBUG - src.ui.correction_rules_table - Performing delayed refresh of CorrectionRulesTable
2025-03-18 20:12:40.129 - INFO - src.ui.correction_rules_table - After delayed refresh, table shows 45 rules
2025-03-18 20:12:40.129 - DEBUG - src.services.data_manager - Rules are unchanged, skipping
2025-03-18 20:12:40.130 - INFO - src.ui.dashboard - Dashboard: set_correction_rules called with 45 rules
2025-03-18 20:12:40.130 - INFO - src.ui.dashboard - Updating file import widget with correction rules
2025-03-18 20:12:40.130 - INFO - src.ui.dashboard - Auto-applying new correction rules to existing entries
2025-03-18 20:12:40.130 - INFO - src.ui.dashboard - Applying corrections to entries
2025-03-18 20:12:40.130 - INFO - src.services.corrector - Setting 45 correction rules in Corrector
2025-03-18 20:12:40.130 - INFO - src.services.corrector - Applying corrections to 1944 entries
2025-03-18 20:12:40.130 - INFO - src.services.corrector - Applying 45 rules to 1944 entries
2025-03-18 20:12:40.187 - INFO - src.services.corrector - Applied 0 corrections to 1944 entries
2025-03-18 20:12:40.187 - INFO - src.services.corrector - No corrections were applied
2025-03-18 20:12:40.187 - DEBUG - src.ui.enhanced_table_view - Setting 1944 entries in EnhancedTableView
2025-03-18 20:12:41.747 - DEBUG - src.ui.enhanced_table_view - Successfully set 1944 entries in EnhancedTableView
2025-03-18 20:12:41.748 - INFO - src.ui.dashboard - Validating entries in Dashboard
2025-03-18 20:12:41.748 - INFO - src.ui.dashboard - Validation lists: Players=0, Chest Types=72, Sources=82
2025-03-18 20:12:41.773 - ERROR - src.ui.dashboard - Error validating entries: 'StatisticsWidget' object has no attribute 'update_statistics'
2025-03-18 20:12:41.773 - ERROR - src.ui.dashboard - Error applying corrections: name 'traceback' is not defined
Traceback (most recent call last):
  File "D:\Projekte\CorrectionTool\src\ui\dashboard.py", line 1347, in _validate_entries
    self._statistics_widget.update_statistics(self._entries)
    ^^^^^^^^^^^^^^^^^^^^^^^^^^^^^^^^^^^^^^^^^
AttributeError: 'StatisticsWidget' object has no attribute 'update_statistics'. Did you mean: '_update_statistics'?

During handling of the above exception, another exception occurred:

Traceback (most recent call last):
  File "D:\Projekte\CorrectionTool\src\ui\dashboard.py", line 1021, in _apply_corrections
    self._validate_entries()
  File "D:\Projekte\CorrectionTool\src\ui\dashboard.py", line 1365, in _validate_entries
    self.logger.error(traceback.format_exc())
                      ^^^^^^^^^
NameError: name 'traceback' is not defined. Did you forget to import 'traceback'
2025-03-18 20:12:42.996 - INFO - src.ui.correction_rules_table - Set 45 rules in CorrectionRulesTable and emitted rules_updated signal
2025-03-18 20:12:42.997 - INFO - src.ui.correction_rules_table - Resetting CorrectionRulesTable
2025-03-18 20:12:42.997 - INFO - src.ui.correction_rules_table - CorrectionRulesTable reset complete
2025-03-18 20:12:42.997 - INFO - src.ui.correction_manager_panel - Emitting correction_rules_updated signal with 45 rules
2025-03-18 20:12:42.997 - DEBUG - src.services.data_manager - Rules are unchanged, skipping
2025-03-18 20:12:42.997 - INFO - src.ui.dashboard - Dashboard: set_correction_rules called with 45 rules
2025-03-18 20:12:42.998 - INFO - src.ui.dashboard - Updating file import widget with correction rules
2025-03-18 20:12:42.998 - INFO - src.ui.dashboard - Auto-applying new correction rules to existing entries
2025-03-18 20:12:42.998 - INFO - src.ui.dashboard - Applying corrections to entries
2025-03-18 20:12:42.998 - INFO - src.services.corrector - Setting 45 correction rules in Corrector
2025-03-18 20:12:42.998 - INFO - src.services.corrector - Applying corrections to 1944 entries
2025-03-18 20:12:42.998 - INFO - src.services.corrector - Applying 45 rules to 1944 entries
2025-03-18 20:12:43.061 - INFO - src.services.corrector - Applied 0 corrections to 1944 entries
2025-03-18 20:12:43.061 - INFO - src.services.corrector - No corrections were applied
2025-03-18 20:12:43.061 - DEBUG - src.ui.enhanced_table_view - Setting 1944 entries in EnhancedTableView
2025-03-18 20:12:44.539 - DEBUG - src.ui.enhanced_table_view - Successfully set 1944 entries in EnhancedTableView
2025-03-18 20:12:44.539 - INFO - src.ui.dashboard - Validating entries in Dashboard
2025-03-18 20:12:44.539 - INFO - src.ui.dashboard - Validation lists: Players=0, Chest Types=72, Sources=82
2025-03-18 20:12:44.570 - ERROR - src.ui.dashboard - Error validating entries: 'StatisticsWidget' object has no attribute 'update_statistics'
2025-03-18 20:12:44.570 - ERROR - src.ui.dashboard - Error applying corrections: name 'traceback' is not defined
Traceback (most recent call last):
  File "D:\Projekte\CorrectionTool\src\ui\dashboard.py", line 1347, in _validate_entries
    self._statistics_widget.update_statistics(self._entries)
    ^^^^^^^^^^^^^^^^^^^^^^^^^^^^^^^^^^^^^^^^^
AttributeError: 'StatisticsWidget' object has no attribute 'update_statistics'. Did you mean: '_update_statistics'?

During handling of the above exception, another exception occurred:

Traceback (most recent call last):
  File "D:\Projekte\CorrectionTool\src\ui\dashboard.py", line 1021, in _apply_corrections
    self._validate_entries()
  File "D:\Projekte\CorrectionTool\src\ui\dashboard.py", line 1365, in _validate_entries
    self.logger.error(traceback.format_exc())
                      ^^^^^^^^^
NameError: name 'traceback' is not defined. Did you forget to import 'traceback'
2025-03-18 20:12:45.600 - INFO - src.ui.dashboard - Emitting correction_rules_updated signal with 45 rules
2025-03-18 20:12:45.601 - INFO - src.ui.correction_manager_panel - CorrectionManagerPanel.set_correction_rules called with 45 rules
2025-03-18 20:12:45.601 - INFO - src.ui.correction_manager_panel - Setting rules in correction rules table
2025-03-18 20:12:45.601 - INFO - src.ui.correction_rules_table - Setting 45 rules in CorrectionRulesTable
2025-03-18 20:12:45.601 - INFO - src.ui.correction_rules_table - CorrectionRulesModel.set_rules called with 45 rules
2025-03-18 20:12:45.617 - INFO - src.ui.correction_rules_table - Rule 0 after set: Маһоп12 -> D4rkBlizZ4rD (category: player)
2025-03-18 20:12:45.617 - INFO - src.ui.correction_rules_table - Rule 1 after set: АЙ -> D4rkBlizZ4rD (category: player)
2025-03-18 20:12:45.617 - INFO - src.ui.correction_rules_table - Rule 2 after set: Fenrir"s Chest -> Fenrir's Chest (category: chest)
2025-03-18 20:12:45.618 - INFO - src.ui.correction_rules_table - Rule 3 after set: Hermes" Store -> Hermes' Store (category: source)
2025-03-18 20:12:45.618 - INFO - src.ui.correction_rules_table - Rule 4 after set: VVarrior"s Chest" -> Warrior's Chest (category: chest)
2025-03-18 20:12:45.618 - DEBUG - src.ui.correction_rules_table - Performing delayed refresh of CorrectionRulesTable
2025-03-18 20:12:45.618 - INFO - src.ui.correction_rules_table - After delayed refresh, table shows 45 rules
2025-03-18 20:12:45.618 - DEBUG - src.services.data_manager - Rules are unchanged, skipping
2025-03-18 20:12:45.618 - INFO - src.ui.dashboard - Dashboard: set_correction_rules called with 45 rules
2025-03-18 20:12:45.618 - INFO - src.ui.dashboard - Updating file import widget with correction rules
2025-03-18 20:12:45.619 - INFO - src.ui.dashboard - Auto-applying new correction rules to existing entries
2025-03-18 20:12:45.619 - INFO - src.ui.dashboard - Applying corrections to entries
2025-03-18 20:12:45.619 - INFO - src.services.corrector - Setting 45 correction rules in Corrector
2025-03-18 20:12:45.619 - INFO - src.services.corrector - Applying corrections to 1944 entries
2025-03-18 20:12:45.619 - INFO - src.services.corrector - Applying 45 rules to 1944 entries
2025-03-18 20:12:45.674 - INFO - src.services.corrector - Applied 0 corrections to 1944 entries
2025-03-18 20:12:45.674 - INFO - src.services.corrector - No corrections were applied
2025-03-18 20:12:45.675 - DEBUG - src.ui.enhanced_table_view - Setting 1944 entries in EnhancedTableView
2025-03-18 20:12:47.144 - DEBUG - src.ui.enhanced_table_view - Successfully set 1944 entries in EnhancedTableView
2025-03-18 20:12:47.144 - INFO - src.ui.dashboard - Validating entries in Dashboard
2025-03-18 20:12:47.144 - INFO - src.ui.dashboard - Validation lists: Players=0, Chest Types=72, Sources=82
2025-03-18 20:12:47.168 - ERROR - src.ui.dashboard - Error validating entries: 'StatisticsWidget' object has no attribute 'update_statistics'
2025-03-18 20:12:47.169 - ERROR - src.ui.dashboard - Error applying corrections: name 'traceback' is not defined
Traceback (most recent call last):
  File "D:\Projekte\CorrectionTool\src\ui\dashboard.py", line 1347, in _validate_entries
    self._statistics_widget.update_statistics(self._entries)
    ^^^^^^^^^^^^^^^^^^^^^^^^^^^^^^^^^^^^^^^^^
AttributeError: 'StatisticsWidget' object has no attribute 'update_statistics'. Did you mean: '_update_statistics'?

During handling of the above exception, another exception occurred:

Traceback (most recent call last):
  File "D:\Projekte\CorrectionTool\src\ui\dashboard.py", line 1021, in _apply_corrections
    self._validate_entries()
  File "D:\Projekte\CorrectionTool\src\ui\dashboard.py", line 1365, in _validate_entries
    self.logger.error(traceback.format_exc())
                      ^^^^^^^^^
NameError: name 'traceback' is not defined. Did you forget to import 'traceback'
2025-03-18 20:12:48.184 - INFO - src.ui.correction_rules_table - Set 45 rules in CorrectionRulesTable and emitted rules_updated signal
2025-03-18 20:12:48.185 - INFO - src.ui.correction_rules_table - Resetting CorrectionRulesTable
2025-03-18 20:12:48.185 - INFO - src.ui.correction_rules_table - CorrectionRulesTable reset complete
2025-03-18 20:12:48.185 - INFO - src.ui.correction_manager_panel - Emitting correction_rules_updated signal with 45 rules
2025-03-18 20:12:48.185 - DEBUG - src.services.data_manager - Rules are unchanged, skipping
2025-03-18 20:12:48.185 - INFO - src.ui.dashboard - Dashboard: set_correction_rules called with 45 rules
2025-03-18 20:12:48.185 - INFO - src.ui.dashboard - Updating file import widget with correction rules
2025-03-18 20:12:48.186 - INFO - src.ui.dashboard - Auto-applying new correction rules to existing entries
2025-03-18 20:12:48.186 - INFO - src.ui.dashboard - Applying corrections to entries
2025-03-18 20:12:48.186 - INFO - src.services.corrector - Setting 45 correction rules in Corrector
2025-03-18 20:12:48.186 - INFO - src.services.corrector - Applying corrections to 1944 entries
2025-03-18 20:12:48.186 - INFO - src.services.corrector - Applying 45 rules to 1944 entries
2025-03-18 20:12:48.239 - INFO - src.services.corrector - Applied 0 corrections to 1944 entries
2025-03-18 20:12:48.240 - INFO - src.services.corrector - No corrections were applied
2025-03-18 20:12:48.240 - DEBUG - src.ui.enhanced_table_view - Setting 1944 entries in EnhancedTableView
2025-03-18 20:12:49.667 - DEBUG - src.ui.enhanced_table_view - Successfully set 1944 entries in EnhancedTableView
2025-03-18 20:12:49.667 - INFO - src.ui.dashboard - Validating entries in Dashboard
2025-03-18 20:12:49.667 - INFO - src.ui.dashboard - Validation lists: Players=0, Chest Types=72, Sources=82
2025-03-18 20:12:49.693 - ERROR - src.ui.dashboard - Error validating entries: 'StatisticsWidget' object has no attribute 'update_statistics'
2025-03-18 20:12:49.693 - ERROR - src.ui.dashboard - Error applying corrections: name 'traceback' is not defined
Traceback (most recent call last):
  File "D:\Projekte\CorrectionTool\src\ui\dashboard.py", line 1347, in _validate_entries
    self._statistics_widget.update_statistics(self._entries)
    ^^^^^^^^^^^^^^^^^^^^^^^^^^^^^^^^^^^^^^^^^
AttributeError: 'StatisticsWidget' object has no attribute 'update_statistics'. Did you mean: '_update_statistics'?

During handling of the above exception, another exception occurred:

Traceback (most recent call last):
  File "D:\Projekte\CorrectionTool\src\ui\dashboard.py", line 1021, in _apply_corrections
    self._validate_entries()
  File "D:\Projekte\CorrectionTool\src\ui\dashboard.py", line 1365, in _validate_entries
    self.logger.error(traceback.format_exc())
                      ^^^^^^^^^
NameError: name 'traceback' is not defined. Did you forget to import 'traceback'
2025-03-18 20:12:50.507 - INFO - src.ui.main_window - MainWindow: Received 45 updated correction rules
2025-03-18 20:12:50.507 - DEBUG - src.services.data_manager - Rules are unchanged, skipping
2025-03-18 20:12:50.508 - DEBUG - src.ui.dashboard - Handling corrections applied signal
2025-03-18 20:12:50.508 - WARNING - src.ui.dashboard - Skipping _on_corrections_applied due to signal loop prevention
