2025-03-18 20:02:16.124 - INFO - root - Logging initialized with level: DEBUG
2025-03-18 20:02:16.124 - INFO - root - Logging to file: logs\correction_tool_20250318_200216.log
2025-03-18 20:02:16.124 - INFO - root - ================================================================================
2025-03-18 20:02:16.124 - INFO - root - APPLICATION STARTING
2025-03-18 20:02:16.126 - INFO - root - Python version: 3.12.9 (main, Feb 12 2025, 14:52:31) [MSC v.1942 64 bit (AMD64)]
2025-03-18 20:02:16.126 - INFO - root - Working directory: D:\Projekte\CorrectionTool
2025-03-18 20:02:16.126 - INFO - root - Command line: main.py
2025-03-18 20:02:16.126 - INFO - root - ================================================================================
2025-03-18 20:02:16.126 - INFO - root - Ensured directory exists: data
2025-03-18 20:02:16.126 - INFO - root - Ensured directory exists: data/input
2025-03-18 20:02:16.126 - INFO - root - Ensured directory exists: data/output
2025-03-18 20:02:16.126 - INFO - root - Ensured directory exists: data/corrections
2025-03-18 20:02:16.127 - INFO - root - Ensured directory exists: data/validation
2025-03-18 20:02:16.127 - INFO - src.services.config_manager - Initializing ConfigManager
2025-03-18 20:02:16.127 - INFO - src.services.config_manager - Using config path: C:\Users\schrd\.correction_tool\config.ini
2025-03-18 20:02:16.127 - INFO - src.services.config_manager - Loading configuration from C:\Users\schrd\.correction_tool\config.ini
2025-03-18 20:02:16.133 - INFO - src.services.config_manager - Configuration loaded successfully
2025-03-18 20:02:16.133 - INFO - src.services.config_manager - Migrating configuration to consolidated structure
2025-03-18 20:02:16.133 - INFO - src.services.config_manager - Migrating Correction.default_correction_rules to Paths.correction_rules_file: D:\Projekte\CorrectionTool\data\corrections\standard_corrections.csv
2025-03-18 20:02:16.134 - INFO - src.services.config_manager - Migrating General.last_correction_file to Paths.last_correction_file: D:/Projekte/CorrectionTool/data/corrections/standard_corrections.csv
2025-03-18 20:02:16.134 - INFO - src.services.config_manager - Migrating Files.default_correction_list to Paths.correction_rules_file: D:\Projekte\CorrectionTool\data\corrections\standard_corrections.csv
2025-03-18 20:02:16.134 - INFO - src.services.config_manager - Migrating Paths.default_correction_rules to Paths.correction_rules_file: D:/Projekte/CorrectionTool/data/corrections/standard_corrections.csv
2025-03-18 20:02:16.134 - INFO - src.services.config_manager - Migrating Files.last_correction_directory to Paths.corrections_dir: D:\Projekte\CorrectionTool\data\corrections
2025-03-18 20:02:16.134 - INFO - src.services.config_manager - Migrating General.last_folder to Paths.last_folder: D:\Projekte\CorrectionTool\data\corrections
2025-03-18 20:02:16.135 - INFO - src.services.config_manager - Configuration migration completed
2025-03-18 20:02:16.135 - INFO - src.services.config_manager - ConfigManager initialized successfully
2025-03-18 20:02:16.135 - INFO - root - Configuration initialized
2025-03-18 20:02:16.150 - INFO - root - Setting up MainWindow
2025-03-18 20:02:16.151 - INFO - src.services.data_manager - DataManager initialized
2025-03-18 20:02:16.366 - INFO - src.ui.dashboard - Initializing Dashboard
2025-03-18 20:02:16.388 - INFO - src.ui.dashboard - Connecting Dashboard signals
2025-03-18 20:02:16.388 - WARNING - src.ui.dashboard - Correction manager not available for signal connection
2025-03-18 20:02:16.388 - INFO - src.ui.dashboard - Dashboard signals connected successfully
2025-03-18 20:02:16.389 - INFO - src.ui.dashboard - Status bar initialized from parent
2025-03-18 20:02:16.389 - INFO - src.ui.dashboard - Dashboard: Loading saved correction rules
2025-03-18 20:02:16.389 - INFO - src.ui.dashboard - Found correction file in config: D:/Projekte/CorrectionTool/data/corrections/standard_corrections.csv
2025-03-18 20:02:16.389 - INFO - src.ui.dashboard - Loading correction rules from D:\Projekte\CorrectionTool\data\corrections\standard_corrections.csv
2025-03-18 20:02:16.390 - INFO - src.services.file_parser - Parsing correction file: D:\Projekte\CorrectionTool\data\corrections\standard_corrections.csv
2025-03-18 20:02:16.390 - INFO - src.services.file_parser - Parsing CSV file: D:\Projekte\CorrectionTool\data\corrections\standard_corrections.csv
2025-03-18 20:02:16.390 - INFO - src.services.file_parser - Attempting to parse CSV with encoding: utf-8
2025-03-18 20:02:16.390 - DEBUG - src.services.file_parser - Delimiter ';' gives 1 columns
2025-03-18 20:02:16.390 - DEBUG - src.services.file_parser - Delimiter ',' gives 3 columns
2025-03-18 20:02:16.391 - DEBUG - src.services.file_parser - Delimiter '	' gives 1 columns
2025-03-18 20:02:16.391 - INFO - src.services.file_parser - Using delimiter: ',' with 3 columns
2025-03-18 20:02:16.391 - INFO - src.services.file_parser - CSV headers: ['From', 'To', 'Category']
2025-03-18 20:02:16.391 - INFO - src.services.file_parser - Found required headers (case-insensitive)
2025-03-18 20:02:16.391 - DEBUG - src.services.file_parser - Processing row 2: {'From': 'Маһоп12', 'To': 'D4rkBlizZ4rD', 'Category': 'player'}
2025-03-18 20:02:16.391 - DEBUG - src.services.file_parser - Created rule: Маһоп12 -> D4rkBlizZ4rD (category: player)
2025-03-18 20:02:16.391 - DEBUG - src.services.file_parser - Processing row 3: {'From': 'АЙ', 'To': 'D4rkBlizZ4rD', 'Category': 'player'}
2025-03-18 20:02:16.392 - DEBUG - src.services.file_parser - Created rule: АЙ -> D4rkBlizZ4rD (category: player)
2025-03-18 20:02:16.392 - DEBUG - src.services.file_parser - Processing row 4: {'From': 'Fenrir"s Chest', 'To': "Fenrir's Chest", 'Category': 'chest'}
2025-03-18 20:02:16.392 - DEBUG - src.services.file_parser - Created rule: Fenrir"s Chest -> Fenrir's Chest (category: chest)
2025-03-18 20:02:16.392 - DEBUG - src.services.file_parser - Processing row 5: {'From': 'Hermes" Store', 'To': "Hermes' Store", 'Category': 'source'}
2025-03-18 20:02:16.392 - DEBUG - src.services.file_parser - Created rule: Hermes" Store -> Hermes' Store (category: source)
2025-03-18 20:02:16.392 - DEBUG - src.services.file_parser - Processing row 6: {'From': 'VVarrior"s Chest"', 'To': "Warrior's Chest", 'Category': 'chest'}
2025-03-18 20:02:16.393 - DEBUG - src.services.file_parser - Created rule: VVarrior"s Chest" -> Warrior's Chest (category: chest)
2025-03-18 20:02:16.393 - DEBUG - src.services.file_parser - Processing row 7: {'From': 'Clan vvealth', 'To': 'Clan wealth', 'Category': 'source'}
2025-03-18 20:02:16.393 - DEBUG - src.services.file_parser - Created rule: Clan vvealth -> Clan wealth (category: source)
2025-03-18 20:02:16.393 - DEBUG - src.services.file_parser - Processing row 8: {'From': 'OsmanliTorunu', 'To': 'OsmanlıTorunu', 'Category': 'player'}
2025-03-18 20:02:16.393 - DEBUG - src.services.file_parser - Created rule: OsmanliTorunu -> OsmanlıTorunu (category: player)
2025-03-18 20:02:16.393 - DEBUG - src.services.file_parser - Processing row 9: {'From': 'Epic Ancient sguad', 'To': 'Epic Ancient squad', 'Category': 'source'}
2025-03-18 20:02:16.393 - DEBUG - src.services.file_parser - Created rule: Epic Ancient sguad -> Epic Ancient squad (category: source)
2025-03-18 20:02:16.394 - DEBUG - src.services.file_parser - Processing row 10: {'From': 'Snovvvveaver', 'To': 'Snowweaver', 'Category': 'player'}
2025-03-18 20:02:16.394 - DEBUG - src.services.file_parser - Created rule: Snovvvveaver -> Snowweaver (category: player)
2025-03-18 20:02:16.394 - DEBUG - src.services.file_parser - Processing row 11: {'From': 'Krimelmonster', 'To': 'Krümelmonster', 'Category': 'player'}
2025-03-18 20:02:16.394 - DEBUG - src.services.file_parser - Created rule: Krimelmonster -> Krümelmonster (category: player)
2025-03-18 20:02:16.394 - DEBUG - src.services.file_parser - Processing row 12: {'From': 'GUARDIENOfTHUNDER', 'To': 'GUARDIENofTHUNDER', 'Category': 'player'}
2025-03-18 20:02:16.394 - DEBUG - src.services.file_parser - Created rule: GUARDIENOfTHUNDER -> GUARDIENofTHUNDER (category: player)
2025-03-18 20:02:16.394 - DEBUG - src.services.file_parser - Processing row 13: {'From': 'Rare Chest of VVealth', 'To': 'Rare Chest of Wealth', 'Category': 'chest'}
2025-03-18 20:02:16.394 - DEBUG - src.services.file_parser - Created rule: Rare Chest of VVealth -> Rare Chest of Wealth (category: chest)
2025-03-18 20:02:16.395 - DEBUG - src.services.file_parser - Processing row 14: {'From': 'Epic Chest of Vvealth', 'To': 'Epic Chest of Wealth', 'Category': 'chest'}
2025-03-18 20:02:16.395 - DEBUG - src.services.file_parser - Created rule: Epic Chest of Vvealth -> Epic Chest of Wealth (category: chest)
2025-03-18 20:02:16.395 - DEBUG - src.services.file_parser - Processing row 15: {'From': 'Sir Nightvvoolf', 'To': 'Sir Nightwoolf', 'Category': 'player'}
2025-03-18 20:02:16.395 - DEBUG - src.services.file_parser - Created rule: Sir Nightvvoolf -> Sir Nightwoolf (category: player)
2025-03-18 20:02:16.395 - DEBUG - src.services.file_parser - Processing row 16: {'From': 'Hammerschlagi', 'To': 'Hammerschlag1', 'Category': 'player'}
2025-03-18 20:02:16.395 - DEBUG - src.services.file_parser - Created rule: Hammerschlagi -> Hammerschlag1 (category: player)
2025-03-18 20:02:16.396 - DEBUG - src.services.file_parser - Processing row 17: {'From': 'Feldjager', 'To': 'Feldjäger', 'Category': 'player'}
2025-03-18 20:02:16.396 - DEBUG - src.services.file_parser - Created rule: Feldjager -> Feldjäger (category: player)
2025-03-18 20:02:16.396 - DEBUG - src.services.file_parser - Processing row 18: {'From': 'Feldj䧥r', 'To': 'Feldjäger', 'Category': 'player'}
2025-03-18 20:02:16.396 - DEBUG - src.services.file_parser - Created rule: Feldj䧥r -> Feldjäger (category: player)
2025-03-18 20:02:16.396 - DEBUG - src.services.file_parser - Processing row 19: {'From': 'Lord Ore', 'To': 'Lord Öre', 'Category': 'player'}
2025-03-18 20:02:16.396 - DEBUG - src.services.file_parser - Created rule: Lord Ore -> Lord Öre (category: player)
2025-03-18 20:02:16.396 - DEBUG - src.services.file_parser - Processing row 20: {'From': 'Lord ֲe', 'To': 'Lord Öre', 'Category': 'player'}
2025-03-18 20:02:16.396 - DEBUG - src.services.file_parser - Created rule: Lord ֲe -> Lord Öre (category: player)
2025-03-18 20:02:16.396 - DEBUG - src.services.file_parser - Processing row 21: {'From': 'Epic Fenrir sguad', 'To': 'Epic Fenrir squad', 'Category': 'source'}
2025-03-18 20:02:16.396 - DEBUG - src.services.file_parser - Created rule: Epic Fenrir sguad -> Epic Fenrir squad (category: source)
2025-03-18 20:02:16.397 - DEBUG - src.services.file_parser - Processing row 22: {'From': 'Ouick March Chest', 'To': 'Quick March Chest', 'Category': 'chest'}
2025-03-18 20:02:16.397 - DEBUG - src.services.file_parser - Created rule: Ouick March Chest -> Quick March Chest (category: chest)
2025-03-18 20:02:16.397 - DEBUG - src.services.file_parser - Processing row 23: {'From': 'Epic Fenrir sguad', 'To': 'Epic Fenrir squad', 'Category': 'source'}
2025-03-18 20:02:16.397 - DEBUG - src.services.file_parser - Created rule: Epic Fenrir sguad -> Epic Fenrir squad (category: source)
2025-03-18 20:02:16.397 - DEBUG - src.services.file_parser - Processing row 24: {'From': 'Union of Triumph personal revvard', 'To': 'Union of Triumph personal reward', 'Category': 'source'}
2025-03-18 20:02:16.397 - DEBUG - src.services.file_parser - Created rule: Union of Triumph personal revvard -> Union of Triumph personal reward (category: source)
2025-03-18 20:02:16.397 - DEBUG - src.services.file_parser - Processing row 25: {'From': 'revvard', 'To': 'reward', 'Category': 'general'}
2025-03-18 20:02:16.398 - DEBUG - src.services.file_parser - Created rule: revvard -> reward (category: general)
2025-03-18 20:02:16.398 - DEBUG - src.services.file_parser - Processing row 26: {'From': 'sguad', 'To': 'squad', 'Category': 'general'}
2025-03-18 20:02:16.398 - DEBUG - src.services.file_parser - Created rule: sguad -> squad (category: general)
2025-03-18 20:02:16.398 - DEBUG - src.services.file_parser - Processing row 27: {'From': 'Vvealth', 'To': 'Wealth', 'Category': 'general'}
2025-03-18 20:02:16.398 - DEBUG - src.services.file_parser - Created rule: Vvealth -> Wealth (category: general)
2025-03-18 20:02:16.398 - DEBUG - src.services.file_parser - Processing row 28: {'From': 'VVealth', 'To': 'Wealth', 'Category': 'general'}
2025-03-18 20:02:16.398 - DEBUG - src.services.file_parser - Created rule: VVealth -> Wealth (category: general)
2025-03-18 20:02:16.398 - DEBUG - src.services.file_parser - Processing row 29: {'From': 'Julius Casar', 'To': 'Julius Cäsar', 'Category': 'player'}
2025-03-18 20:02:16.399 - DEBUG - src.services.file_parser - Created rule: Julius Casar -> Julius Cäsar (category: player)
2025-03-18 20:02:16.399 - DEBUG - src.services.file_parser - Processing row 30: {'From': 'Juslius C䳡r', 'To': 'Julius Cäsar', 'Category': 'player'}
2025-03-18 20:02:16.399 - DEBUG - src.services.file_parser - Created rule: Juslius C䳡r -> Julius Cäsar (category: player)
2025-03-18 20:02:16.399 - DEBUG - src.services.file_parser - Processing row 31: {'From': 'Juslius Cäsar', 'To': 'Julius Cäsar', 'Category': 'player'}
2025-03-18 20:02:16.399 - DEBUG - src.services.file_parser - Created rule: Juslius Cäsar -> Julius Cäsar (category: player)
2025-03-18 20:02:16.399 - DEBUG - src.services.file_parser - Processing row 32: {'From': 'Ancients"', 'To': "Ancients'", 'Category': 'general'}
2025-03-18 20:02:16.399 - DEBUG - src.services.file_parser - Created rule: Ancients" -> Ancients' (category: general)
2025-03-18 20:02:16.399 - DEBUG - src.services.file_parser - Processing row 33: {'From': 'Quick March Chest Chest', 'To': 'Quick March Chest', 'Category': 'chest'}
2025-03-18 20:02:16.399 - DEBUG - src.services.file_parser - Created rule: Quick March Chest Chest -> Quick March Chest (category: chest)
2025-03-18 20:02:16.399 - DEBUG - src.services.file_parser - Processing row 34: {'From': 'Union of Triumf personal reward', 'To': 'Union of Triumph personal reward', 'Category': 'general'}
2025-03-18 20:02:16.400 - DEBUG - src.services.file_parser - Created rule: Union of Triumf personal reward -> Union of Triumph personal reward (category: general)
2025-03-18 20:02:16.400 - DEBUG - src.services.file_parser - Processing row 35: {'From': 'Triumf', 'To': 'Triumph', 'Category': 'general'}
2025-03-18 20:02:16.400 - DEBUG - src.services.file_parser - Created rule: Triumf -> Triumph (category: general)
2025-03-18 20:02:16.400 - DEBUG - src.services.file_parser - Processing row 36: {'From': 'Triumfp', 'To': 'Triumph', 'Category': 'general'}
2025-03-18 20:02:16.400 - DEBUG - src.services.file_parser - Created rule: Triumfp -> Triumph (category: general)
2025-03-18 20:02:16.400 - DEBUG - src.services.file_parser - Processing row 37: {'From': 'JÃªrmungandr', 'To': 'Jormungandr', 'Category': 'general'}
2025-03-18 20:02:16.400 - DEBUG - src.services.file_parser - Created rule: JÃªrmungandr -> Jormungandr (category: general)
2025-03-18 20:02:16.400 - DEBUG - src.services.file_parser - Processing row 38: {'From': 'Jêrmungandr', 'To': 'Jormungandr', 'Category': 'general'}
2025-03-18 20:02:16.401 - DEBUG - src.services.file_parser - Created rule: Jêrmungandr -> Jormungandr (category: general)
2025-03-18 20:02:16.401 - DEBUG - src.services.file_parser - Processing row 39: {'From': 'J㪲mungandr', 'To': 'Jormungandr', 'Category': 'general'}
2025-03-18 20:02:16.401 - DEBUG - src.services.file_parser - Created rule: J㪲mungandr -> Jormungandr (category: general)
2025-03-18 20:02:16.401 - DEBUG - src.services.file_parser - Processing row 40: {'From': 'JÃ²rmungandr', 'To': 'Jormungandr', 'Category': 'general'}
2025-03-18 20:02:16.401 - DEBUG - src.services.file_parser - Created rule: JÃ²rmungandr -> Jormungandr (category: general)
2025-03-18 20:02:16.401 - DEBUG - src.services.file_parser - Processing row 41: {'From': "Jòrmungandr's", 'To': "Jormungandr's", 'Category': 'general'}
2025-03-18 20:02:16.401 - DEBUG - src.services.file_parser - Created rule: Jòrmungandr's -> Jormungandr's (category: general)
2025-03-18 20:02:16.402 - DEBUG - src.services.file_parser - Processing row 42: {'From': "JÃ²rmungandr's", 'To': "Jormungandr's", 'Category': 'general'}
2025-03-18 20:02:16.402 - DEBUG - src.services.file_parser - Created rule: JÃ²rmungandr's -> Jormungandr's (category: general)
2025-03-18 20:02:16.402 - DEBUG - src.services.file_parser - Processing row 43: {'From': 'JÃ²rmungandr Shop', 'To': 'Jormungandr Shop', 'Category': 'source'}
2025-03-18 20:02:16.402 - DEBUG - src.services.file_parser - Created rule: JÃ²rmungandr Shop -> Jormungandr Shop (category: source)
2025-03-18 20:02:16.402 - DEBUG - src.services.file_parser - Processing row 44: {'From': 'Jòrmungandr Shop', 'To': 'Jormungandr Shop', 'Category': 'source'}
2025-03-18 20:02:16.402 - DEBUG - src.services.file_parser - Created rule: Jòrmungandr Shop -> Jormungandr Shop (category: source)
2025-03-18 20:02:16.402 - DEBUG - src.services.file_parser - Processing row 45: {'From': "Jòrmungandr's Chest", 'To': "Jormungandr's Chest", 'Category': 'chest'}
2025-03-18 20:02:16.403 - DEBUG - src.services.file_parser - Created rule: Jòrmungandr's Chest -> Jormungandr's Chest (category: chest)
2025-03-18 20:02:16.403 - DEBUG - src.services.file_parser - Processing row 46: {'From': 'Epic Jêrmungandr sguad', 'To': 'Epic Jormungandr squad', 'Category': 'source'}
2025-03-18 20:02:16.403 - DEBUG - src.services.file_parser - Created rule: Epic Jêrmungandr sguad -> Epic Jormungandr squad (category: source)
2025-03-18 20:02:16.403 - INFO - src.services.file_parser - Successfully parsed 45 rules from CSV
2025-03-18 20:02:16.403 - INFO - src.services.file_parser - Successfully parsed 45 rules from D:\Projekte\CorrectionTool\data\corrections\standard_corrections.csv
2025-03-18 20:02:16.403 - INFO - src.ui.dashboard - Successfully loaded 45 correction rules
2025-03-18 20:02:16.403 - INFO - src.ui.dashboard - Setting rules in file import widget
2025-03-18 20:02:16.404 - INFO - src.ui.dashboard - Loading correction file: [CorrectionRule(from_text='Маһоп12', to_text='D4rkBlizZ4rD', rule_type='exact', priority=0, category='player', disabled=False), CorrectionRule(from_text='АЙ', to_text='D4rkBlizZ4rD', rule_type='exact', priority=0, category='player', disabled=False), CorrectionRule(from_text='Fenrir"s Chest', to_text="Fenrir's Chest", rule_type='exact', priority=0, category='chest', disabled=False), CorrectionRule(from_text='Hermes" Store', to_text="Hermes' Store", rule_type='exact', priority=0, category='source', disabled=False), CorrectionRule(from_text='VVarrior"s Chest"', to_text="Warrior's Chest", rule_type='exact', priority=0, category='chest', disabled=False), CorrectionRule(from_text='Clan vvealth', to_text='Clan wealth', rule_type='exact', priority=0, category='source', disabled=False), CorrectionRule(from_text='OsmanliTorunu', to_text='OsmanlıTorunu', rule_type='exact', priority=0, category='player', disabled=False), CorrectionRule(from_text='Epic Ancient sguad', to_text='Epic Ancient squad', rule_type='exact', priority=0, category='source', disabled=False), CorrectionRule(from_text='Snovvvveaver', to_text='Snowweaver', rule_type='exact', priority=0, category='player', disabled=False), CorrectionRule(from_text='Krimelmonster', to_text='Krümelmonster', rule_type='exact', priority=0, category='player', disabled=False), CorrectionRule(from_text='GUARDIENOfTHUNDER', to_text='GUARDIENofTHUNDER', rule_type='exact', priority=0, category='player', disabled=False), CorrectionRule(from_text='Rare Chest of VVealth', to_text='Rare Chest of Wealth', rule_type='exact', priority=0, category='chest', disabled=False), CorrectionRule(from_text='Epic Chest of Vvealth', to_text='Epic Chest of Wealth', rule_type='exact', priority=0, category='chest', disabled=False), CorrectionRule(from_text='Sir Nightvvoolf', to_text='Sir Nightwoolf', rule_type='exact', priority=0, category='player', disabled=False), CorrectionRule(from_text='Hammerschlagi', to_text='Hammerschlag1', rule_type='exact', priority=0, category='player', disabled=False), CorrectionRule(from_text='Feldjager', to_text='Feldjäger', rule_type='exact', priority=0, category='player', disabled=False), CorrectionRule(from_text='Feldj䧥r', to_text='Feldjäger', rule_type='exact', priority=0, category='player', disabled=False), CorrectionRule(from_text='Lord Ore', to_text='Lord Öre', rule_type='exact', priority=0, category='player', disabled=False), CorrectionRule(from_text='Lord ֲe', to_text='Lord Öre', rule_type='exact', priority=0, category='player', disabled=False), CorrectionRule(from_text='Epic Fenrir sguad', to_text='Epic Fenrir squad', rule_type='exact', priority=0, category='source', disabled=False), CorrectionRule(from_text='Ouick March Chest', to_text='Quick March Chest', rule_type='exact', priority=0, category='chest', disabled=False), CorrectionRule(from_text='Epic Fenrir sguad', to_text='Epic Fenrir squad', rule_type='exact', priority=0, category='source', disabled=False), CorrectionRule(from_text='Union of Triumph personal revvard', to_text='Union of Triumph personal reward', rule_type='exact', priority=0, category='source', disabled=False), CorrectionRule(from_text='revvard', to_text='reward', rule_type='exact', priority=0, category='general', disabled=False), CorrectionRule(from_text='sguad', to_text='squad', rule_type='exact', priority=0, category='general', disabled=False), CorrectionRule(from_text='Vvealth', to_text='Wealth', rule_type='exact', priority=0, category='general', disabled=False), CorrectionRule(from_text='VVealth', to_text='Wealth', rule_type='exact', priority=0, category='general', disabled=False), CorrectionRule(from_text='Julius Casar', to_text='Julius Cäsar', rule_type='exact', priority=0, category='player', disabled=False), CorrectionRule(from_text='Juslius C䳡r', to_text='Julius Cäsar', rule_type='exact', priority=0, category='player', disabled=False), CorrectionRule(from_text='Juslius Cäsar', to_text='Julius Cäsar', rule_type='exact', priority=0, category='player', disabled=False), CorrectionRule(from_text='Ancients"', to_text="Ancients'", rule_type='exact', priority=0, category='general', disabled=False), CorrectionRule(from_text='Quick March Chest Chest', to_text='Quick March Chest', rule_type='exact', priority=0, category='chest', disabled=False), CorrectionRule(from_text='Union of Triumf personal reward', to_text='Union of Triumph personal reward', rule_type='exact', priority=0, category='general', disabled=False), CorrectionRule(from_text='Triumf', to_text='Triumph', rule_type='exact', priority=0, category='general', disabled=False), CorrectionRule(from_text='Triumfp', to_text='Triumph', rule_type='exact', priority=0, category='general', disabled=False), CorrectionRule(from_text='JÃªrmungandr', to_text='Jormungandr', rule_type='exact', priority=0, category='general', disabled=False), CorrectionRule(from_text='Jêrmungandr', to_text='Jormungandr', rule_type='exact', priority=0, category='general', disabled=False), CorrectionRule(from_text='J㪲mungandr', to_text='Jormungandr', rule_type='exact', priority=0, category='general', disabled=False), CorrectionRule(from_text='JÃ²rmungandr', to_text='Jormungandr', rule_type='exact', priority=0, category='general', disabled=False), CorrectionRule(from_text="Jòrmungandr's", to_text="Jormungandr's", rule_type='exact', priority=0, category='general', disabled=False), CorrectionRule(from_text="JÃ²rmungandr's", to_text="Jormungandr's", rule_type='exact', priority=0, category='general', disabled=False), CorrectionRule(from_text='JÃ²rmungandr Shop', to_text='Jormungandr Shop', rule_type='exact', priority=0, category='source', disabled=False), CorrectionRule(from_text='Jòrmungandr Shop', to_text='Jormungandr Shop', rule_type='exact', priority=0, category='source', disabled=False), CorrectionRule(from_text="Jòrmungandr's Chest", to_text="Jormungandr's Chest", rule_type='exact', priority=0, category='chest', disabled=False), CorrectionRule(from_text='Epic Jêrmungandr sguad', to_text='Epic Jormungandr squad', rule_type='exact', priority=0, category='source', disabled=False)]
2025-03-18 20:02:16.406 - ERROR - src.ui.dashboard - Error loading correction file: argument should be a str or an os.PathLike object where __fspath__ returns a str, not 'list'
2025-03-18 20:02:16.407 - DEBUG - src.ui.dashboard - Traceback (most recent call last):
  File "D:\Projekte\CorrectionTool\src\ui\dashboard.py", line 384, in _on_load_correction_file
    rules = parser.parse_correction_file(file_path)
            ^^^^^^^^^^^^^^^^^^^^^^^^^^^^^^^^^^^^^^^
  File "D:\Projekte\CorrectionTool\src\services\file_parser.py", line 110, in parse_correction_file
    file_path = Path(file_path)
                ^^^^^^^^^^^^^^^
  File "C:\Users\schrd\AppData\Roaming\uv\python\cpython-3.12.9-windows-x86_64-none\Lib\pathlib.py", line 1162, in __init__
    super().__init__(*args)
  File "C:\Users\schrd\AppData\Roaming\uv\python\cpython-3.12.9-windows-x86_64-none\Lib\pathlib.py", line 373, in __init__
    raise TypeError(
TypeError: argument should be a str or an os.PathLike object where __fspath__ returns a str, not 'list'

2025-03-18 20:02:16.407 - CRITICAL - root - Unhandled exception
Traceback (most recent call last):
  File "D:\Projekte\CorrectionTool\src\ui\dashboard.py", line 384, in _on_load_correction_file
    rules = parser.parse_correction_file(file_path)
            ^^^^^^^^^^^^^^^^^^^^^^^^^^^^^^^^^^^^^^^
  File "D:\Projekte\CorrectionTool\src\services\file_parser.py", line 110, in parse_correction_file
    file_path = Path(file_path)
                ^^^^^^^^^^^^^^^
  File "C:\Users\schrd\AppData\Roaming\uv\python\cpython-3.12.9-windows-x86_64-none\Lib\pathlib.py", line 1162, in __init__
    super().__init__(*args)
  File "C:\Users\schrd\AppData\Roaming\uv\python\cpython-3.12.9-windows-x86_64-none\Lib\pathlib.py", line 373, in __init__
    raise TypeError(
TypeError: argument should be a str or an os.PathLike object where __fspath__ returns a str, not 'list'

During handling of the above exception, another exception occurred:

Traceback (most recent call last):
  File "D:\Projekte\CorrectionTool\src\ui\dashboard.py", line 426, in _on_load_correction_file
    self.status_bar.showMessage(f"Error loading correction file: {str(e)}")
    ^^^^^^^^^^^^^^^
AttributeError: 'Dashboard' object has no attribute 'status_bar'. Did you mean: '_status_bar'?
2025-03-18 20:02:16.411 - INFO - src.ui.dashboard - Dashboard: Loading saved validation lists
2025-03-18 20:02:16.411 - INFO - src.ui.dashboard - Loading validation lists from config: player=D:/Projekte/CorrectionTool/data/validation/players.txt, chest=D:/Projekte/CorrectionTool/data/validation/chest_types.txt, source=D:/Projekte/CorrectionTool/data/validation/sources.txt
2025-03-18 20:02:16.412 - INFO - src.ui.dashboard - Loading player list from: D:\Projekte\CorrectionTool\data\validation\players.txt
2025-03-18 20:02:16.412 - INFO - src.models.validation_list - Loading validation list from: D:\Projekte\CorrectionTool\data\validation\players.txt
2025-03-18 20:02:16.412 - INFO - src.models.validation_list - Loaded 94 entries from text file. First few entries: ['Alarich', 'Alexa Elly', 'Alf', 'Alisea', 'Anararad']
2025-03-18 20:02:16.412 - INFO - src.ui.dashboard - Loaded player list with 94 items
2025-03-18 20:02:16.413 - INFO - src.ui.dashboard - Loading chest type list from: D:\Projekte\CorrectionTool\data\validation\chest_types.txt
2025-03-18 20:02:16.413 - INFO - src.models.validation_list - Loading validation list from: D:\Projekte\CorrectionTool\data\validation\chest_types.txt
2025-03-18 20:02:16.413 - INFO - src.models.validation_list - Loaded 72 entries from text file. First few entries: ['Abandoned Chest', "Ancient Warrior's Chest", 'Ancient Bastion Chest', "Ancients' Chest", 'Arachne Chest']
2025-03-18 20:02:16.413 - INFO - src.ui.dashboard - Loaded chest type list with 72 items
2025-03-18 20:02:16.413 - INFO - src.ui.dashboard - Loading source list from: D:\Projekte\CorrectionTool\data\validation\sources.txt
2025-03-18 20:02:16.414 - INFO - src.models.validation_list - Loading validation list from: D:\Projekte\CorrectionTool\data\validation\sources.txt
2025-03-18 20:02:16.414 - INFO - src.models.validation_list - Loaded 82 entries from text file. First few entries: ['Level 5 Crypt', 'Level 10 Crypt', 'Level 15 Crypt', 'Level 20 Crypt', 'Level 25 Crypt']
2025-03-18 20:02:16.414 - INFO - src.ui.dashboard - Loaded source list with 82 items
2025-03-18 20:02:16.414 - INFO - src.services.data_manager - Setting 3 validation lists in DataManager
2025-03-18 20:02:16.447 - INFO - src.services.data_manager - Emitting validation_lists_changed signal with 3 lists
2025-03-18 20:02:16.447 - INFO - src.ui.dashboard - Re-emitting 3 validation lists
2025-03-18 20:02:16.447 - INFO - src.ui.dashboard - Dashboard widget is visible: False
2025-03-18 20:02:16.448 - WARNING - src.ui.dashboard - Correction manager not available for delayed emit
2025-03-18 20:02:16.448 - INFO - src.ui.dashboard - Loaded 3 validation lists from config
2025-03-18 20:02:16.448 - INFO - src.ui.dashboard - Dashboard initialized
2025-03-18 20:02:16.454 - INFO - src.ui.correction_rules_table - Initializing CorrectionRulesModel
2025-03-18 20:02:16.456 - INFO - src.ui.correction_manager_panel - Connecting rules_updated signal from table to correction_rules_updated signal
2025-03-18 20:02:16.504 - INFO - src.ui.settings_panel - Loading settings from config
2025-03-18 20:02:16.504 - INFO - src.ui.settings_panel - Loaded settings - Input Dir: data/input, Output Dir: data/output
2025-03-18 20:02:16.504 - INFO - src.ui.settings_panel - Loaded settings - Corrections Dir: D:\Projekte\CorrectionTool\data\corrections, Validation Dir: data/validation
2025-03-18 20:02:16.504 - INFO - src.ui.settings_panel - Loaded settings - Input Ext: csv, Correction Ext: csv
2025-03-18 20:02:16.504 - INFO - src.ui.settings_panel - Loaded settings - Fuzzy Match Threshold: 0.85, Strictness: normal
2025-03-18 20:02:16.509 - INFO - src.ui.main_window - Connecting MainWindow signals
2025-03-18 20:02:16.510 - INFO - src.ui.main_window - Connecting dashboard signals
2025-03-18 20:02:16.510 - ERROR - root - Error connecting signals: 'CorrectionManagerPanel' object has no attribute 'set_rules'
2025-03-18 20:02:16.513 - ERROR - root - Traceback (most recent call last):
  File "D:\Projekte\CorrectionTool\src\ui\main_window.py", line 332, in _connect_signals
    self._connect_dashboard_signals()
  File "D:\Projekte\CorrectionTool\src\ui\main_window.py", line 641, in _connect_dashboard_signals
    self._dashboard.corrections_loaded.connect(self._correction_manager.set_rules)
                                               ^^^^^^^^^^^^^^^^^^^^^^^^^^^^^^^^^^
AttributeError: 'CorrectionManagerPanel' object has no attribute 'set_rules'

2025-03-18 20:02:16.514 - INFO - src.ui.main_window - Restoring application state
2025-03-18 20:02:16.514 - INFO - src.ui.main_window - Loading initial data
2025-03-18 20:02:16.514 - INFO - src.services.data_manager - DataManager: Loading saved correction rules
2025-03-18 20:02:16.514 - INFO - src.services.data_manager - Attempting to load correction rules from: D:/Projekte/CorrectionTool/data/corrections/standard_corrections.csv
2025-03-18 20:02:16.514 - INFO - src.services.file_parser - Parsing correction file: D:\Projekte\CorrectionTool\data\corrections\standard_corrections.csv
2025-03-18 20:02:16.515 - INFO - src.services.file_parser - Parsing CSV file: D:\Projekte\CorrectionTool\data\corrections\standard_corrections.csv
2025-03-18 20:02:16.515 - INFO - src.services.file_parser - Attempting to parse CSV with encoding: utf-8
2025-03-18 20:02:16.515 - DEBUG - src.services.file_parser - Delimiter ';' gives 1 columns
2025-03-18 20:02:16.515 - DEBUG - src.services.file_parser - Delimiter ',' gives 3 columns
2025-03-18 20:02:16.515 - DEBUG - src.services.file_parser - Delimiter '	' gives 1 columns
2025-03-18 20:02:16.515 - INFO - src.services.file_parser - Using delimiter: ',' with 3 columns
2025-03-18 20:02:16.516 - INFO - src.services.file_parser - CSV headers: ['From', 'To', 'Category']
2025-03-18 20:02:16.516 - INFO - src.services.file_parser - Found required headers (case-insensitive)
2025-03-18 20:02:16.516 - DEBUG - src.services.file_parser - Processing row 2: {'From': 'Маһоп12', 'To': 'D4rkBlizZ4rD', 'Category': 'player'}
2025-03-18 20:02:16.516 - DEBUG - src.services.file_parser - Created rule: Маһоп12 -> D4rkBlizZ4rD (category: player)
2025-03-18 20:02:16.516 - DEBUG - src.services.file_parser - Processing row 3: {'From': 'АЙ', 'To': 'D4rkBlizZ4rD', 'Category': 'player'}
2025-03-18 20:02:16.516 - DEBUG - src.services.file_parser - Created rule: АЙ -> D4rkBlizZ4rD (category: player)
2025-03-18 20:02:16.516 - DEBUG - src.services.file_parser - Processing row 4: {'From': 'Fenrir"s Chest', 'To': "Fenrir's Chest", 'Category': 'chest'}
2025-03-18 20:02:16.516 - DEBUG - src.services.file_parser - Created rule: Fenrir"s Chest -> Fenrir's Chest (category: chest)
2025-03-18 20:02:16.516 - DEBUG - src.services.file_parser - Processing row 5: {'From': 'Hermes" Store', 'To': "Hermes' Store", 'Category': 'source'}
2025-03-18 20:02:16.517 - DEBUG - src.services.file_parser - Created rule: Hermes" Store -> Hermes' Store (category: source)
2025-03-18 20:02:16.517 - DEBUG - src.services.file_parser - Processing row 6: {'From': 'VVarrior"s Chest"', 'To': "Warrior's Chest", 'Category': 'chest'}
2025-03-18 20:02:16.517 - DEBUG - src.services.file_parser - Created rule: VVarrior"s Chest" -> Warrior's Chest (category: chest)
2025-03-18 20:02:16.517 - DEBUG - src.services.file_parser - Processing row 7: {'From': 'Clan vvealth', 'To': 'Clan wealth', 'Category': 'source'}
2025-03-18 20:02:16.517 - DEBUG - src.services.file_parser - Created rule: Clan vvealth -> Clan wealth (category: source)
2025-03-18 20:02:16.517 - DEBUG - src.services.file_parser - Processing row 8: {'From': 'OsmanliTorunu', 'To': 'OsmanlıTorunu', 'Category': 'player'}
2025-03-18 20:02:16.517 - DEBUG - src.services.file_parser - Created rule: OsmanliTorunu -> OsmanlıTorunu (category: player)
2025-03-18 20:02:16.518 - DEBUG - src.services.file_parser - Processing row 9: {'From': 'Epic Ancient sguad', 'To': 'Epic Ancient squad', 'Category': 'source'}
2025-03-18 20:02:16.518 - DEBUG - src.services.file_parser - Created rule: Epic Ancient sguad -> Epic Ancient squad (category: source)
2025-03-18 20:02:16.518 - DEBUG - src.services.file_parser - Processing row 10: {'From': 'Snovvvveaver', 'To': 'Snowweaver', 'Category': 'player'}
2025-03-18 20:02:16.518 - DEBUG - src.services.file_parser - Created rule: Snovvvveaver -> Snowweaver (category: player)
2025-03-18 20:02:16.518 - DEBUG - src.services.file_parser - Processing row 11: {'From': 'Krimelmonster', 'To': 'Krümelmonster', 'Category': 'player'}
2025-03-18 20:02:16.518 - DEBUG - src.services.file_parser - Created rule: Krimelmonster -> Krümelmonster (category: player)
2025-03-18 20:02:16.518 - DEBUG - src.services.file_parser - Processing row 12: {'From': 'GUARDIENOfTHUNDER', 'To': 'GUARDIENofTHUNDER', 'Category': 'player'}
2025-03-18 20:02:16.518 - DEBUG - src.services.file_parser - Created rule: GUARDIENOfTHUNDER -> GUARDIENofTHUNDER (category: player)
2025-03-18 20:02:16.518 - DEBUG - src.services.file_parser - Processing row 13: {'From': 'Rare Chest of VVealth', 'To': 'Rare Chest of Wealth', 'Category': 'chest'}
2025-03-18 20:02:16.519 - DEBUG - src.services.file_parser - Created rule: Rare Chest of VVealth -> Rare Chest of Wealth (category: chest)
2025-03-18 20:02:16.519 - DEBUG - src.services.file_parser - Processing row 14: {'From': 'Epic Chest of Vvealth', 'To': 'Epic Chest of Wealth', 'Category': 'chest'}
2025-03-18 20:02:16.519 - DEBUG - src.services.file_parser - Created rule: Epic Chest of Vvealth -> Epic Chest of Wealth (category: chest)
2025-03-18 20:02:16.519 - DEBUG - src.services.file_parser - Processing row 15: {'From': 'Sir Nightvvoolf', 'To': 'Sir Nightwoolf', 'Category': 'player'}
2025-03-18 20:02:16.519 - DEBUG - src.services.file_parser - Created rule: Sir Nightvvoolf -> Sir Nightwoolf (category: player)
2025-03-18 20:02:16.519 - DEBUG - src.services.file_parser - Processing row 16: {'From': 'Hammerschlagi', 'To': 'Hammerschlag1', 'Category': 'player'}
2025-03-18 20:02:16.519 - DEBUG - src.services.file_parser - Created rule: Hammerschlagi -> Hammerschlag1 (category: player)
2025-03-18 20:02:16.519 - DEBUG - src.services.file_parser - Processing row 17: {'From': 'Feldjager', 'To': 'Feldjäger', 'Category': 'player'}
2025-03-18 20:02:16.520 - DEBUG - src.services.file_parser - Created rule: Feldjager -> Feldjäger (category: player)
2025-03-18 20:02:16.520 - DEBUG - src.services.file_parser - Processing row 18: {'From': 'Feldj䧥r', 'To': 'Feldjäger', 'Category': 'player'}
2025-03-18 20:02:16.520 - DEBUG - src.services.file_parser - Created rule: Feldj䧥r -> Feldjäger (category: player)
2025-03-18 20:02:16.520 - DEBUG - src.services.file_parser - Processing row 19: {'From': 'Lord Ore', 'To': 'Lord Öre', 'Category': 'player'}
2025-03-18 20:02:16.520 - DEBUG - src.services.file_parser - Created rule: Lord Ore -> Lord Öre (category: player)
2025-03-18 20:02:16.520 - DEBUG - src.services.file_parser - Processing row 20: {'From': 'Lord ֲe', 'To': 'Lord Öre', 'Category': 'player'}
2025-03-18 20:02:16.520 - DEBUG - src.services.file_parser - Created rule: Lord ֲe -> Lord Öre (category: player)
2025-03-18 20:02:16.521 - DEBUG - src.services.file_parser - Processing row 21: {'From': 'Epic Fenrir sguad', 'To': 'Epic Fenrir squad', 'Category': 'source'}
2025-03-18 20:02:16.521 - DEBUG - src.services.file_parser - Created rule: Epic Fenrir sguad -> Epic Fenrir squad (category: source)
2025-03-18 20:02:16.521 - DEBUG - src.services.file_parser - Processing row 22: {'From': 'Ouick March Chest', 'To': 'Quick March Chest', 'Category': 'chest'}
2025-03-18 20:02:16.521 - DEBUG - src.services.file_parser - Created rule: Ouick March Chest -> Quick March Chest (category: chest)
2025-03-18 20:02:16.521 - DEBUG - src.services.file_parser - Processing row 23: {'From': 'Epic Fenrir sguad', 'To': 'Epic Fenrir squad', 'Category': 'source'}
2025-03-18 20:02:16.521 - DEBUG - src.services.file_parser - Created rule: Epic Fenrir sguad -> Epic Fenrir squad (category: source)
2025-03-18 20:02:16.521 - DEBUG - src.services.file_parser - Processing row 24: {'From': 'Union of Triumph personal revvard', 'To': 'Union of Triumph personal reward', 'Category': 'source'}
2025-03-18 20:02:16.522 - DEBUG - src.services.file_parser - Created rule: Union of Triumph personal revvard -> Union of Triumph personal reward (category: source)
2025-03-18 20:02:16.522 - DEBUG - src.services.file_parser - Processing row 25: {'From': 'revvard', 'To': 'reward', 'Category': 'general'}
2025-03-18 20:02:16.522 - DEBUG - src.services.file_parser - Created rule: revvard -> reward (category: general)
2025-03-18 20:02:16.522 - DEBUG - src.services.file_parser - Processing row 26: {'From': 'sguad', 'To': 'squad', 'Category': 'general'}
2025-03-18 20:02:16.522 - DEBUG - src.services.file_parser - Created rule: sguad -> squad (category: general)
2025-03-18 20:02:16.522 - DEBUG - src.services.file_parser - Processing row 27: {'From': 'Vvealth', 'To': 'Wealth', 'Category': 'general'}
2025-03-18 20:02:16.523 - DEBUG - src.services.file_parser - Created rule: Vvealth -> Wealth (category: general)
2025-03-18 20:02:16.523 - DEBUG - src.services.file_parser - Processing row 28: {'From': 'VVealth', 'To': 'Wealth', 'Category': 'general'}
2025-03-18 20:02:16.523 - DEBUG - src.services.file_parser - Created rule: VVealth -> Wealth (category: general)
2025-03-18 20:02:16.523 - DEBUG - src.services.file_parser - Processing row 29: {'From': 'Julius Casar', 'To': 'Julius Cäsar', 'Category': 'player'}
2025-03-18 20:02:16.523 - DEBUG - src.services.file_parser - Created rule: Julius Casar -> Julius Cäsar (category: player)
2025-03-18 20:02:16.523 - DEBUG - src.services.file_parser - Processing row 30: {'From': 'Juslius C䳡r', 'To': 'Julius Cäsar', 'Category': 'player'}
2025-03-18 20:02:16.523 - DEBUG - src.services.file_parser - Created rule: Juslius C䳡r -> Julius Cäsar (category: player)
2025-03-18 20:02:16.523 - DEBUG - src.services.file_parser - Processing row 31: {'From': 'Juslius Cäsar', 'To': 'Julius Cäsar', 'Category': 'player'}
2025-03-18 20:02:16.524 - DEBUG - src.services.file_parser - Created rule: Juslius Cäsar -> Julius Cäsar (category: player)
2025-03-18 20:02:16.524 - DEBUG - src.services.file_parser - Processing row 32: {'From': 'Ancients"', 'To': "Ancients'", 'Category': 'general'}
2025-03-18 20:02:16.524 - DEBUG - src.services.file_parser - Created rule: Ancients" -> Ancients' (category: general)
2025-03-18 20:02:16.524 - DEBUG - src.services.file_parser - Processing row 33: {'From': 'Quick March Chest Chest', 'To': 'Quick March Chest', 'Category': 'chest'}
2025-03-18 20:02:16.524 - DEBUG - src.services.file_parser - Created rule: Quick March Chest Chest -> Quick March Chest (category: chest)
2025-03-18 20:02:16.524 - DEBUG - src.services.file_parser - Processing row 34: {'From': 'Union of Triumf personal reward', 'To': 'Union of Triumph personal reward', 'Category': 'general'}
2025-03-18 20:02:16.524 - DEBUG - src.services.file_parser - Created rule: Union of Triumf personal reward -> Union of Triumph personal reward (category: general)
2025-03-18 20:02:16.524 - DEBUG - src.services.file_parser - Processing row 35: {'From': 'Triumf', 'To': 'Triumph', 'Category': 'general'}
2025-03-18 20:02:16.524 - DEBUG - src.services.file_parser - Created rule: Triumf -> Triumph (category: general)
2025-03-18 20:02:16.524 - DEBUG - src.services.file_parser - Processing row 36: {'From': 'Triumfp', 'To': 'Triumph', 'Category': 'general'}
2025-03-18 20:02:16.524 - DEBUG - src.services.file_parser - Created rule: Triumfp -> Triumph (category: general)
2025-03-18 20:02:16.524 - DEBUG - src.services.file_parser - Processing row 37: {'From': 'JÃªrmungandr', 'To': 'Jormungandr', 'Category': 'general'}
2025-03-18 20:02:16.526 - DEBUG - src.services.file_parser - Created rule: JÃªrmungandr -> Jormungandr (category: general)
2025-03-18 20:02:16.526 - DEBUG - src.services.file_parser - Processing row 38: {'From': 'Jêrmungandr', 'To': 'Jormungandr', 'Category': 'general'}
2025-03-18 20:02:16.526 - DEBUG - src.services.file_parser - Created rule: Jêrmungandr -> Jormungandr (category: general)
2025-03-18 20:02:16.526 - DEBUG - src.services.file_parser - Processing row 39: {'From': 'J㪲mungandr', 'To': 'Jormungandr', 'Category': 'general'}
2025-03-18 20:02:16.526 - DEBUG - src.services.file_parser - Created rule: J㪲mungandr -> Jormungandr (category: general)
2025-03-18 20:02:16.526 - DEBUG - src.services.file_parser - Processing row 40: {'From': 'JÃ²rmungandr', 'To': 'Jormungandr', 'Category': 'general'}
2025-03-18 20:02:16.526 - DEBUG - src.services.file_parser - Created rule: JÃ²rmungandr -> Jormungandr (category: general)
2025-03-18 20:02:16.527 - DEBUG - src.services.file_parser - Processing row 41: {'From': "Jòrmungandr's", 'To': "Jormungandr's", 'Category': 'general'}
2025-03-18 20:02:16.527 - DEBUG - src.services.file_parser - Created rule: Jòrmungandr's -> Jormungandr's (category: general)
2025-03-18 20:02:16.527 - DEBUG - src.services.file_parser - Processing row 42: {'From': "JÃ²rmungandr's", 'To': "Jormungandr's", 'Category': 'general'}
2025-03-18 20:02:16.527 - DEBUG - src.services.file_parser - Created rule: JÃ²rmungandr's -> Jormungandr's (category: general)
2025-03-18 20:02:16.527 - DEBUG - src.services.file_parser - Processing row 43: {'From': 'JÃ²rmungandr Shop', 'To': 'Jormungandr Shop', 'Category': 'source'}
2025-03-18 20:02:16.527 - DEBUG - src.services.file_parser - Created rule: JÃ²rmungandr Shop -> Jormungandr Shop (category: source)
2025-03-18 20:02:16.527 - DEBUG - src.services.file_parser - Processing row 44: {'From': 'Jòrmungandr Shop', 'To': 'Jormungandr Shop', 'Category': 'source'}
2025-03-18 20:02:16.528 - DEBUG - src.services.file_parser - Created rule: Jòrmungandr Shop -> Jormungandr Shop (category: source)
2025-03-18 20:02:16.528 - DEBUG - src.services.file_parser - Processing row 45: {'From': "Jòrmungandr's Chest", 'To': "Jormungandr's Chest", 'Category': 'chest'}
2025-03-18 20:02:16.528 - DEBUG - src.services.file_parser - Created rule: Jòrmungandr's Chest -> Jormungandr's Chest (category: chest)
2025-03-18 20:02:16.528 - DEBUG - src.services.file_parser - Processing row 46: {'From': 'Epic Jêrmungandr sguad', 'To': 'Epic Jormungandr squad', 'Category': 'source'}
2025-03-18 20:02:16.528 - DEBUG - src.services.file_parser - Created rule: Epic Jêrmungandr sguad -> Epic Jormungandr squad (category: source)
2025-03-18 20:02:16.528 - INFO - src.services.file_parser - Successfully parsed 45 rules from CSV
2025-03-18 20:02:16.528 - INFO - src.services.file_parser - Successfully parsed 45 rules from D:\Projekte\CorrectionTool\data\corrections\standard_corrections.csv
2025-03-18 20:02:16.529 - INFO - src.services.data_manager - Successfully loaded 45 correction rules from D:\Projekte\CorrectionTool\data\corrections\standard_corrections.csv
2025-03-18 20:02:16.529 - INFO - src.services.config_manager - Set path correction_rules_file to D:\Projekte\CorrectionTool\data\corrections\standard_corrections.csv
2025-03-18 20:02:16.529 - INFO - src.services.config_manager - Syncing correction_rules_file to legacy location Correction.default_correction_rules for backward compatibility
2025-03-18 20:02:16.529 - INFO - src.services.config_manager - Syncing correction_rules_file to legacy location General.last_correction_file for backward compatibility
2025-03-18 20:02:16.529 - INFO - src.services.config_manager - Syncing correction_rules_file to legacy location Files.default_correction_list for backward compatibility
2025-03-18 20:02:16.529 - INFO - src.services.config_manager - Syncing correction_rules_file to legacy location Paths.default_correction_rules for backward compatibility
2025-03-18 20:02:16.530 - INFO - src.ui.main_window - Loaded 45 correction rules
2025-03-18 20:02:16.530 - DEBUG - src.services.data_manager - Rules are unchanged, skipping
2025-03-18 20:02:16.530 - INFO - src.ui.correction_manager_panel - CorrectionManagerPanel.set_correction_rules called with 45 rules
2025-03-18 20:02:16.530 - INFO - src.ui.correction_manager_panel - Setting rules in correction rules table
2025-03-18 20:02:16.531 - INFO - src.ui.correction_rules_table - Setting 45 rules in CorrectionRulesTable
2025-03-18 20:02:16.531 - INFO - src.ui.correction_rules_table - CorrectionRulesModel.set_rules called with 45 rules
2025-03-18 20:02:16.531 - DEBUG - src.ui.correction_rules_table - rowCount first call, returning 45
2025-03-18 20:02:16.547 - INFO - src.ui.correction_rules_table - Rule 0 after set: Маһоп12 -> D4rkBlizZ4rD (category: player)
2025-03-18 20:02:16.548 - INFO - src.ui.correction_rules_table - Rule 1 after set: АЙ -> D4rkBlizZ4rD (category: player)
2025-03-18 20:02:16.548 - INFO - src.ui.correction_rules_table - Rule 2 after set: Fenrir"s Chest -> Fenrir's Chest (category: chest)
2025-03-18 20:02:16.548 - INFO - src.ui.correction_rules_table - Rule 3 after set: Hermes" Store -> Hermes' Store (category: source)
2025-03-18 20:02:16.548 - INFO - src.ui.correction_rules_table - Rule 4 after set: VVarrior"s Chest" -> Warrior's Chest (category: chest)
2025-03-18 20:02:16.548 - DEBUG - src.ui.correction_rules_table - Performing delayed refresh of CorrectionRulesTable
2025-03-18 20:02:16.551 - INFO - src.ui.correction_rules_table - After delayed refresh, table shows 45 rules
2025-03-18 20:02:16.551 - DEBUG - src.services.data_manager - Rules are unchanged, skipping
2025-03-18 20:02:16.551 - INFO - src.ui.correction_rules_table - Set 45 rules in CorrectionRulesTable and emitted rules_updated signal
2025-03-18 20:02:16.552 - INFO - src.ui.correction_rules_table - Resetting CorrectionRulesTable
2025-03-18 20:02:16.552 - DEBUG - src.ui.correction_rules_table - Reset throttled (too frequent), skipping
2025-03-18 20:02:16.552 - INFO - src.ui.correction_manager_panel - Emitting correction_rules_updated signal with 45 rules
2025-03-18 20:02:16.552 - DEBUG - src.services.data_manager - Rules are unchanged, skipping
2025-03-18 20:02:16.552 - INFO - src.services.data_manager - DataManager: Loading saved validation lists
2025-03-18 20:02:16.552 - INFO - src.services.data_manager - Loading player list from: D:\Projekte\CorrectionTool\data\validation\players.txt
2025-03-18 20:02:16.553 - WARNING - src.services.data_manager - Error loading player list: type object 'ValidationList' has no attribute 'from_file'
2025-03-18 20:02:16.553 - INFO - src.services.data_manager - Loading chest type list from: D:\Projekte\CorrectionTool\data\validation\chest_types.txt
2025-03-18 20:02:16.553 - WARNING - src.services.data_manager - Error loading chest type list: type object 'ValidationList' has no attribute 'from_file'
2025-03-18 20:02:16.553 - INFO - src.services.data_manager - Loading source list from: D:\Projekte\CorrectionTool\data\validation\sources.txt
2025-03-18 20:02:16.553 - WARNING - src.services.data_manager - Error loading source list: type object 'ValidationList' has no attribute 'from_file'
2025-03-18 20:02:16.553 - INFO - src.ui.main_window - Not all validation lists were loaded from saved configuration
2025-03-18 20:02:16.553 - INFO - src.ui.main_window - Loading default validation lists
2025-03-18 20:02:16.554 - INFO - src.services.data_manager - DataManager: Loading default validation lists
2025-03-18 20:02:16.554 - INFO - src.services.data_manager - Loading player list from: data\validation\players.txt
2025-03-18 20:02:16.554 - WARNING - src.services.data_manager - Error loading player list: type object 'ValidationList' has no attribute 'from_file'
2025-03-18 20:02:16.554 - INFO - src.services.data_manager - Loading chest type list from: data\validation\chest_types.txt
2025-03-18 20:02:16.554 - WARNING - src.services.data_manager - Error loading chest type list: type object 'ValidationList' has no attribute 'from_file'
2025-03-18 20:02:16.554 - INFO - src.services.data_manager - Loading source list from: data\validation\sources.txt
2025-03-18 20:02:16.554 - WARNING - src.services.data_manager - Error loading source list: type object 'ValidationList' has no attribute 'from_file'
2025-03-18 20:02:16.554 - WARNING - src.ui.main_window - No validation lists could be loaded
2025-03-18 20:02:16.555 - INFO - src.ui.main_window - Application state restored successfully
2025-03-18 20:02:16.555 - INFO - root - MainWindow created successfully
2025-03-18 20:02:16.616 - INFO - root - MainWindow shown successfully
2025-03-18 20:02:16.616 - INFO - root - Application started successfully
2025-03-18 20:02:23.791 - INFO - src.ui.file_import_widget - FileImportWidget: Importing entries from file: D:/Projekte/CorrectionTool/data/input/chests_2025-03-17.txt
2025-03-18 20:02:23.792 - INFO - src.ui.file_import_widget - Starting parse_entry_file_debug...
2025-03-18 20:02:23.792 - INFO - src.services.file_parser - DEBUG: Starting entry file parsing with detailed logging: D:/Projekte/CorrectionTool/data/input/chests_2025-03-17.txt
2025-03-18 20:02:23.792 - INFO - src.services.file_parser - DEBUG: File size: 113778 bytes
2025-03-18 20:02:23.793 - INFO - src.services.file_parser - Parsing entry file: D:\Projekte\CorrectionTool\data\input\chests_2025-03-17.txt
2025-03-18 20:02:23.793 - INFO - src.services.file_parser - Attempting to parse text file with encoding: utf-8
2025-03-18 20:02:23.793 - INFO - src.services.file_parser - Parsing text content with 5832 lines
2025-03-18 20:02:23.793 - DEBUG - src.services.file_parser - Creating entry #1 from text: House of Horrors Chest
From: Koriander
Source: Level 20 epic Crypt
2025-03-18 20:02:23.794 - DEBUG - src.services.file_parser - Created entry #1: House of Horrors Chest, Koriander, Level 20 epic Crypt
2025-03-18 20:02:23.794 - DEBUG - src.services.file_parser - Creating entry #100 from text: Bone Chest
From: Sir Met
Source: Level 25 Crypt
2025-03-18 20:02:23.794 - DEBUG - src.services.file_parser - Created entry #100: Bone Chest, Sir Met, Level 25 Crypt
2025-03-18 20:02:23.795 - DEBUG - src.services.file_parser - Creating entry #200 from text: Stone Chest
From: GOT
Source: Level 25 Crypt
2025-03-18 20:02:23.795 - DEBUG - src.services.file_parser - Created entry #200: Stone Chest, GOT, Level 25 Crypt
2025-03-18 20:02:23.796 - DEBUG - src.services.file_parser - Creating entry #300 from text: Mayan Chest
From: Dagdarim
Source: Level 25 Crypt
2025-03-18 20:02:23.796 - DEBUG - src.services.file_parser - Created entry #300: Mayan Chest, Dagdarim, Level 25 Crypt
2025-03-18 20:02:23.796 - DEBUG - src.services.file_parser - Creating entry #400 from text: Bone Chest
From: Simply Mani
Source: Level 25 Crypt
2025-03-18 20:02:23.796 - DEBUG - src.services.file_parser - Created entry #400: Bone Chest, Simply Mani, Level 25 Crypt
2025-03-18 20:02:23.797 - DEBUG - src.services.file_parser - Creating entry #500 from text: Elven Citadel Chest
From: Cordaginn
Source: Level 30 Citadel
2025-03-18 20:02:23.797 - DEBUG - src.services.file_parser - Created entry #500: Elven Citadel Chest, Cordaginn, Level 30 Citadel
2025-03-18 20:02:23.797 - DEBUG - src.services.file_parser - Creating entry #600 from text: Fenrir's Chest
From: KAC29
Source: Epic Fenrir squad
2025-03-18 20:02:23.798 - DEBUG - src.services.file_parser - Created entry #600: Fenrir's Chest, KAC29, Epic Fenrir squad
2025-03-18 20:02:23.798 - DEBUG - src.services.file_parser - Creating entry #700 from text: Orc Chest
From: Moraron
Source: Level 25 Crypt
2025-03-18 20:02:23.798 - DEBUG - src.services.file_parser - Created entry #700: Orc Chest, Moraron, Level 25 Crypt
2025-03-18 20:02:23.798 - DEBUG - src.services.file_parser - Creating entry #800 from text: Infernal Chest
From: Kajurus
Source: Level 25 Crypt
2025-03-18 20:02:23.799 - DEBUG - src.services.file_parser - Created entry #800: Infernal Chest, Kajurus, Level 25 Crypt
2025-03-18 20:02:23.799 - DEBUG - src.services.file_parser - Creating entry #900 from text: Cobalt Chest
From: Triple X
Source: Level 30 epic Crypt
2025-03-18 20:02:23.799 - DEBUG - src.services.file_parser - Created entry #900: Cobalt Chest, Triple X, Level 30 epic Crypt
2025-03-18 20:02:23.800 - DEBUG - src.services.file_parser - Creating entry #1000 from text: Barbarian Chest
From: Bruno
Source: Level 25 Crypt
2025-03-18 20:02:23.800 - DEBUG - src.services.file_parser - Created entry #1000: Barbarian Chest, Bruno, Level 25 Crypt
2025-03-18 20:02:23.800 - DEBUG - src.services.file_parser - Creating entry #1100 from text: Bone Chest
From: GOT
Source: Level 25 Crypt
2025-03-18 20:02:23.800 - DEBUG - src.services.file_parser - Created entry #1100: Bone Chest, GOT, Level 25 Crypt
2025-03-18 20:02:23.801 - DEBUG - src.services.file_parser - Creating entry #1200 from text: Orc Chest
From: Drachen 2
Source: Level 25 Crypt
2025-03-18 20:02:23.801 - DEBUG - src.services.file_parser - Created entry #1200: Orc Chest, Drachen 2, Level 25 Crypt
2025-03-18 20:02:23.801 - DEBUG - src.services.file_parser - Creating entry #1300 from text: JÃ²rmungandr's Chest
From: Aragorn
Source: Epic Jormungandr squad
2025-03-18 20:02:23.801 - DEBUG - src.services.file_parser - Created entry #1300: JÃ²rmungandr's Chest, Aragorn, Epic Jormungandr squad
2025-03-18 20:02:23.802 - DEBUG - src.services.file_parser - Creating entry #1400 from text: Infernal Chest
From: Herzog Ropp
Source: Level 25 Crypt
2025-03-18 20:02:23.802 - DEBUG - src.services.file_parser - Created entry #1400: Infernal Chest, Herzog Ropp, Level 25 Crypt
2025-03-18 20:02:23.802 - DEBUG - src.services.file_parser - Creating entry #1500 from text: Mayan Chest
From: Tugo
Source: Level 20 Crypt
2025-03-18 20:02:23.803 - DEBUG - src.services.file_parser - Created entry #1500: Mayan Chest, Tugo, Level 20 Crypt
2025-03-18 20:02:23.803 - DEBUG - src.services.file_parser - Creating entry #1600 from text: Orc Chest
From: Angus
Source: Level 25 Crypt
2025-03-18 20:02:23.803 - DEBUG - src.services.file_parser - Created entry #1600: Orc Chest, Angus, Level 25 Crypt
2025-03-18 20:02:23.804 - DEBUG - src.services.file_parser - Creating entry #1700 from text: Infernal Chest
From: Alisea
Source: Level 20 Crypt
2025-03-18 20:02:23.804 - DEBUG - src.services.file_parser - Created entry #1700: Infernal Chest, Alisea, Level 20 Crypt
2025-03-18 20:02:23.804 - DEBUG - src.services.file_parser - Creating entry #1800 from text: Orc Chest
From: Kajurus
Source: Level 25 Crypt
2025-03-18 20:02:23.804 - DEBUG - src.services.file_parser - Created entry #1800: Orc Chest, Kajurus, Level 25 Crypt
2025-03-18 20:02:23.804 - DEBUG - src.services.file_parser - Creating entry #1900 from text: Barbarian Chest
From: nobby
Source: Level 20 Crypt
2025-03-18 20:02:23.804 - DEBUG - src.services.file_parser - Created entry #1900: Barbarian Chest, nobby, Level 20 Crypt
2025-03-18 20:02:23.806 - INFO - src.services.file_parser - Parsed 1944 entries from text content
2025-03-18 20:02:23.806 - INFO - src.services.file_parser - Successfully parsed text file with encoding: utf-8
2025-03-18 20:02:23.806 - INFO - src.services.file_parser - Successfully parsed 1944 entries from D:\Projekte\CorrectionTool\data\input\chests_2025-03-17.txt
2025-03-18 20:02:23.806 - INFO - src.services.file_parser - DEBUG: Successfully parsed 1944 entries
2025-03-18 20:02:23.806 - INFO - src.services.file_parser - DEBUG: First entry: House of Horrors Chest | Koriander | Level 20 epic Crypt
2025-03-18 20:02:23.806 - INFO - src.services.file_parser - DEBUG: Last entry: Sand Chest | Bumblebee | Level 25 Crypt
2025-03-18 20:02:23.807 - INFO - src.services.file_parser - DEBUG: All entries have IDs: True
2025-03-18 20:02:23.807 - INFO - src.ui.file_import_widget - Parsed 1944 entries
2025-03-18 20:02:23.807 - INFO - src.ui.file_import_widget - First entry: House of Horrors Chest, Koriander, Level 20 epic Crypt
2025-03-18 20:02:23.807 - INFO - src.ui.file_import_widget - Setting entries and emitting signal...
2025-03-18 20:02:23.808 - INFO - src.ui.dashboard - Dashboard: _on_entries_loaded called with 1944 entries
2025-03-18 20:02:23.808 - INFO - src.ui.dashboard - First entry: House of Horrors Chest | Koriander | Level 20 epic Crypt
2025-03-18 20:02:23.808 - INFO - src.ui.dashboard - Dashboard: Processing 1944 loaded entries
2025-03-18 20:02:23.808 - INFO - src.ui.dashboard - Dashboard: Stored 1944 entries in self._entries
2025-03-18 20:02:23.808 - INFO - src.ui.dashboard - Auto-apply is enabled, applying corrections
2025-03-18 20:02:23.809 - INFO - src.ui.dashboard - Applying corrections to entries
2025-03-18 20:02:23.809 - INFO - src.services.corrector - Using 45 rules from DataManager
2025-03-18 20:02:23.809 - INFO - src.services.corrector - Setting 45 correction rules in Corrector
2025-03-18 20:02:23.809 - INFO - src.services.corrector - Applying corrections to 1944 entries
2025-03-18 20:02:23.809 - INFO - src.services.corrector - Applying 45 rules to 1944 entries
2025-03-18 20:02:23.811 - DEBUG - src.services.corrector - Applied correction: CorrectionResult(entry=74, field=source, original='JÃ²rmungandr Shop', corrected='Jormungandr Shop', rule=exact, score=1.00)
2025-03-18 20:02:23.812 - DEBUG - src.services.corrector - Applied correction: CorrectionResult(entry=75, field=source, original='JÃ²rmungandr Shop', corrected='Jormungandr Shop', rule=exact, score=1.00)
2025-03-18 20:02:23.812 - DEBUG - src.services.corrector - Applied correction: CorrectionResult(entry=82, field=source, original='JÃ²rmungandr Shop', corrected='Jormungandr Shop', rule=exact, score=1.00)
2025-03-18 20:02:23.812 - DEBUG - src.services.corrector - Applied correction: CorrectionResult(entry=83, field=source, original='JÃ²rmungandr Shop', corrected='Jormungandr Shop', rule=exact, score=1.00)
2025-03-18 20:02:23.821 - DEBUG - src.services.corrector - Applied correction: CorrectionResult(entry=410, field=source, original='JÃ²rmungandr Shop', corrected='Jormungandr Shop', rule=exact, score=1.00)
2025-03-18 20:02:23.821 - DEBUG - src.services.corrector - Applied correction: CorrectionResult(entry=411, field=source, original='JÃ²rmungandr Shop', corrected='Jormungandr Shop', rule=exact, score=1.00)
2025-03-18 20:02:23.822 - DEBUG - src.services.corrector - Applied correction: CorrectionResult(entry=414, field=source, original='JÃ²rmungandr Shop', corrected='Jormungandr Shop', rule=exact, score=1.00)
2025-03-18 20:02:23.844 - DEBUG - src.services.corrector - Applied correction: CorrectionResult(entry=1227, field=source, original='JÃ²rmungandr Shop', corrected='Jormungandr Shop', rule=exact, score=1.00)
2025-03-18 20:02:23.846 - DEBUG - src.services.corrector - Applied correction: CorrectionResult(entry=1228, field=source, original='JÃ²rmungandr Shop', corrected='Jormungandr Shop', rule=exact, score=1.00)
2025-03-18 20:02:23.857 - DEBUG - src.services.corrector - Applied correction: CorrectionResult(entry=1604, field=player, original='Lord Ore', corrected='Lord Öre', rule=exact, score=1.00)
2025-03-18 20:02:23.867 - INFO - src.services.corrector - Applied 10 corrections to 1944 entries
2025-03-18 20:02:23.867 - INFO - src.services.corrector - Applied 10 corrections:
2025-03-18 20:02:23.867 - DEBUG - src.services.corrector -    74: source     'JÃ²rmungandr Shop' -> 'Jormungandr Shop' (exact, score=1.00)
2025-03-18 20:02:23.868 - DEBUG - src.services.corrector -    75: source     'JÃ²rmungandr Shop' -> 'Jormungandr Shop' (exact, score=1.00)
2025-03-18 20:02:23.868 - DEBUG - src.services.corrector -    82: source     'JÃ²rmungandr Shop' -> 'Jormungandr Shop' (exact, score=1.00)
2025-03-18 20:02:23.868 - DEBUG - src.services.corrector -    83: source     'JÃ²rmungandr Shop' -> 'Jormungandr Shop' (exact, score=1.00)
2025-03-18 20:02:23.868 - DEBUG - src.services.corrector -   410: source     'JÃ²rmungandr Shop' -> 'Jormungandr Shop' (exact, score=1.00)
2025-03-18 20:02:23.868 - DEBUG - src.services.corrector -   411: source     'JÃ²rmungandr Shop' -> 'Jormungandr Shop' (exact, score=1.00)
2025-03-18 20:02:23.868 - DEBUG - src.services.corrector -   414: source     'JÃ²rmungandr Shop' -> 'Jormungandr Shop' (exact, score=1.00)
2025-03-18 20:02:23.869 - DEBUG - src.services.corrector -   1227: source     'JÃ²rmungandr Shop' -> 'Jormungandr Shop' (exact, score=1.00)
2025-03-18 20:02:23.869 - DEBUG - src.services.corrector -   1228: source     'JÃ²rmungandr Shop' -> 'Jormungandr Shop' (exact, score=1.00)
2025-03-18 20:02:23.869 - DEBUG - src.services.corrector -   1604: player     'Lord Ore' -> 'Lord Öre' (exact, score=1.00)
2025-03-18 20:02:23.869 - INFO - src.services.corrector -   exact: 10
2025-03-18 20:02:23.869 - INFO - src.services.corrector -   source: 9
2025-03-18 20:02:23.869 - INFO - src.services.corrector -   player: 1
2025-03-18 20:02:24.825 - INFO - src.services.data_manager - Setting 1944 entries in DataManager
2025-03-18 20:02:24.826 - INFO - src.services.data_manager - Emitting entries_changed signal with 1944 entries
2025-03-18 20:02:24.827 - INFO - src.ui.dashboard - Dashboard: _on_entries_loaded called with 1944 entries
2025-03-18 20:02:24.827 - INFO - src.ui.dashboard - First entry: House of Horrors Chest | Koriander | Level 20 epic Crypt
2025-03-18 20:02:24.827 - WARNING - src.ui.dashboard - Skipping _on_entries_loaded due to signal loop prevention
2025-03-18 20:02:24.827 - DEBUG - src.ui.enhanced_table_view - Setting 1944 entries in EnhancedTableView
2025-03-18 20:02:26.350 - DEBUG - src.ui.enhanced_table_view - Successfully set 1944 entries in EnhancedTableView
2025-03-18 20:02:26.352 - DEBUG - src.ui.enhanced_table_view - Setting 1944 entries in EnhancedTableView
2025-03-18 20:02:27.776 - DEBUG - src.ui.enhanced_table_view - Successfully set 1944 entries in EnhancedTableView
2025-03-18 20:02:27.777 - ERROR - src.ui.dashboard - Error applying corrections: 'Dashboard' object has no attribute '_logger'
Traceback (most recent call last):
  File "D:\Projekte\CorrectionTool\src\ui\dashboard.py", line 971, in _apply_corrections
    self._validate_entries()
  File "D:\Projekte\CorrectionTool\src\ui\dashboard.py", line 1207, in _validate_entries
    self._logger.info("Validating entries in Dashboard")
    ^^^^^^^^^^^^
AttributeError: 'Dashboard' object has no attribute '_logger'. Did you mean: 'logger'?
2025-03-18 20:02:29.197 - INFO - src.ui.dashboard - _on_entries_loaded processing completed
2025-03-18 20:02:29.198 - CRITICAL - root - Unhandled exception
Traceback (most recent call last):
  File "D:\Projekte\CorrectionTool\src\ui\dashboard.py", line 814, in _on_corrections_applied
    self._logger.info(
    ^^^^^^^^^^^^
AttributeError: 'Dashboard' object has no attribute '_logger'. Did you mean: 'logger'?

During handling of the above exception, another exception occurred:

Traceback (most recent call last):
  File "D:\Projekte\CorrectionTool\src\ui\dashboard.py", line 848, in _on_corrections_applied
    self._logger.error(f"Error in _on_corrections_applied: {str(e)}")
    ^^^^^^^^^^^^
AttributeError: 'Dashboard' object has no attribute '_logger'. Did you mean: 'logger'?
2025-03-18 20:02:29.202 - INFO - src.ui.file_import_widget - Checking if _entries was updated...
2025-03-18 20:02:29.203 - INFO - src.ui.file_import_widget - _entries has 1944 items
2025-03-18 20:02:40.317 - INFO - src.services.file_parser - Parsing correction file: D:\Projekte\CorrectionTool\data\corrections\standard_corrections.csv
2025-03-18 20:02:40.317 - INFO - src.services.file_parser - Parsing CSV file: D:\Projekte\CorrectionTool\data\corrections\standard_corrections.csv
2025-03-18 20:02:40.317 - INFO - src.services.file_parser - Attempting to parse CSV with encoding: utf-8
2025-03-18 20:02:40.317 - DEBUG - src.services.file_parser - Delimiter ';' gives 1 columns
2025-03-18 20:02:40.318 - DEBUG - src.services.file_parser - Delimiter ',' gives 3 columns
2025-03-18 20:02:40.318 - DEBUG - src.services.file_parser - Delimiter '	' gives 1 columns
2025-03-18 20:02:40.318 - INFO - src.services.file_parser - Using delimiter: ',' with 3 columns
2025-03-18 20:02:40.318 - INFO - src.services.file_parser - CSV headers: ['From', 'To', 'Category']
2025-03-18 20:02:40.318 - INFO - src.services.file_parser - Found required headers (case-insensitive)
2025-03-18 20:02:40.318 - DEBUG - src.services.file_parser - Processing row 2: {'From': 'Маһоп12', 'To': 'D4rkBlizZ4rD', 'Category': 'player'}
2025-03-18 20:02:40.318 - DEBUG - src.services.file_parser - Created rule: Маһоп12 -> D4rkBlizZ4rD (category: player)
2025-03-18 20:02:40.318 - DEBUG - src.services.file_parser - Processing row 3: {'From': 'АЙ', 'To': 'D4rkBlizZ4rD', 'Category': 'player'}
2025-03-18 20:02:40.319 - DEBUG - src.services.file_parser - Created rule: АЙ -> D4rkBlizZ4rD (category: player)
2025-03-18 20:02:40.319 - DEBUG - src.services.file_parser - Processing row 4: {'From': 'Fenrir"s Chest', 'To': "Fenrir's Chest", 'Category': 'chest'}
2025-03-18 20:02:40.319 - DEBUG - src.services.file_parser - Created rule: Fenrir"s Chest -> Fenrir's Chest (category: chest)
2025-03-18 20:02:40.319 - DEBUG - src.services.file_parser - Processing row 5: {'From': 'Hermes" Store', 'To': "Hermes' Store", 'Category': 'source'}
2025-03-18 20:02:40.319 - DEBUG - src.services.file_parser - Created rule: Hermes" Store -> Hermes' Store (category: source)
2025-03-18 20:02:40.319 - DEBUG - src.services.file_parser - Processing row 6: {'From': 'VVarrior"s Chest"', 'To': "Warrior's Chest", 'Category': 'chest'}
2025-03-18 20:02:40.319 - DEBUG - src.services.file_parser - Created rule: VVarrior"s Chest" -> Warrior's Chest (category: chest)
2025-03-18 20:02:40.320 - DEBUG - src.services.file_parser - Processing row 7: {'From': 'Clan vvealth', 'To': 'Clan wealth', 'Category': 'source'}
2025-03-18 20:02:40.320 - DEBUG - src.services.file_parser - Created rule: Clan vvealth -> Clan wealth (category: source)
2025-03-18 20:02:40.320 - DEBUG - src.services.file_parser - Processing row 8: {'From': 'OsmanliTorunu', 'To': 'OsmanlıTorunu', 'Category': 'player'}
2025-03-18 20:02:40.320 - DEBUG - src.services.file_parser - Created rule: OsmanliTorunu -> OsmanlıTorunu (category: player)
2025-03-18 20:02:40.320 - DEBUG - src.services.file_parser - Processing row 9: {'From': 'Epic Ancient sguad', 'To': 'Epic Ancient squad', 'Category': 'source'}
2025-03-18 20:02:40.320 - DEBUG - src.services.file_parser - Created rule: Epic Ancient sguad -> Epic Ancient squad (category: source)
2025-03-18 20:02:40.320 - DEBUG - src.services.file_parser - Processing row 10: {'From': 'Snovvvveaver', 'To': 'Snowweaver', 'Category': 'player'}
2025-03-18 20:02:40.321 - DEBUG - src.services.file_parser - Created rule: Snovvvveaver -> Snowweaver (category: player)
2025-03-18 20:02:40.321 - DEBUG - src.services.file_parser - Processing row 11: {'From': 'Krimelmonster', 'To': 'Krümelmonster', 'Category': 'player'}
2025-03-18 20:02:40.321 - DEBUG - src.services.file_parser - Created rule: Krimelmonster -> Krümelmonster (category: player)
2025-03-18 20:02:40.321 - DEBUG - src.services.file_parser - Processing row 12: {'From': 'GUARDIENOfTHUNDER', 'To': 'GUARDIENofTHUNDER', 'Category': 'player'}
2025-03-18 20:02:40.321 - DEBUG - src.services.file_parser - Created rule: GUARDIENOfTHUNDER -> GUARDIENofTHUNDER (category: player)
2025-03-18 20:02:40.321 - DEBUG - src.services.file_parser - Processing row 13: {'From': 'Rare Chest of VVealth', 'To': 'Rare Chest of Wealth', 'Category': 'chest'}
2025-03-18 20:02:40.321 - DEBUG - src.services.file_parser - Created rule: Rare Chest of VVealth -> Rare Chest of Wealth (category: chest)
2025-03-18 20:02:40.322 - DEBUG - src.services.file_parser - Processing row 14: {'From': 'Epic Chest of Vvealth', 'To': 'Epic Chest of Wealth', 'Category': 'chest'}
2025-03-18 20:02:40.322 - DEBUG - src.services.file_parser - Created rule: Epic Chest of Vvealth -> Epic Chest of Wealth (category: chest)
2025-03-18 20:02:40.322 - DEBUG - src.services.file_parser - Processing row 15: {'From': 'Sir Nightvvoolf', 'To': 'Sir Nightwoolf', 'Category': 'player'}
2025-03-18 20:02:40.322 - DEBUG - src.services.file_parser - Created rule: Sir Nightvvoolf -> Sir Nightwoolf (category: player)
2025-03-18 20:02:40.322 - DEBUG - src.services.file_parser - Processing row 16: {'From': 'Hammerschlagi', 'To': 'Hammerschlag1', 'Category': 'player'}
2025-03-18 20:02:40.322 - DEBUG - src.services.file_parser - Created rule: Hammerschlagi -> Hammerschlag1 (category: player)
2025-03-18 20:02:40.322 - DEBUG - src.services.file_parser - Processing row 17: {'From': 'Feldjager', 'To': 'Feldjäger', 'Category': 'player'}
2025-03-18 20:02:40.322 - DEBUG - src.services.file_parser - Created rule: Feldjager -> Feldjäger (category: player)
2025-03-18 20:02:40.323 - DEBUG - src.services.file_parser - Processing row 18: {'From': 'Feldj䧥r', 'To': 'Feldjäger', 'Category': 'player'}
2025-03-18 20:02:40.323 - DEBUG - src.services.file_parser - Created rule: Feldj䧥r -> Feldjäger (category: player)
2025-03-18 20:02:40.323 - DEBUG - src.services.file_parser - Processing row 19: {'From': 'Lord Ore', 'To': 'Lord Öre', 'Category': 'player'}
2025-03-18 20:02:40.323 - DEBUG - src.services.file_parser - Created rule: Lord Ore -> Lord Öre (category: player)
2025-03-18 20:02:40.323 - DEBUG - src.services.file_parser - Processing row 20: {'From': 'Lord ֲe', 'To': 'Lord Öre', 'Category': 'player'}
2025-03-18 20:02:40.323 - DEBUG - src.services.file_parser - Created rule: Lord ֲe -> Lord Öre (category: player)
2025-03-18 20:02:40.323 - DEBUG - src.services.file_parser - Processing row 21: {'From': 'Epic Fenrir sguad', 'To': 'Epic Fenrir squad', 'Category': 'source'}
2025-03-18 20:02:40.324 - DEBUG - src.services.file_parser - Created rule: Epic Fenrir sguad -> Epic Fenrir squad (category: source)
2025-03-18 20:02:40.324 - DEBUG - src.services.file_parser - Processing row 22: {'From': 'Ouick March Chest', 'To': 'Quick March Chest', 'Category': 'chest'}
2025-03-18 20:02:40.324 - DEBUG - src.services.file_parser - Created rule: Ouick March Chest -> Quick March Chest (category: chest)
2025-03-18 20:02:40.324 - DEBUG - src.services.file_parser - Processing row 23: {'From': 'Epic Fenrir sguad', 'To': 'Epic Fenrir squad', 'Category': 'source'}
2025-03-18 20:02:40.324 - DEBUG - src.services.file_parser - Created rule: Epic Fenrir sguad -> Epic Fenrir squad (category: source)
2025-03-18 20:02:40.324 - DEBUG - src.services.file_parser - Processing row 24: {'From': 'Union of Triumph personal revvard', 'To': 'Union of Triumph personal reward', 'Category': 'source'}
2025-03-18 20:02:40.325 - DEBUG - src.services.file_parser - Created rule: Union of Triumph personal revvard -> Union of Triumph personal reward (category: source)
2025-03-18 20:02:40.325 - DEBUG - src.services.file_parser - Processing row 25: {'From': 'revvard', 'To': 'reward', 'Category': 'general'}
2025-03-18 20:02:40.325 - DEBUG - src.services.file_parser - Created rule: revvard -> reward (category: general)
2025-03-18 20:02:40.325 - DEBUG - src.services.file_parser - Processing row 26: {'From': 'sguad', 'To': 'squad', 'Category': 'general'}
2025-03-18 20:02:40.325 - DEBUG - src.services.file_parser - Created rule: sguad -> squad (category: general)
2025-03-18 20:02:40.325 - DEBUG - src.services.file_parser - Processing row 27: {'From': 'Vvealth', 'To': 'Wealth', 'Category': 'general'}
2025-03-18 20:02:40.325 - DEBUG - src.services.file_parser - Created rule: Vvealth -> Wealth (category: general)
2025-03-18 20:02:40.325 - DEBUG - src.services.file_parser - Processing row 28: {'From': 'VVealth', 'To': 'Wealth', 'Category': 'general'}
2025-03-18 20:02:40.325 - DEBUG - src.services.file_parser - Created rule: VVealth -> Wealth (category: general)
2025-03-18 20:02:40.325 - DEBUG - src.services.file_parser - Processing row 29: {'From': 'Julius Casar', 'To': 'Julius Cäsar', 'Category': 'player'}
2025-03-18 20:02:40.325 - DEBUG - src.services.file_parser - Created rule: Julius Casar -> Julius Cäsar (category: player)
2025-03-18 20:02:40.325 - DEBUG - src.services.file_parser - Processing row 30: {'From': 'Juslius C䳡r', 'To': 'Julius Cäsar', 'Category': 'player'}
2025-03-18 20:02:40.325 - DEBUG - src.services.file_parser - Created rule: Juslius C䳡r -> Julius Cäsar (category: player)
2025-03-18 20:02:40.326 - DEBUG - src.services.file_parser - Processing row 31: {'From': 'Juslius Cäsar', 'To': 'Julius Cäsar', 'Category': 'player'}
2025-03-18 20:02:40.326 - DEBUG - src.services.file_parser - Created rule: Juslius Cäsar -> Julius Cäsar (category: player)
2025-03-18 20:02:40.326 - DEBUG - src.services.file_parser - Processing row 32: {'From': 'Ancients"', 'To': "Ancients'", 'Category': 'general'}
2025-03-18 20:02:40.326 - DEBUG - src.services.file_parser - Created rule: Ancients" -> Ancients' (category: general)
2025-03-18 20:02:40.326 - DEBUG - src.services.file_parser - Processing row 33: {'From': 'Quick March Chest Chest', 'To': 'Quick March Chest', 'Category': 'chest'}
2025-03-18 20:02:40.326 - DEBUG - src.services.file_parser - Created rule: Quick March Chest Chest -> Quick March Chest (category: chest)
2025-03-18 20:02:40.326 - DEBUG - src.services.file_parser - Processing row 34: {'From': 'Union of Triumf personal reward', 'To': 'Union of Triumph personal reward', 'Category': 'general'}
2025-03-18 20:02:40.327 - DEBUG - src.services.file_parser - Created rule: Union of Triumf personal reward -> Union of Triumph personal reward (category: general)
2025-03-18 20:02:40.327 - DEBUG - src.services.file_parser - Processing row 35: {'From': 'Triumf', 'To': 'Triumph', 'Category': 'general'}
2025-03-18 20:02:40.327 - DEBUG - src.services.file_parser - Created rule: Triumf -> Triumph (category: general)
2025-03-18 20:02:40.327 - DEBUG - src.services.file_parser - Processing row 36: {'From': 'Triumfp', 'To': 'Triumph', 'Category': 'general'}
2025-03-18 20:02:40.327 - DEBUG - src.services.file_parser - Created rule: Triumfp -> Triumph (category: general)
2025-03-18 20:02:40.327 - DEBUG - src.services.file_parser - Processing row 37: {'From': 'JÃªrmungandr', 'To': 'Jormungandr', 'Category': 'general'}
2025-03-18 20:02:40.327 - DEBUG - src.services.file_parser - Created rule: JÃªrmungandr -> Jormungandr (category: general)
2025-03-18 20:02:40.328 - DEBUG - src.services.file_parser - Processing row 38: {'From': 'Jêrmungandr', 'To': 'Jormungandr', 'Category': 'general'}
2025-03-18 20:02:40.328 - DEBUG - src.services.file_parser - Created rule: Jêrmungandr -> Jormungandr (category: general)
2025-03-18 20:02:40.328 - DEBUG - src.services.file_parser - Processing row 39: {'From': 'J㪲mungandr', 'To': 'Jormungandr', 'Category': 'general'}
2025-03-18 20:02:40.328 - DEBUG - src.services.file_parser - Created rule: J㪲mungandr -> Jormungandr (category: general)
2025-03-18 20:02:40.328 - DEBUG - src.services.file_parser - Processing row 40: {'From': 'JÃ²rmungandr', 'To': 'Jormungandr', 'Category': 'general'}
2025-03-18 20:02:40.328 - DEBUG - src.services.file_parser - Created rule: JÃ²rmungandr -> Jormungandr (category: general)
2025-03-18 20:02:40.328 - DEBUG - src.services.file_parser - Processing row 41: {'From': "Jòrmungandr's", 'To': "Jormungandr's", 'Category': 'general'}
2025-03-18 20:02:40.328 - DEBUG - src.services.file_parser - Created rule: Jòrmungandr's -> Jormungandr's (category: general)
2025-03-18 20:02:40.329 - DEBUG - src.services.file_parser - Processing row 42: {'From': "JÃ²rmungandr's", 'To': "Jormungandr's", 'Category': 'general'}
2025-03-18 20:02:40.329 - DEBUG - src.services.file_parser - Created rule: JÃ²rmungandr's -> Jormungandr's (category: general)
2025-03-18 20:02:40.329 - DEBUG - src.services.file_parser - Processing row 43: {'From': 'JÃ²rmungandr Shop', 'To': 'Jormungandr Shop', 'Category': 'source'}
2025-03-18 20:02:40.329 - DEBUG - src.services.file_parser - Created rule: JÃ²rmungandr Shop -> Jormungandr Shop (category: source)
2025-03-18 20:02:40.329 - DEBUG - src.services.file_parser - Processing row 44: {'From': 'Jòrmungandr Shop', 'To': 'Jormungandr Shop', 'Category': 'source'}
2025-03-18 20:02:40.329 - DEBUG - src.services.file_parser - Created rule: Jòrmungandr Shop -> Jormungandr Shop (category: source)
2025-03-18 20:02:40.329 - DEBUG - src.services.file_parser - Processing row 45: {'From': "Jòrmungandr's Chest", 'To': "Jormungandr's Chest", 'Category': 'chest'}
2025-03-18 20:02:40.329 - DEBUG - src.services.file_parser - Created rule: Jòrmungandr's Chest -> Jormungandr's Chest (category: chest)
2025-03-18 20:02:40.330 - DEBUG - src.services.file_parser - Processing row 46: {'From': 'Epic Jêrmungandr sguad', 'To': 'Epic Jormungandr squad', 'Category': 'source'}
2025-03-18 20:02:40.330 - DEBUG - src.services.file_parser - Created rule: Epic Jêrmungandr sguad -> Epic Jormungandr squad (category: source)
2025-03-18 20:02:40.330 - INFO - src.services.file_parser - Successfully parsed 45 rules from CSV
2025-03-18 20:02:40.330 - INFO - src.services.file_parser - Successfully parsed 45 rules from D:\Projekte\CorrectionTool\data\corrections\standard_corrections.csv
2025-03-18 20:02:40.330 - INFO - src.ui.dashboard - Loading correction file: [CorrectionRule(from_text='Маһоп12', to_text='D4rkBlizZ4rD', rule_type='exact', priority=0, category='player', disabled=False), CorrectionRule(from_text='АЙ', to_text='D4rkBlizZ4rD', rule_type='exact', priority=0, category='player', disabled=False), CorrectionRule(from_text='Fenrir"s Chest', to_text="Fenrir's Chest", rule_type='exact', priority=0, category='chest', disabled=False), CorrectionRule(from_text='Hermes" Store', to_text="Hermes' Store", rule_type='exact', priority=0, category='source', disabled=False), CorrectionRule(from_text='VVarrior"s Chest"', to_text="Warrior's Chest", rule_type='exact', priority=0, category='chest', disabled=False), CorrectionRule(from_text='Clan vvealth', to_text='Clan wealth', rule_type='exact', priority=0, category='source', disabled=False), CorrectionRule(from_text='OsmanliTorunu', to_text='OsmanlıTorunu', rule_type='exact', priority=0, category='player', disabled=False), CorrectionRule(from_text='Epic Ancient sguad', to_text='Epic Ancient squad', rule_type='exact', priority=0, category='source', disabled=False), CorrectionRule(from_text='Snovvvveaver', to_text='Snowweaver', rule_type='exact', priority=0, category='player', disabled=False), CorrectionRule(from_text='Krimelmonster', to_text='Krümelmonster', rule_type='exact', priority=0, category='player', disabled=False), CorrectionRule(from_text='GUARDIENOfTHUNDER', to_text='GUARDIENofTHUNDER', rule_type='exact', priority=0, category='player', disabled=False), CorrectionRule(from_text='Rare Chest of VVealth', to_text='Rare Chest of Wealth', rule_type='exact', priority=0, category='chest', disabled=False), CorrectionRule(from_text='Epic Chest of Vvealth', to_text='Epic Chest of Wealth', rule_type='exact', priority=0, category='chest', disabled=False), CorrectionRule(from_text='Sir Nightvvoolf', to_text='Sir Nightwoolf', rule_type='exact', priority=0, category='player', disabled=False), CorrectionRule(from_text='Hammerschlagi', to_text='Hammerschlag1', rule_type='exact', priority=0, category='player', disabled=False), CorrectionRule(from_text='Feldjager', to_text='Feldjäger', rule_type='exact', priority=0, category='player', disabled=False), CorrectionRule(from_text='Feldj䧥r', to_text='Feldjäger', rule_type='exact', priority=0, category='player', disabled=False), CorrectionRule(from_text='Lord Ore', to_text='Lord Öre', rule_type='exact', priority=0, category='player', disabled=False), CorrectionRule(from_text='Lord ֲe', to_text='Lord Öre', rule_type='exact', priority=0, category='player', disabled=False), CorrectionRule(from_text='Epic Fenrir sguad', to_text='Epic Fenrir squad', rule_type='exact', priority=0, category='source', disabled=False), CorrectionRule(from_text='Ouick March Chest', to_text='Quick March Chest', rule_type='exact', priority=0, category='chest', disabled=False), CorrectionRule(from_text='Epic Fenrir sguad', to_text='Epic Fenrir squad', rule_type='exact', priority=0, category='source', disabled=False), CorrectionRule(from_text='Union of Triumph personal revvard', to_text='Union of Triumph personal reward', rule_type='exact', priority=0, category='source', disabled=False), CorrectionRule(from_text='revvard', to_text='reward', rule_type='exact', priority=0, category='general', disabled=False), CorrectionRule(from_text='sguad', to_text='squad', rule_type='exact', priority=0, category='general', disabled=False), CorrectionRule(from_text='Vvealth', to_text='Wealth', rule_type='exact', priority=0, category='general', disabled=False), CorrectionRule(from_text='VVealth', to_text='Wealth', rule_type='exact', priority=0, category='general', disabled=False), CorrectionRule(from_text='Julius Casar', to_text='Julius Cäsar', rule_type='exact', priority=0, category='player', disabled=False), CorrectionRule(from_text='Juslius C䳡r', to_text='Julius Cäsar', rule_type='exact', priority=0, category='player', disabled=False), CorrectionRule(from_text='Juslius Cäsar', to_text='Julius Cäsar', rule_type='exact', priority=0, category='player', disabled=False), CorrectionRule(from_text='Ancients"', to_text="Ancients'", rule_type='exact', priority=0, category='general', disabled=False), CorrectionRule(from_text='Quick March Chest Chest', to_text='Quick March Chest', rule_type='exact', priority=0, category='chest', disabled=False), CorrectionRule(from_text='Union of Triumf personal reward', to_text='Union of Triumph personal reward', rule_type='exact', priority=0, category='general', disabled=False), CorrectionRule(from_text='Triumf', to_text='Triumph', rule_type='exact', priority=0, category='general', disabled=False), CorrectionRule(from_text='Triumfp', to_text='Triumph', rule_type='exact', priority=0, category='general', disabled=False), CorrectionRule(from_text='JÃªrmungandr', to_text='Jormungandr', rule_type='exact', priority=0, category='general', disabled=False), CorrectionRule(from_text='Jêrmungandr', to_text='Jormungandr', rule_type='exact', priority=0, category='general', disabled=False), CorrectionRule(from_text='J㪲mungandr', to_text='Jormungandr', rule_type='exact', priority=0, category='general', disabled=False), CorrectionRule(from_text='JÃ²rmungandr', to_text='Jormungandr', rule_type='exact', priority=0, category='general', disabled=False), CorrectionRule(from_text="Jòrmungandr's", to_text="Jormungandr's", rule_type='exact', priority=0, category='general', disabled=False), CorrectionRule(from_text="JÃ²rmungandr's", to_text="Jormungandr's", rule_type='exact', priority=0, category='general', disabled=False), CorrectionRule(from_text='JÃ²rmungandr Shop', to_text='Jormungandr Shop', rule_type='exact', priority=0, category='source', disabled=False), CorrectionRule(from_text='Jòrmungandr Shop', to_text='Jormungandr Shop', rule_type='exact', priority=0, category='source', disabled=False), CorrectionRule(from_text="Jòrmungandr's Chest", to_text="Jormungandr's Chest", rule_type='exact', priority=0, category='chest', disabled=False), CorrectionRule(from_text='Epic Jêrmungandr sguad', to_text='Epic Jormungandr squad', rule_type='exact', priority=0, category='source', disabled=False)]
2025-03-18 20:02:40.332 - ERROR - src.ui.dashboard - Error loading correction file: argument should be a str or an os.PathLike object where __fspath__ returns a str, not 'list'
2025-03-18 20:02:40.333 - DEBUG - src.ui.dashboard - Traceback (most recent call last):
  File "D:\Projekte\CorrectionTool\src\ui\dashboard.py", line 384, in _on_load_correction_file
    rules = parser.parse_correction_file(file_path)
            ^^^^^^^^^^^^^^^^^^^^^^^^^^^^^^^^^^^^^^^
  File "D:\Projekte\CorrectionTool\src\services\file_parser.py", line 110, in parse_correction_file
    file_path = Path(file_path)
                ^^^^^^^^^^^^^^^
  File "C:\Users\schrd\AppData\Roaming\uv\python\cpython-3.12.9-windows-x86_64-none\Lib\pathlib.py", line 1162, in __init__
    super().__init__(*args)
  File "C:\Users\schrd\AppData\Roaming\uv\python\cpython-3.12.9-windows-x86_64-none\Lib\pathlib.py", line 373, in __init__
    raise TypeError(
TypeError: argument should be a str or an os.PathLike object where __fspath__ returns a str, not 'list'

2025-03-18 20:02:40.333 - CRITICAL - root - Unhandled exception
Traceback (most recent call last):
  File "D:\Projekte\CorrectionTool\src\ui\dashboard.py", line 384, in _on_load_correction_file
    rules = parser.parse_correction_file(file_path)
            ^^^^^^^^^^^^^^^^^^^^^^^^^^^^^^^^^^^^^^^
  File "D:\Projekte\CorrectionTool\src\services\file_parser.py", line 110, in parse_correction_file
    file_path = Path(file_path)
                ^^^^^^^^^^^^^^^
  File "C:\Users\schrd\AppData\Roaming\uv\python\cpython-3.12.9-windows-x86_64-none\Lib\pathlib.py", line 1162, in __init__
    super().__init__(*args)
  File "C:\Users\schrd\AppData\Roaming\uv\python\cpython-3.12.9-windows-x86_64-none\Lib\pathlib.py", line 373, in __init__
    raise TypeError(
TypeError: argument should be a str or an os.PathLike object where __fspath__ returns a str, not 'list'

During handling of the above exception, another exception occurred:

Traceback (most recent call last):
  File "D:\Projekte\CorrectionTool\src\ui\dashboard.py", line 426, in _on_load_correction_file
    self.status_bar.showMessage(f"Error loading correction file: {str(e)}")
    ^^^^^^^^^^^^^^^
AttributeError: 'Dashboard' object has no attribute 'status_bar'. Did you mean: '_status_bar'?
2025-03-18 20:02:40.338 - CRITICAL - root - Unhandled exception
Traceback (most recent call last):
  File "D:\Projekte\CorrectionTool\src\ui\dashboard.py", line 814, in _on_corrections_applied
    self._logger.info(
    ^^^^^^^^^^^^
AttributeError: 'Dashboard' object has no attribute '_logger'. Did you mean: 'logger'?

During handling of the above exception, another exception occurred:

Traceback (most recent call last):
  File "D:\Projekte\CorrectionTool\src\ui\dashboard.py", line 848, in _on_corrections_applied
    self._logger.error(f"Error in _on_corrections_applied: {str(e)}")
    ^^^^^^^^^^^^
AttributeError: 'Dashboard' object has no attribute '_logger'. Did you mean: 'logger'?
2025-03-18 20:02:51.006 - INFO - src.ui.validation_list_widget - Importing player list from D:/Projekte/CorrectionTool/data/validation/players.txt
2025-03-18 20:02:51.006 - INFO - src.models.validation_list - Loading validation list from: D:/Projekte/CorrectionTool/data/validation/players.txt
2025-03-18 20:02:51.007 - INFO - src.models.validation_list - Loaded 94 entries from text file. First few entries: ['Alarich', 'Alexa Elly', 'Alf', 'Alisea', 'Anararad']
2025-03-18 20:02:51.787 - INFO - src.ui.validation_list_widget - Saving file path to config: D:/Projekte/CorrectionTool/data/validation/players.txt
2025-03-18 20:02:51.787 - INFO - src.ui.validation_list_widget - Saved paths in config - General: D:\Projekte\CorrectionTool\data\validation, Validation: D:/Projekte/CorrectionTool/data/validation/players.txt
2025-03-18 20:02:51.788 - INFO - src.ui.validation_list_widget - Emitting list_updated for Players with 94 items
2025-03-18 20:02:51.788 - INFO - src.services.data_manager - Setting 1 validation lists in DataManager
2025-03-18 20:02:51.788 - INFO - src.services.data_manager - Emitting validation_lists_changed signal with 1 lists
2025-03-18 20:02:51.789 - INFO - src.ui.correction_manager_panel - CorrectionManagerPanel.set_validation_lists called with 1 lists
2025-03-18 20:02:51.789 - INFO - src.ui.correction_manager_panel - Setting player validation list with 94 items
2025-03-18 20:02:51.789 - INFO - src.ui.correction_manager_panel - Switching to validation lists tab
2025-03-18 20:02:51.789 - INFO - src.ui.correction_manager_panel - Setting player list in widget
2025-03-18 20:02:51.789 - INFO - src.ui.validation_list_widget - ValidationListWidget.set_list called for Players with 94 items
2025-03-18 20:02:51.789 - INFO - src.ui.validation_list_widget - Widget is visible: True
2025-03-18 20:02:51.790 - WARNING - src.ui.validation_list_widget - Skipping set_list for Players due to signal loop prevention
2025-03-18 20:02:51.790 - INFO - src.ui.correction_manager_panel - Updating validation lists tab text: Validation Lists (Players: 94)
2025-03-18 20:02:51.790 - INFO - src.ui.correction_manager_panel - Emitting validation_lists_updated signal with 1 lists
2025-03-18 20:02:51.790 - WARNING - src.services.data_manager - Signal loop detected in set_validation_lists, skipping
2025-03-18 20:02:51.790 - INFO - root - ReportsPanel: Received 1 validation lists
2025-03-18 20:02:51.790 - INFO - root - ReportsPanel: Validation lists updated
2025-03-18 20:02:52.281 - INFO - src.ui.correction_manager_panel - Performing delayed refresh with 1 lists
2025-03-18 20:02:52.282 - INFO - src.ui.correction_manager_panel - Widget is now visible: True
2025-03-18 20:02:52.282 - INFO - src.ui.correction_manager_panel - Current widget stack index: -1
2025-03-18 20:02:52.282 - INFO - src.ui.validation_list_widget - ValidationListWidget.set_list called for Players with 94 items
2025-03-18 20:02:52.282 - INFO - src.ui.validation_list_widget - Widget is visible: True
2025-03-18 20:02:52.282 - INFO - src.ui.validation_list_widget - Validation list has file path: D:/Projekte/CorrectionTool/data/validation/players.txt
2025-03-18 20:02:52.283 - INFO - src.ui.validation_list_widget - Setting validation list in model for Players
2025-03-18 20:02:52.284 - INFO - src.ui.validation_list_widget - Model now has 94 rows
2025-03-18 20:02:52.284 - INFO - src.ui.validation_list_widget - Saving file path to config: D:/Projekte/CorrectionTool/data/validation/players.txt
2025-03-18 20:02:52.284 - INFO - src.ui.validation_list_widget - Saved paths in config - General: D:/Projekte/CorrectionTool/data/validation/players.txt, Validation: D:/Projekte/CorrectionTool/data/validation/players.txt
2025-03-18 20:02:52.285 - ERROR - src.ui.correction_manager_panel - Error in delayed refresh: 'chest_type'
2025-03-18 20:02:52.286 - ERROR - src.ui.correction_manager_panel - Traceback (most recent call last):
  File "D:\Projekte\CorrectionTool\src\ui\correction_manager_panel.py", line 831, in _delayed_refresh_validation_lists
    self._chest_type_list_widget.set_list(lists["chest_type"])
                                          ~~~~~^^^^^^^^^^^^^^
KeyError: 'chest_type'

2025-03-18 20:02:52.784 - INFO - src.ui.validation_list_widget - Performing delayed refresh for Players
2025-03-18 20:02:52.784 - INFO - src.ui.validation_list_widget - Widget is visible: True
2025-03-18 20:02:52.784 - INFO - src.ui.validation_list_widget - Model shows 94 rows after refresh
2025-03-18 20:02:52.784 - INFO - src.ui.validation_list_widget - Validation list has 94 items
2025-03-18 20:02:52.785 - INFO - src.ui.validation_list_widget - File path: D:/Projekte/CorrectionTool/data/validation/players.txt
2025-03-18 20:02:55.450 - INFO - src.ui.correction_manager_panel - Importing correction rules
2025-03-18 20:02:55.450 - INFO - src.ui.correction_rules_table - Starting import_rules process
2025-03-18 20:02:57.453 - INFO - src.services.file_parser - Parsing correction file: D:\Projekte\CorrectionTool\data\corrections\standard_corrections.csv
2025-03-18 20:02:57.453 - INFO - src.services.file_parser - Parsing CSV file: D:\Projekte\CorrectionTool\data\corrections\standard_corrections.csv
2025-03-18 20:02:57.454 - INFO - src.services.file_parser - Attempting to parse CSV with encoding: utf-8
2025-03-18 20:02:57.454 - DEBUG - src.services.file_parser - Delimiter ';' gives 1 columns
2025-03-18 20:02:57.454 - DEBUG - src.services.file_parser - Delimiter ',' gives 3 columns
2025-03-18 20:02:57.454 - DEBUG - src.services.file_parser - Delimiter '	' gives 1 columns
2025-03-18 20:02:57.454 - INFO - src.services.file_parser - Using delimiter: ',' with 3 columns
2025-03-18 20:02:57.454 - INFO - src.services.file_parser - CSV headers: ['From', 'To', 'Category']
2025-03-18 20:02:57.454 - INFO - src.services.file_parser - Found required headers (case-insensitive)
2025-03-18 20:02:57.455 - DEBUG - src.services.file_parser - Processing row 2: {'From': 'Маһоп12', 'To': 'D4rkBlizZ4rD', 'Category': 'player'}
2025-03-18 20:02:57.455 - DEBUG - src.services.file_parser - Created rule: Маһоп12 -> D4rkBlizZ4rD (category: player)
2025-03-18 20:02:57.455 - DEBUG - src.services.file_parser - Processing row 3: {'From': 'АЙ', 'To': 'D4rkBlizZ4rD', 'Category': 'player'}
2025-03-18 20:02:57.455 - DEBUG - src.services.file_parser - Created rule: АЙ -> D4rkBlizZ4rD (category: player)
2025-03-18 20:02:57.455 - DEBUG - src.services.file_parser - Processing row 4: {'From': 'Fenrir"s Chest', 'To': "Fenrir's Chest", 'Category': 'chest'}
2025-03-18 20:02:57.455 - DEBUG - src.services.file_parser - Created rule: Fenrir"s Chest -> Fenrir's Chest (category: chest)
2025-03-18 20:02:57.455 - DEBUG - src.services.file_parser - Processing row 5: {'From': 'Hermes" Store', 'To': "Hermes' Store", 'Category': 'source'}
2025-03-18 20:02:57.455 - DEBUG - src.services.file_parser - Created rule: Hermes" Store -> Hermes' Store (category: source)
2025-03-18 20:02:57.455 - DEBUG - src.services.file_parser - Processing row 6: {'From': 'VVarrior"s Chest"', 'To': "Warrior's Chest", 'Category': 'chest'}
2025-03-18 20:02:57.455 - DEBUG - src.services.file_parser - Created rule: VVarrior"s Chest" -> Warrior's Chest (category: chest)
2025-03-18 20:02:57.455 - DEBUG - src.services.file_parser - Processing row 7: {'From': 'Clan vvealth', 'To': 'Clan wealth', 'Category': 'source'}
2025-03-18 20:02:57.455 - DEBUG - src.services.file_parser - Created rule: Clan vvealth -> Clan wealth (category: source)
2025-03-18 20:02:57.456 - DEBUG - src.services.file_parser - Processing row 8: {'From': 'OsmanliTorunu', 'To': 'OsmanlıTorunu', 'Category': 'player'}
2025-03-18 20:02:57.456 - DEBUG - src.services.file_parser - Created rule: OsmanliTorunu -> OsmanlıTorunu (category: player)
2025-03-18 20:02:57.456 - DEBUG - src.services.file_parser - Processing row 9: {'From': 'Epic Ancient sguad', 'To': 'Epic Ancient squad', 'Category': 'source'}
2025-03-18 20:02:57.456 - DEBUG - src.services.file_parser - Created rule: Epic Ancient sguad -> Epic Ancient squad (category: source)
2025-03-18 20:02:57.456 - DEBUG - src.services.file_parser - Processing row 10: {'From': 'Snovvvveaver', 'To': 'Snowweaver', 'Category': 'player'}
2025-03-18 20:02:57.456 - DEBUG - src.services.file_parser - Created rule: Snovvvveaver -> Snowweaver (category: player)
2025-03-18 20:02:57.456 - DEBUG - src.services.file_parser - Processing row 11: {'From': 'Krimelmonster', 'To': 'Krümelmonster', 'Category': 'player'}
2025-03-18 20:02:57.456 - DEBUG - src.services.file_parser - Created rule: Krimelmonster -> Krümelmonster (category: player)
2025-03-18 20:02:57.457 - DEBUG - src.services.file_parser - Processing row 12: {'From': 'GUARDIENOfTHUNDER', 'To': 'GUARDIENofTHUNDER', 'Category': 'player'}
2025-03-18 20:02:57.457 - DEBUG - src.services.file_parser - Created rule: GUARDIENOfTHUNDER -> GUARDIENofTHUNDER (category: player)
2025-03-18 20:02:57.457 - DEBUG - src.services.file_parser - Processing row 13: {'From': 'Rare Chest of VVealth', 'To': 'Rare Chest of Wealth', 'Category': 'chest'}
2025-03-18 20:02:57.457 - DEBUG - src.services.file_parser - Created rule: Rare Chest of VVealth -> Rare Chest of Wealth (category: chest)
2025-03-18 20:02:57.457 - DEBUG - src.services.file_parser - Processing row 14: {'From': 'Epic Chest of Vvealth', 'To': 'Epic Chest of Wealth', 'Category': 'chest'}
2025-03-18 20:02:57.458 - DEBUG - src.services.file_parser - Created rule: Epic Chest of Vvealth -> Epic Chest of Wealth (category: chest)
2025-03-18 20:02:57.458 - DEBUG - src.services.file_parser - Processing row 15: {'From': 'Sir Nightvvoolf', 'To': 'Sir Nightwoolf', 'Category': 'player'}
2025-03-18 20:02:57.458 - DEBUG - src.services.file_parser - Created rule: Sir Nightvvoolf -> Sir Nightwoolf (category: player)
2025-03-18 20:02:57.458 - DEBUG - src.services.file_parser - Processing row 16: {'From': 'Hammerschlagi', 'To': 'Hammerschlag1', 'Category': 'player'}
2025-03-18 20:02:57.458 - DEBUG - src.services.file_parser - Created rule: Hammerschlagi -> Hammerschlag1 (category: player)
2025-03-18 20:02:57.459 - DEBUG - src.services.file_parser - Processing row 17: {'From': 'Feldjager', 'To': 'Feldjäger', 'Category': 'player'}
2025-03-18 20:02:57.459 - DEBUG - src.services.file_parser - Created rule: Feldjager -> Feldjäger (category: player)
2025-03-18 20:02:57.459 - DEBUG - src.services.file_parser - Processing row 18: {'From': 'Feldj䧥r', 'To': 'Feldjäger', 'Category': 'player'}
2025-03-18 20:02:57.459 - DEBUG - src.services.file_parser - Created rule: Feldj䧥r -> Feldjäger (category: player)
2025-03-18 20:02:57.459 - DEBUG - src.services.file_parser - Processing row 19: {'From': 'Lord Ore', 'To': 'Lord Öre', 'Category': 'player'}
2025-03-18 20:02:57.460 - DEBUG - src.services.file_parser - Created rule: Lord Ore -> Lord Öre (category: player)
2025-03-18 20:02:57.460 - DEBUG - src.services.file_parser - Processing row 20: {'From': 'Lord ֲe', 'To': 'Lord Öre', 'Category': 'player'}
2025-03-18 20:02:57.460 - DEBUG - src.services.file_parser - Created rule: Lord ֲe -> Lord Öre (category: player)
2025-03-18 20:02:57.460 - DEBUG - src.services.file_parser - Processing row 21: {'From': 'Epic Fenrir sguad', 'To': 'Epic Fenrir squad', 'Category': 'source'}
2025-03-18 20:02:57.460 - DEBUG - src.services.file_parser - Created rule: Epic Fenrir sguad -> Epic Fenrir squad (category: source)
2025-03-18 20:02:57.460 - DEBUG - src.services.file_parser - Processing row 22: {'From': 'Ouick March Chest', 'To': 'Quick March Chest', 'Category': 'chest'}
2025-03-18 20:02:57.461 - DEBUG - src.services.file_parser - Created rule: Ouick March Chest -> Quick March Chest (category: chest)
2025-03-18 20:02:57.461 - DEBUG - src.services.file_parser - Processing row 23: {'From': 'Epic Fenrir sguad', 'To': 'Epic Fenrir squad', 'Category': 'source'}
2025-03-18 20:02:57.461 - DEBUG - src.services.file_parser - Created rule: Epic Fenrir sguad -> Epic Fenrir squad (category: source)
2025-03-18 20:02:57.461 - DEBUG - src.services.file_parser - Processing row 24: {'From': 'Union of Triumph personal revvard', 'To': 'Union of Triumph personal reward', 'Category': 'source'}
2025-03-18 20:02:57.461 - DEBUG - src.services.file_parser - Created rule: Union of Triumph personal revvard -> Union of Triumph personal reward (category: source)
2025-03-18 20:02:57.461 - DEBUG - src.services.file_parser - Processing row 25: {'From': 'revvard', 'To': 'reward', 'Category': 'general'}
2025-03-18 20:02:57.461 - DEBUG - src.services.file_parser - Created rule: revvard -> reward (category: general)
2025-03-18 20:02:57.461 - DEBUG - src.services.file_parser - Processing row 26: {'From': 'sguad', 'To': 'squad', 'Category': 'general'}
2025-03-18 20:02:57.462 - DEBUG - src.services.file_parser - Created rule: sguad -> squad (category: general)
2025-03-18 20:02:57.462 - DEBUG - src.services.file_parser - Processing row 27: {'From': 'Vvealth', 'To': 'Wealth', 'Category': 'general'}
2025-03-18 20:02:57.462 - DEBUG - src.services.file_parser - Created rule: Vvealth -> Wealth (category: general)
2025-03-18 20:02:57.462 - DEBUG - src.services.file_parser - Processing row 28: {'From': 'VVealth', 'To': 'Wealth', 'Category': 'general'}
2025-03-18 20:02:57.462 - DEBUG - src.services.file_parser - Created rule: VVealth -> Wealth (category: general)
2025-03-18 20:02:57.462 - DEBUG - src.services.file_parser - Processing row 29: {'From': 'Julius Casar', 'To': 'Julius Cäsar', 'Category': 'player'}
2025-03-18 20:02:57.462 - DEBUG - src.services.file_parser - Created rule: Julius Casar -> Julius Cäsar (category: player)
2025-03-18 20:02:57.463 - DEBUG - src.services.file_parser - Processing row 30: {'From': 'Juslius C䳡r', 'To': 'Julius Cäsar', 'Category': 'player'}
2025-03-18 20:02:57.463 - DEBUG - src.services.file_parser - Created rule: Juslius C䳡r -> Julius Cäsar (category: player)
2025-03-18 20:02:57.463 - DEBUG - src.services.file_parser - Processing row 31: {'From': 'Juslius Cäsar', 'To': 'Julius Cäsar', 'Category': 'player'}
2025-03-18 20:02:57.463 - DEBUG - src.services.file_parser - Created rule: Juslius Cäsar -> Julius Cäsar (category: player)
2025-03-18 20:02:57.463 - DEBUG - src.services.file_parser - Processing row 32: {'From': 'Ancients"', 'To': "Ancients'", 'Category': 'general'}
2025-03-18 20:02:57.463 - DEBUG - src.services.file_parser - Created rule: Ancients" -> Ancients' (category: general)
2025-03-18 20:02:57.463 - DEBUG - src.services.file_parser - Processing row 33: {'From': 'Quick March Chest Chest', 'To': 'Quick March Chest', 'Category': 'chest'}
2025-03-18 20:02:57.464 - DEBUG - src.services.file_parser - Created rule: Quick March Chest Chest -> Quick March Chest (category: chest)
2025-03-18 20:02:57.464 - DEBUG - src.services.file_parser - Processing row 34: {'From': 'Union of Triumf personal reward', 'To': 'Union of Triumph personal reward', 'Category': 'general'}
2025-03-18 20:02:57.464 - DEBUG - src.services.file_parser - Created rule: Union of Triumf personal reward -> Union of Triumph personal reward (category: general)
2025-03-18 20:02:57.464 - DEBUG - src.services.file_parser - Processing row 35: {'From': 'Triumf', 'To': 'Triumph', 'Category': 'general'}
2025-03-18 20:02:57.464 - DEBUG - src.services.file_parser - Created rule: Triumf -> Triumph (category: general)
2025-03-18 20:02:57.464 - DEBUG - src.services.file_parser - Processing row 36: {'From': 'Triumfp', 'To': 'Triumph', 'Category': 'general'}
2025-03-18 20:02:57.464 - DEBUG - src.services.file_parser - Created rule: Triumfp -> Triumph (category: general)
2025-03-18 20:02:57.465 - DEBUG - src.services.file_parser - Processing row 37: {'From': 'JÃªrmungandr', 'To': 'Jormungandr', 'Category': 'general'}
2025-03-18 20:02:57.465 - DEBUG - src.services.file_parser - Created rule: JÃªrmungandr -> Jormungandr (category: general)
2025-03-18 20:02:57.465 - DEBUG - src.services.file_parser - Processing row 38: {'From': 'Jêrmungandr', 'To': 'Jormungandr', 'Category': 'general'}
2025-03-18 20:02:57.465 - DEBUG - src.services.file_parser - Created rule: Jêrmungandr -> Jormungandr (category: general)
2025-03-18 20:02:57.465 - DEBUG - src.services.file_parser - Processing row 39: {'From': 'J㪲mungandr', 'To': 'Jormungandr', 'Category': 'general'}
2025-03-18 20:02:57.465 - DEBUG - src.services.file_parser - Created rule: J㪲mungandr -> Jormungandr (category: general)
2025-03-18 20:02:57.465 - DEBUG - src.services.file_parser - Processing row 40: {'From': 'JÃ²rmungandr', 'To': 'Jormungandr', 'Category': 'general'}
2025-03-18 20:02:57.465 - DEBUG - src.services.file_parser - Created rule: JÃ²rmungandr -> Jormungandr (category: general)
2025-03-18 20:02:57.466 - DEBUG - src.services.file_parser - Processing row 41: {'From': "Jòrmungandr's", 'To': "Jormungandr's", 'Category': 'general'}
2025-03-18 20:02:57.466 - DEBUG - src.services.file_parser - Created rule: Jòrmungandr's -> Jormungandr's (category: general)
2025-03-18 20:02:57.466 - DEBUG - src.services.file_parser - Processing row 42: {'From': "JÃ²rmungandr's", 'To': "Jormungandr's", 'Category': 'general'}
2025-03-18 20:02:57.466 - DEBUG - src.services.file_parser - Created rule: JÃ²rmungandr's -> Jormungandr's (category: general)
2025-03-18 20:02:57.466 - DEBUG - src.services.file_parser - Processing row 43: {'From': 'JÃ²rmungandr Shop', 'To': 'Jormungandr Shop', 'Category': 'source'}
2025-03-18 20:02:57.466 - DEBUG - src.services.file_parser - Created rule: JÃ²rmungandr Shop -> Jormungandr Shop (category: source)
2025-03-18 20:02:57.466 - DEBUG - src.services.file_parser - Processing row 44: {'From': 'Jòrmungandr Shop', 'To': 'Jormungandr Shop', 'Category': 'source'}
2025-03-18 20:02:57.466 - DEBUG - src.services.file_parser - Created rule: Jòrmungandr Shop -> Jormungandr Shop (category: source)
2025-03-18 20:02:57.468 - DEBUG - src.services.file_parser - Processing row 45: {'From': "Jòrmungandr's Chest", 'To': "Jormungandr's Chest", 'Category': 'chest'}
2025-03-18 20:02:57.468 - DEBUG - src.services.file_parser - Created rule: Jòrmungandr's Chest -> Jormungandr's Chest (category: chest)
2025-03-18 20:02:57.468 - DEBUG - src.services.file_parser - Processing row 46: {'From': 'Epic Jêrmungandr sguad', 'To': 'Epic Jormungandr squad', 'Category': 'source'}
2025-03-18 20:02:57.468 - DEBUG - src.services.file_parser - Created rule: Epic Jêrmungandr sguad -> Epic Jormungandr squad (category: source)
2025-03-18 20:02:57.468 - INFO - src.services.file_parser - Successfully parsed 45 rules from CSV
2025-03-18 20:02:57.468 - INFO - src.services.file_parser - Successfully parsed 45 rules from D:\Projekte\CorrectionTool\data\corrections\standard_corrections.csv
2025-03-18 20:02:57.469 - INFO - src.ui.correction_manager_panel - CorrectionManagerPanel received file_path_changed: D:/Projekte/CorrectionTool/data/corrections/standard_corrections.csv
2025-03-18 20:02:58.646 - INFO - src.ui.correction_rules_table - Replacing 45 rules with 45 imported rules
2025-03-18 20:02:58.647 - INFO - src.ui.correction_rules_table - CorrectionRulesModel.set_rules called with 45 rules
2025-03-18 20:02:58.647 - DEBUG - src.ui.correction_rules_table - Layout changed
2025-03-18 20:02:58.663 - INFO - src.ui.correction_rules_table - Rule 0 after set: Маһоп12 -> D4rkBlizZ4rD (category: player)
2025-03-18 20:02:58.663 - INFO - src.ui.correction_rules_table - Rule 1 after set: АЙ -> D4rkBlizZ4rD (category: player)
2025-03-18 20:02:58.663 - INFO - src.ui.correction_rules_table - Rule 2 after set: Fenrir"s Chest -> Fenrir's Chest (category: chest)
2025-03-18 20:02:58.664 - INFO - src.ui.correction_rules_table - Rule 3 after set: Hermes" Store -> Hermes' Store (category: source)
2025-03-18 20:02:58.664 - INFO - src.ui.correction_rules_table - Rule 4 after set: VVarrior"s Chest" -> Warrior's Chest (category: chest)
2025-03-18 20:02:58.664 - INFO - src.ui.correction_rules_table - Forcing view update
2025-03-18 20:02:58.664 - INFO - src.ui.correction_rules_table - Resetting CorrectionRulesTable
2025-03-18 20:02:58.664 - DEBUG - src.ui.correction_rules_table - Reset throttled (too frequent), skipping
2025-03-18 20:02:59.597 - INFO - src.ui.correction_rules_table - Successfully imported 45 rules
2025-03-18 20:02:59.597 - INFO - src.ui.correction_manager_panel - Successfully imported 45 rules
2025-03-18 20:02:59.598 - INFO - src.ui.correction_manager_panel - Emitting correction_rules_updated signal with 45 rules
2025-03-18 20:02:59.598 - DEBUG - src.services.data_manager - Rules are unchanged, skipping
